This file contains any messages produced by compilers while
running configure, to aid debugging if configure makes a mistake.

It was created by configure, which was
generated by GNU Autoconf 2.68.  Invocation command line was

  $ ./configure --disable-option-checking --prefix=/usr/local --cache-file=/dev/null --srcdir=.

## --------- ##
## Platform. ##
## --------- ##

hostname = npawelczyk
uname -m = x86_64
uname -r = 13.0.0
uname -s = Darwin
uname -v = Darwin Kernel Version 13.0.0: Thu Sep 19 22:22:27 PDT 2013; root:xnu-2422.1.72~6/RELEASE_X86_64

/usr/bin/uname -p = i386
/bin/uname -X     = unknown

/bin/arch              = unknown
/usr/bin/arch -k       = unknown
/usr/convex/getsysinfo = unknown
/usr/bin/hostinfo      = Mach kernel version:
	 Darwin Kernel Version 13.0.0: Thu Sep 19 22:22:27 PDT 2013; root:xnu-2422.1.72~6/RELEASE_X86_64
Kernel configured for up to 4 processors.
2 processors are physically available.
4 processors are logically available.
Processor type: i486 (Intel 80486)
Processors active: 0 1 2 3
Primary memory available: 4.00 gigabytes
Default processor set: 189 tasks, 864 threads, 4 processors
Load average: 3.38, Mach factor: 0.87
/bin/machine           = unknown
/usr/bin/oslevel       = unknown
/bin/universe          = unknown

PATH: /usr/local/lib
PATH: /usr/local/include
PATH: /usr/local/bin
PATH: /usr/bin
PATH: /bin
PATH: /usr/sbin
PATH: /sbin
PATH: /usr/local/bin
PATH: /opt/X11/bin
PATH: /usr/local/git/bin


## ----------- ##
## Core tests. ##
## ----------- ##

configure:2341: checking build system type
configure:2355: result: x86_64-apple-darwin13.0.0
configure:2375: checking host system type
configure:2388: result: x86_64-apple-darwin13.0.0
configure:2479: checking for gcc
configure:2495: found /usr/bin/gcc
configure:2506: result: gcc
configure:2735: checking for C compiler version
configure:2744: gcc --version >&5
Apple LLVM version 5.0 (clang-500.2.79) (based on LLVM 3.3svn)
Target: x86_64-apple-darwin13.0.0
Thread model: posix
Configured with: --prefix=/Applications/Xcode.app/Contents/Developer/usr --with-gxx-include-dir=/usr/include/c++/4.2.1
configure:2755: $? = 0
configure:2744: gcc -v >&5
Configured with: --prefix=/Applications/Xcode.app/Contents/Developer/usr --with-gxx-include-dir=/usr/include/c++/4.2.1
Apple LLVM version 5.0 (clang-500.2.79) (based on LLVM 3.3svn)
Target: x86_64-apple-darwin13.0.0
Thread model: posix
configure:2755: $? = 0
configure:2744: gcc -V >&5
clang: error: argument to '-V' is missing (expected 1 value)
clang: error: no input files
configure:2755: $? = 1
configure:2744: gcc -qversion >&5
clang: error: no input files
configure:2755: $? = 1
configure:2775: checking whether the C compiler works
configure:2797: gcc    conftest.c  >&5
configure:2801: $? = 0
configure:2849: result: yes
configure:2852: checking for C compiler default output file name
configure:2854: result: a.out
configure:2860: checking for suffix of executables
configure:2867: gcc -o conftest    conftest.c  >&5
configure:2871: $? = 0
configure:2893: result: 
configure:2915: checking whether we are cross compiling
configure:2923: gcc -o conftest    conftest.c  >&5
configure:2927: $? = 0
configure:2934: ./conftest
configure:2938: $? = 0
configure:2953: result: no
configure:2958: checking for suffix of object files
configure:2980: gcc -c   conftest.c >&5
configure:2984: $? = 0
configure:3005: result: o
configure:3009: checking whether we are using the GNU C compiler
configure:3028: gcc -c   conftest.c >&5
configure:3028: $? = 0
configure:3037: result: yes
configure:3046: checking whether gcc accepts -g
configure:3066: gcc -c -g  conftest.c >&5
configure:3066: $? = 0
configure:3107: result: yes
configure:3124: checking for gcc option to accept ISO C89
configure:3188: gcc  -c -g -O2  conftest.c >&5
configure:3188: $? = 0
configure:3201: result: none needed
configure:3238: checking for a BSD-compatible install
configure:3306: result: /usr/bin/install -c
configure:3364: checking for strip
configure:3382: found /usr/bin/strip
configure:3394: result: /usr/bin/strip
configure:3424: checking how to run the C preprocessor
configure:3455: gcc -E  conftest.c
configure:3455: $? = 0
configure:3469: gcc -E  conftest.c
conftest.c:9:10: fatal error: 'ac_nonexistent.h' file not found
#include <ac_nonexistent.h>
         ^
1 error generated.
configure:3469: $? = 1
configure: failed program was:
| /* confdefs.h */
| #define PACKAGE_NAME ""
| #define PACKAGE_TARNAME ""
| #define PACKAGE_VERSION ""
| #define PACKAGE_STRING ""
| #define PACKAGE_BUGREPORT ""
| #define PACKAGE_URL ""
| /* end confdefs.h.  */
| #include <ac_nonexistent.h>
configure:3494: result: gcc -E
configure:3514: gcc -E  conftest.c
configure:3514: $? = 0
configure:3528: gcc -E  conftest.c
conftest.c:9:10: fatal error: 'ac_nonexistent.h' file not found
#include <ac_nonexistent.h>
         ^
1 error generated.
configure:3528: $? = 1
configure: failed program was:
| /* confdefs.h */
| #define PACKAGE_NAME ""
| #define PACKAGE_TARNAME ""
| #define PACKAGE_VERSION ""
| #define PACKAGE_STRING ""
| #define PACKAGE_BUGREPORT ""
| #define PACKAGE_URL ""
| /* end confdefs.h.  */
| #include <ac_nonexistent.h>
configure:3557: checking for grep that handles long lines and -e
configure:3615: result: /usr/bin/grep
configure:3620: checking for egrep
configure:3682: result: /usr/bin/grep -E
configure:3687: checking for ANSI C header files
configure:3707: gcc -c -g -O2 -Wall  conftest.c >&5
configure:3707: $? = 0
configure:3780: gcc -o conftest -g -O2 -Wall   conftest.c  >&5
configure:3780: $? = 0
configure:3780: ./conftest
configure:3780: $? = 0
configure:3791: result: yes
configure:3799: checking for sys/wait.h that is POSIX.1 compatible
configure:3825: gcc -c -g -O2 -Wall  conftest.c >&5
configure:3825: $? = 0
configure:3832: result: yes
configure:3845: checking for sys/types.h
configure:3845: gcc -c -g -O2 -Wall  conftest.c >&5
configure:3845: $? = 0
configure:3845: result: yes
configure:3845: checking for sys/stat.h
configure:3845: gcc -c -g -O2 -Wall  conftest.c >&5
configure:3845: $? = 0
configure:3845: result: yes
configure:3845: checking for stdlib.h
configure:3845: gcc -c -g -O2 -Wall  conftest.c >&5
configure:3845: $? = 0
configure:3845: result: yes
configure:3845: checking for string.h
configure:3845: gcc -c -g -O2 -Wall  conftest.c >&5
configure:3845: $? = 0
configure:3845: result: yes
configure:3845: checking for memory.h
configure:3845: gcc -c -g -O2 -Wall  conftest.c >&5
configure:3845: $? = 0
configure:3845: result: yes
configure:3845: checking for strings.h
configure:3845: gcc -c -g -O2 -Wall  conftest.c >&5
configure:3845: $? = 0
configure:3845: result: yes
configure:3845: checking for inttypes.h
configure:3845: gcc -c -g -O2 -Wall  conftest.c >&5
configure:3845: $? = 0
configure:3845: result: yes
configure:3845: checking for stdint.h
configure:3845: gcc -c -g -O2 -Wall  conftest.c >&5
configure:3845: $? = 0
configure:3845: result: yes
configure:3845: checking for unistd.h
configure:3845: gcc -c -g -O2 -Wall  conftest.c >&5
configure:3845: $? = 0
configure:3845: result: yes
configure:3860: checking fcntl.h usability
configure:3860: gcc -c -g -O2 -Wall  conftest.c >&5
configure:3860: $? = 0
configure:3860: result: yes
configure:3860: checking fcntl.h presence
configure:3860: gcc -E  conftest.c
configure:3860: $? = 0
configure:3860: result: yes
configure:3860: checking for fcntl.h
configure:3860: result: yes
configure:3860: checking limits.h usability
configure:3860: gcc -c -g -O2 -Wall  conftest.c >&5
configure:3860: $? = 0
configure:3860: result: yes
configure:3860: checking limits.h presence
configure:3860: gcc -E  conftest.c
configure:3860: $? = 0
configure:3860: result: yes
configure:3860: checking for limits.h
configure:3860: result: yes
configure:3860: checking netdb.h usability
configure:3860: gcc -c -g -O2 -Wall  conftest.c >&5
configure:3860: $? = 0
configure:3860: result: yes
configure:3860: checking netdb.h presence
configure:3860: gcc -E  conftest.c
configure:3860: $? = 0
configure:3860: result: yes
configure:3860: checking for netdb.h
configure:3860: result: yes
configure:3860: checking netinet/in.h usability
configure:3860: gcc -c -g -O2 -Wall  conftest.c >&5
configure:3860: $? = 0
configure:3860: result: yes
configure:3860: checking netinet/in.h presence
configure:3860: gcc -E  conftest.c
configure:3860: $? = 0
configure:3860: result: yes
configure:3860: checking for netinet/in.h
configure:3860: result: yes
configure:3860: checking for stdlib.h
configure:3860: result: yes
configure:3860: checking for string.h
configure:3860: result: yes
configure:3860: checking for strings.h
configure:3860: result: yes
configure:3860: checking sys/param.h usability
configure:3860: gcc -c -g -O2 -Wall  conftest.c >&5
configure:3860: $? = 0
configure:3860: result: yes
configure:3860: checking sys/param.h presence
configure:3860: gcc -E  conftest.c
configure:3860: $? = 0
configure:3860: result: yes
configure:3860: checking for sys/param.h
configure:3860: result: yes
configure:3860: checking sys/socket.h usability
configure:3860: gcc -c -g -O2 -Wall  conftest.c >&5
configure:3860: $? = 0
configure:3860: result: yes
configure:3860: checking sys/socket.h presence
configure:3860: gcc -E  conftest.c
configure:3860: $? = 0
configure:3860: result: yes
configure:3860: checking for sys/socket.h
configure:3860: result: yes
configure:3860: checking sys/time.h usability
configure:3860: gcc -c -g -O2 -Wall  conftest.c >&5
configure:3860: $? = 0
configure:3860: result: yes
configure:3860: checking sys/time.h presence
configure:3860: gcc -E  conftest.c
configure:3860: $? = 0
configure:3860: result: yes
configure:3860: checking for sys/time.h
configure:3860: result: yes
configure:3860: checking sys/timeb.h usability
configure:3860: gcc -c -g -O2 -Wall  conftest.c >&5
configure:3860: $? = 0
configure:3860: result: yes
configure:3860: checking sys/timeb.h presence
configure:3860: gcc -E  conftest.c
configure:3860: $? = 0
configure:3860: result: yes
configure:3860: checking for sys/timeb.h
configure:3860: result: yes
configure:3860: checking for unistd.h
configure:3860: result: yes
configure:3860: checking sys/un.h usability
configure:3860: gcc -c -g -O2 -Wall  conftest.c >&5
configure:3860: $? = 0
configure:3860: result: yes
configure:3860: checking sys/un.h presence
configure:3860: gcc -E  conftest.c
configure:3860: $? = 0
configure:3860: result: yes
configure:3860: checking for sys/un.h
configure:3860: result: yes
configure:3872: checking whether stat file-mode macros are broken
configure:3899: gcc -c -g -O2 -Wall  conftest.c >&5
configure:3899: $? = 0
configure:3906: result: no
configure:3914: checking for an ANSI C-conforming const
configure:3979: gcc -c -g -O2 -Wall  conftest.c >&5
conftest.c:78:18: warning: variable 'b' is uninitialized when used here [-Wuninitialized]
    struct s *b; b->j = 5;
                 ^
conftest.c:78:16: note: initialize the variable 'b' to silence this warning
    struct s *b; b->j = 5;
               ^
                = 0
conftest.c:62:6: warning: variable 't' is uninitialized when used here [-Wuninitialized]
    *t++ = 0;
     ^
conftest.c:59:12: note: initialize the variable 't' to silence this warning
    char *t;
           ^
            = 0
2 warnings generated.
configure:3979: $? = 0
configure:3986: result: yes
configure:3994: checking whether time.h and sys/time.h may both be included
configure:4014: gcc -c -g -O2 -Wall  conftest.c >&5
configure:4014: $? = 0
configure:4021: result: yes
configure:4031: checking for pid_t
configure:4031: gcc -c -g -O2 -Wall  conftest.c >&5
configure:4031: $? = 0
configure:4031: gcc -c -g -O2 -Wall  conftest.c >&5
conftest.c:70:20: error: expected expression
if (sizeof ((pid_t)))
                   ^
1 error generated.
configure:4031: $? = 1
configure: failed program was:
| /* confdefs.h */
| #define PACKAGE_NAME ""
| #define PACKAGE_TARNAME ""
| #define PACKAGE_VERSION ""
| #define PACKAGE_STRING ""
| #define PACKAGE_BUGREPORT ""
| #define PACKAGE_URL ""
| #define STDC_HEADERS 1
| #define HAVE_SYS_WAIT_H 1
| #define HAVE_SYS_TYPES_H 1
| #define HAVE_SYS_STAT_H 1
| #define HAVE_STDLIB_H 1
| #define HAVE_STRING_H 1
| #define HAVE_MEMORY_H 1
| #define HAVE_STRINGS_H 1
| #define HAVE_INTTYPES_H 1
| #define HAVE_STDINT_H 1
| #define HAVE_UNISTD_H 1
| #define HAVE_FCNTL_H 1
| #define HAVE_LIMITS_H 1
| #define HAVE_NETDB_H 1
| #define HAVE_NETINET_IN_H 1
| #define HAVE_STDLIB_H 1
| #define HAVE_STRING_H 1
| #define HAVE_STRINGS_H 1
| #define HAVE_SYS_PARAM_H 1
| #define HAVE_SYS_SOCKET_H 1
| #define HAVE_SYS_TIME_H 1
| #define HAVE_SYS_TIMEB_H 1
| #define HAVE_UNISTD_H 1
| #define HAVE_SYS_UN_H 1
| #define TIME_WITH_SYS_TIME 1
| /* end confdefs.h.  */
| #include <stdio.h>
| #ifdef HAVE_SYS_TYPES_H
| # include <sys/types.h>
| #endif
| #ifdef HAVE_SYS_STAT_H
| # include <sys/stat.h>
| #endif
| #ifdef STDC_HEADERS
| # include <stdlib.h>
| # include <stddef.h>
| #else
| # ifdef HAVE_STDLIB_H
| #  include <stdlib.h>
| # endif
| #endif
| #ifdef HAVE_STRING_H
| # if !defined STDC_HEADERS && defined HAVE_MEMORY_H
| #  include <memory.h>
| # endif
| # include <string.h>
| #endif
| #ifdef HAVE_STRINGS_H
| # include <strings.h>
| #endif
| #ifdef HAVE_INTTYPES_H
| # include <inttypes.h>
| #endif
| #ifdef HAVE_STDINT_H
| # include <stdint.h>
| #endif
| #ifdef HAVE_UNISTD_H
| # include <unistd.h>
| #endif
| int
| main ()
| {
| if (sizeof ((pid_t)))
| 	    return 0;
|   ;
|   return 0;
| }
configure:4031: result: yes
configure:4044: checking vfork.h usability
configure:4044: gcc -c -g -O2 -Wall  conftest.c >&5
conftest.c:67:10: fatal error: 'vfork.h' file not found
#include <vfork.h>
         ^
1 error generated.
configure:4044: $? = 1
configure: failed program was:
| /* confdefs.h */
| #define PACKAGE_NAME ""
| #define PACKAGE_TARNAME ""
| #define PACKAGE_VERSION ""
| #define PACKAGE_STRING ""
| #define PACKAGE_BUGREPORT ""
| #define PACKAGE_URL ""
| #define STDC_HEADERS 1
| #define HAVE_SYS_WAIT_H 1
| #define HAVE_SYS_TYPES_H 1
| #define HAVE_SYS_STAT_H 1
| #define HAVE_STDLIB_H 1
| #define HAVE_STRING_H 1
| #define HAVE_MEMORY_H 1
| #define HAVE_STRINGS_H 1
| #define HAVE_INTTYPES_H 1
| #define HAVE_STDINT_H 1
| #define HAVE_UNISTD_H 1
| #define HAVE_FCNTL_H 1
| #define HAVE_LIMITS_H 1
| #define HAVE_NETDB_H 1
| #define HAVE_NETINET_IN_H 1
| #define HAVE_STDLIB_H 1
| #define HAVE_STRING_H 1
| #define HAVE_STRINGS_H 1
| #define HAVE_SYS_PARAM_H 1
| #define HAVE_SYS_SOCKET_H 1
| #define HAVE_SYS_TIME_H 1
| #define HAVE_SYS_TIMEB_H 1
| #define HAVE_UNISTD_H 1
| #define HAVE_SYS_UN_H 1
| #define TIME_WITH_SYS_TIME 1
| /* end confdefs.h.  */
| #include <stdio.h>
| #ifdef HAVE_SYS_TYPES_H
| # include <sys/types.h>
| #endif
| #ifdef HAVE_SYS_STAT_H
| # include <sys/stat.h>
| #endif
| #ifdef STDC_HEADERS
| # include <stdlib.h>
| # include <stddef.h>
| #else
| # ifdef HAVE_STDLIB_H
| #  include <stdlib.h>
| # endif
| #endif
| #ifdef HAVE_STRING_H
| # if !defined STDC_HEADERS && defined HAVE_MEMORY_H
| #  include <memory.h>
| # endif
| # include <string.h>
| #endif
| #ifdef HAVE_STRINGS_H
| # include <strings.h>
| #endif
| #ifdef HAVE_INTTYPES_H
| # include <inttypes.h>
| #endif
| #ifdef HAVE_STDINT_H
| # include <stdint.h>
| #endif
| #ifdef HAVE_UNISTD_H
| # include <unistd.h>
| #endif
| #include <vfork.h>
configure:4044: result: no
configure:4044: checking vfork.h presence
configure:4044: gcc -E  conftest.c
conftest.c:34:10: fatal error: 'vfork.h' file not found
#include <vfork.h>
         ^
1 error generated.
configure:4044: $? = 1
configure: failed program was:
| /* confdefs.h */
| #define PACKAGE_NAME ""
| #define PACKAGE_TARNAME ""
| #define PACKAGE_VERSION ""
| #define PACKAGE_STRING ""
| #define PACKAGE_BUGREPORT ""
| #define PACKAGE_URL ""
| #define STDC_HEADERS 1
| #define HAVE_SYS_WAIT_H 1
| #define HAVE_SYS_TYPES_H 1
| #define HAVE_SYS_STAT_H 1
| #define HAVE_STDLIB_H 1
| #define HAVE_STRING_H 1
| #define HAVE_MEMORY_H 1
| #define HAVE_STRINGS_H 1
| #define HAVE_INTTYPES_H 1
| #define HAVE_STDINT_H 1
| #define HAVE_UNISTD_H 1
| #define HAVE_FCNTL_H 1
| #define HAVE_LIMITS_H 1
| #define HAVE_NETDB_H 1
| #define HAVE_NETINET_IN_H 1
| #define HAVE_STDLIB_H 1
| #define HAVE_STRING_H 1
| #define HAVE_STRINGS_H 1
| #define HAVE_SYS_PARAM_H 1
| #define HAVE_SYS_SOCKET_H 1
| #define HAVE_SYS_TIME_H 1
| #define HAVE_SYS_TIMEB_H 1
| #define HAVE_UNISTD_H 1
| #define HAVE_SYS_UN_H 1
| #define TIME_WITH_SYS_TIME 1
| /* end confdefs.h.  */
| #include <vfork.h>
configure:4044: result: no
configure:4044: checking for vfork.h
configure:4044: result: no
configure:4057: checking for fork
configure:4057: gcc -o conftest -g -O2 -Wall   conftest.c  >&5
configure:4057: $? = 0
configure:4057: result: yes
configure:4057: checking for vfork
configure:4057: gcc -o conftest -g -O2 -Wall   conftest.c  >&5
conftest.c:58:6: warning: incompatible redeclaration of library function 'vfork' [-Wincompatible-library-redeclaration]
char vfork ();
     ^
conftest.c:58:6: note: 'vfork' is a builtin with type 'int (void)'
1 warning generated.
configure:4057: $? = 0
configure:4057: result: yes
configure:4067: checking for working fork
configure:4089: gcc -o conftest -g -O2 -Wall   conftest.c  >&5
configure:4089: $? = 0
configure:4089: ./conftest
configure:4089: $? = 0
configure:4099: result: yes
configure:4120: checking for working vfork
configure:4230: result: yes
configure:4258: checking sys/select.h usability
configure:4258: gcc -c -g -O2 -Wall  conftest.c >&5
configure:4258: $? = 0
configure:4258: result: yes
configure:4258: checking sys/select.h presence
configure:4258: gcc -E  conftest.c
configure:4258: $? = 0
configure:4258: result: yes
configure:4258: checking for sys/select.h
configure:4258: result: yes
configure:4258: checking for sys/socket.h
configure:4258: result: yes
configure:4268: checking types of arguments for select
configure:4296: gcc -c -g -O2 -Wall  conftest.c >&5
configure:4296: $? = 0
configure:4307: result: int,fd_set *,struct timeval *
configure:4330: checking return type of signal handlers
configure:4348: gcc -c -g -O2 -Wall  conftest.c >&5
conftest.c:49:8: error: indirection requires pointer operand ('void' invalid)
return *(signal (0, 0)) (0) == 1;
       ^~~~~~~~~~~~~~~~~~~~
1 error generated.
configure:4348: $? = 1
configure: failed program was:
| /* confdefs.h */
| #define PACKAGE_NAME ""
| #define PACKAGE_TARNAME ""
| #define PACKAGE_VERSION ""
| #define PACKAGE_STRING ""
| #define PACKAGE_BUGREPORT ""
| #define PACKAGE_URL ""
| #define STDC_HEADERS 1
| #define HAVE_SYS_WAIT_H 1
| #define HAVE_SYS_TYPES_H 1
| #define HAVE_SYS_STAT_H 1
| #define HAVE_STDLIB_H 1
| #define HAVE_STRING_H 1
| #define HAVE_MEMORY_H 1
| #define HAVE_STRINGS_H 1
| #define HAVE_INTTYPES_H 1
| #define HAVE_STDINT_H 1
| #define HAVE_UNISTD_H 1
| #define HAVE_FCNTL_H 1
| #define HAVE_LIMITS_H 1
| #define HAVE_NETDB_H 1
| #define HAVE_NETINET_IN_H 1
| #define HAVE_STDLIB_H 1
| #define HAVE_STRING_H 1
| #define HAVE_STRINGS_H 1
| #define HAVE_SYS_PARAM_H 1
| #define HAVE_SYS_SOCKET_H 1
| #define HAVE_SYS_TIME_H 1
| #define HAVE_SYS_TIMEB_H 1
| #define HAVE_UNISTD_H 1
| #define HAVE_SYS_UN_H 1
| #define TIME_WITH_SYS_TIME 1
| #define HAVE_FORK 1
| #define HAVE_VFORK 1
| #define HAVE_WORKING_VFORK 1
| #define HAVE_WORKING_FORK 1
| #define HAVE_SYS_SELECT_H 1
| #define HAVE_SYS_SOCKET_H 1
| #define SELECT_TYPE_ARG1 int
| #define SELECT_TYPE_ARG234 (fd_set *)
| #define SELECT_TYPE_ARG5 (struct timeval *)
| /* end confdefs.h.  */
| #include <sys/types.h>
| #include <signal.h>
| 
| int
| main ()
| {
| return *(signal (0, 0)) (0) == 1;
|   ;
|   return 0;
| }
configure:4355: result: void
configure:4365: checking for vprintf
configure:4365: gcc -o conftest -g -O2 -Wall   conftest.c  >&5
conftest.c:67:6: warning: incompatible redeclaration of library function 'vprintf' [-Wincompatible-library-redeclaration]
char vprintf ();
     ^
conftest.c:67:6: note: 'vprintf' is a builtin with type 'int (const char *, __va_list_tag *)'
1 warning generated.
configure:4365: $? = 0
configure:4365: result: yes
configure:4371: checking for _doprnt
configure:4371: gcc -o conftest -g -O2 -Wall   conftest.c  >&5
Undefined symbols for architecture x86_64:
  "__doprnt", referenced from:
      _main in conftest-NCfC4z.o
ld: symbol(s) not found for architecture x86_64
clang: error: linker command failed with exit code 1 (use -v to see invocation)
configure:4371: $? = 1
configure: failed program was:
| /* confdefs.h */
| #define PACKAGE_NAME ""
| #define PACKAGE_TARNAME ""
| #define PACKAGE_VERSION ""
| #define PACKAGE_STRING ""
| #define PACKAGE_BUGREPORT ""
| #define PACKAGE_URL ""
| #define STDC_HEADERS 1
| #define HAVE_SYS_WAIT_H 1
| #define HAVE_SYS_TYPES_H 1
| #define HAVE_SYS_STAT_H 1
| #define HAVE_STDLIB_H 1
| #define HAVE_STRING_H 1
| #define HAVE_MEMORY_H 1
| #define HAVE_STRINGS_H 1
| #define HAVE_INTTYPES_H 1
| #define HAVE_STDINT_H 1
| #define HAVE_UNISTD_H 1
| #define HAVE_FCNTL_H 1
| #define HAVE_LIMITS_H 1
| #define HAVE_NETDB_H 1
| #define HAVE_NETINET_IN_H 1
| #define HAVE_STDLIB_H 1
| #define HAVE_STRING_H 1
| #define HAVE_STRINGS_H 1
| #define HAVE_SYS_PARAM_H 1
| #define HAVE_SYS_SOCKET_H 1
| #define HAVE_SYS_TIME_H 1
| #define HAVE_SYS_TIMEB_H 1
| #define HAVE_UNISTD_H 1
| #define HAVE_SYS_UN_H 1
| #define TIME_WITH_SYS_TIME 1
| #define HAVE_FORK 1
| #define HAVE_VFORK 1
| #define HAVE_WORKING_VFORK 1
| #define HAVE_WORKING_FORK 1
| #define HAVE_SYS_SELECT_H 1
| #define HAVE_SYS_SOCKET_H 1
| #define SELECT_TYPE_ARG1 int
| #define SELECT_TYPE_ARG234 (fd_set *)
| #define SELECT_TYPE_ARG5 (struct timeval *)
| #define RETSIGTYPE void
| #define HAVE_VPRINTF 1
| /* end confdefs.h.  */
| /* Define _doprnt to an innocuous variant, in case <limits.h> declares _doprnt.
|    For example, HP-UX 11i <limits.h> declares gettimeofday.  */
| #define _doprnt innocuous__doprnt
| 
| /* System header to define __stub macros and hopefully few prototypes,
|     which can conflict with char _doprnt (); below.
|     Prefer <limits.h> to <assert.h> if __STDC__ is defined, since
|     <limits.h> exists even on freestanding compilers.  */
| 
| #ifdef __STDC__
| # include <limits.h>
| #else
| # include <assert.h>
| #endif
| 
| #undef _doprnt
| 
| /* Override any GCC internal prototype to avoid an error.
|    Use char because int might match the return type of a GCC
|    builtin and then its argument prototype would still apply.  */
| #ifdef __cplusplus
| extern "C"
| #endif
| char _doprnt ();
| /* The GNU C library defines this for functions which it implements
|     to always fail with ENOSYS.  Some functions are actually named
|     something starting with __ and the normal name is an alias.  */
| #if defined __stub__doprnt || defined __stub____doprnt
| choke me
| #endif
| 
| int
| main ()
| {
| return _doprnt ();
|   ;
|   return 0;
| }
configure:4371: result: no
configure:4385: checking for dup2
configure:4385: gcc -o conftest -g -O2 -Wall   conftest.c  >&5
configure:4385: $? = 0
configure:4385: result: yes
configure:4385: checking for gettimeofday
configure:4385: gcc -o conftest -g -O2 -Wall   conftest.c  >&5
configure:4385: $? = 0
configure:4385: result: yes
configure:4385: checking for inet_ntoa
configure:4385: gcc -o conftest -g -O2 -Wall   conftest.c  >&5
configure:4385: $? = 0
configure:4385: result: yes
configure:4385: checking for memset
configure:4385: gcc -o conftest -g -O2 -Wall   conftest.c  >&5
conftest.c:71:6: warning: incompatible redeclaration of library function 'memset' [-Wincompatible-library-redeclaration]
char memset ();
     ^
conftest.c:71:6: note: 'memset' is a builtin with type 'void *(void *, int, unsigned long)'
1 warning generated.
configure:4385: $? = 0
configure:4385: result: yes
configure:4385: checking for select
configure:4385: gcc -o conftest -g -O2 -Wall   conftest.c  >&5
configure:4385: $? = 0
configure:4385: result: yes
configure:4385: checking for socket
configure:4385: gcc -o conftest -g -O2 -Wall   conftest.c  >&5
configure:4385: $? = 0
configure:4385: result: yes
configure:4385: checking for strcasecmp
configure:4385: gcc -o conftest -g -O2 -Wall   conftest.c  >&5
conftest.c:74:6: warning: incompatible redeclaration of library function 'strcasecmp' [-Wincompatible-library-redeclaration]
char strcasecmp ();
     ^
conftest.c:74:6: note: 'strcasecmp' is a builtin with type 'int (const char *, const char *)'
1 warning generated.
configure:4385: $? = 0
configure:4385: result: yes
configure:4385: checking for strchr
configure:4385: gcc -o conftest -g -O2 -Wall   conftest.c  >&5
conftest.c:75:6: warning: incompatible redeclaration of library function 'strchr' [-Wincompatible-library-redeclaration]
char strchr ();
     ^
conftest.c:75:6: note: 'strchr' is a builtin with type 'char *(const char *, int)'
1 warning generated.
configure:4385: $? = 0
configure:4385: result: yes
configure:4385: checking for strdup
configure:4385: gcc -o conftest -g -O2 -Wall   conftest.c  >&5
conftest.c:76:6: warning: incompatible redeclaration of library function 'strdup' [-Wincompatible-library-redeclaration]
char strdup ();
     ^
conftest.c:76:6: note: 'strdup' is a builtin with type 'char *(const char *)'
1 warning generated.
configure:4385: $? = 0
configure:4385: result: yes
configure:4385: checking for strerror
configure:4385: gcc -o conftest -g -O2 -Wall   conftest.c  >&5
conftest.c:77:6: warning: incompatible redeclaration of library function 'strerror' [-Wincompatible-library-redeclaration]
char strerror ();
     ^
conftest.c:77:6: note: 'strerror' is a builtin with type 'char *(int)'
1 warning generated.
configure:4385: $? = 0
configure:4385: result: yes
configure:4385: checking for strncasecmp
configure:4385: gcc -o conftest -g -O2 -Wall   conftest.c  >&5
conftest.c:78:6: warning: incompatible redeclaration of library function 'strncasecmp' [-Wincompatible-library-redeclaration]
char strncasecmp ();
     ^
conftest.c:78:6: note: 'strncasecmp' is a builtin with type 'int (const char *, const char *, unsigned long)'
1 warning generated.
configure:4385: $? = 0
configure:4385: result: yes
configure:4385: checking for strtol
configure:4385: gcc -o conftest -g -O2 -Wall   conftest.c  >&5
configure:4385: $? = 0
configure:4385: result: yes
configure:4394: checking for library containing setsockopt
configure:4425: gcc -o conftest -g -O2 -Wall   conftest.c  >&5
configure:4425: $? = 0
configure:4442: result: none required
configure:4456: checking for library containing gethostbyname
configure:4487: gcc -o conftest -g -O2 -Wall   conftest.c  >&5
configure:4487: $? = 0
configure:4504: result: none required
configure:4513: checking for library containing dlopen
configure:4544: gcc -o conftest -g -O2 -Wall   conftest.c  >&5
configure:4544: $? = 0
configure:4561: result: none required
configure:4572: checking openssl/ssl.h usability
configure:4572: gcc -c -g -O2 -Wall  conftest.c >&5
configure:4572: $? = 0
configure:4572: result: yes
configure:4572: checking openssl/ssl.h presence
configure:4572: gcc -E  conftest.c
configure:4572: $? = 0
configure:4572: result: yes
configure:4572: checking for openssl/ssl.h
configure:4572: result: yes
configure:4586: checking openssl/err.h usability
configure:4586: gcc -c -g -O2 -Wall  conftest.c >&5
configure:4586: $? = 0
configure:4586: result: yes
configure:4586: checking openssl/err.h presence
configure:4586: gcc -E  conftest.c
configure:4586: $? = 0
configure:4586: result: yes
configure:4586: checking for openssl/err.h
configure:4586: result: yes
configure:4601: checking openssl/rand.h usability
configure:4601: gcc -c -g -O2 -Wall  conftest.c >&5
configure:4601: $? = 0
configure:4601: result: yes
configure:4601: checking openssl/rand.h presence
configure:4601: gcc -E  conftest.c
configure:4601: $? = 0
configure:4601: result: yes
configure:4601: checking for openssl/rand.h
configure:4601: result: yes
configure:4616: checking for BIO_int_ctrl in -lcrypto
configure:4641: gcc -o conftest -g -O2 -Wall   conftest.c -lcrypto   >&5
configure:4641: $? = 0
configure:4650: result: yes
configure:4670: checking for SSL_new in -lssl
configure:4695: gcc -o conftest -g -O2 -Wall   conftest.c -lssl  -lcrypto  >&5
configure:4695: $? = 0
configure:4704: result: yes
configure:4753: checking pcap.h usability
configure:4753: gcc -c -g -O2 -Wall  conftest.c >&5
configure:4753: $? = 0
configure:4753: result: yes
configure:4753: checking pcap.h presence
configure:4753: gcc -E  conftest.c
configure:4753: $? = 0
configure:4753: result: yes
configure:4753: checking for pcap.h
configure:4753: result: yes
configure:4756: checking for pcap_datalink in -lpcap
configure:4781: gcc -o conftest -g -O2 -Wall   conftest.c -lpcap  -lssl -lcrypto  >&5
configure:4781: $? = 0
configure:4790: result: yes
configure:4883: checking sys/ioccom.h usability
configure:4883: gcc -c -g -O2 -Wall  conftest.c >&5
configure:4883: $? = 0
configure:4883: result: yes
configure:4883: checking sys/ioccom.h presence
configure:4883: gcc -E  conftest.c
configure:4883: $? = 0
configure:4883: result: yes
configure:4883: checking for sys/ioccom.h
configure:4883: result: yes
configure:4883: checking for sys/time.h
configure:4883: result: yes
configure:4883: checking net/bpf.h usability
configure:4883: gcc -c -g -O2 -Wall  conftest.c >&5
configure:4883: $? = 0
configure:4883: result: yes
configure:4883: checking net/bpf.h presence
configure:4883: gcc -E  conftest.c
configure:4883: $? = 0
configure:4883: result: yes
configure:4883: checking for net/bpf.h
configure:4883: result: yes
configure:4893: checking if libpcap is suitable
configure:4917: gcc -o conftest -g -O2 -Wall   conftest.c -lssl -lcrypto  -lpcap >&5
configure:4917: $? = 0
configure:4917: ./conftest
configure:4917: $? = 0
configure:4955: gcc -o conftest -g -O2 -Wall   conftest.c -lssl -lcrypto  -lpcap >&5
configure:4955: $? = 0
configure:4955: ./conftest
configure:4955: $? = 0
configure:4957: checking whether pcap_get_selectable_fd is declared
configure:4957: gcc -c -g -O2 -Wall  conftest.c >&5
configure:4957: $? = 0
configure:4957: result: yes
configure:4960: result: yes
configure:5018: checking for odm_initialize in -lodm
configure:5043: gcc -o conftest -g -O2 -Wall   conftest.c -lodm  -lssl -lcrypto  >&5
ld: library not found for -lodm
clang: error: linker command failed with exit code 1 (use -v to see invocation)
configure:5043: $? = 1
configure: failed program was:
| /* confdefs.h */
| #define PACKAGE_NAME ""
| #define PACKAGE_TARNAME ""
| #define PACKAGE_VERSION ""
| #define PACKAGE_STRING ""
| #define PACKAGE_BUGREPORT ""
| #define PACKAGE_URL ""
| #define STDC_HEADERS 1
| #define HAVE_SYS_WAIT_H 1
| #define HAVE_SYS_TYPES_H 1
| #define HAVE_SYS_STAT_H 1
| #define HAVE_STDLIB_H 1
| #define HAVE_STRING_H 1
| #define HAVE_MEMORY_H 1
| #define HAVE_STRINGS_H 1
| #define HAVE_INTTYPES_H 1
| #define HAVE_STDINT_H 1
| #define HAVE_UNISTD_H 1
| #define HAVE_FCNTL_H 1
| #define HAVE_LIMITS_H 1
| #define HAVE_NETDB_H 1
| #define HAVE_NETINET_IN_H 1
| #define HAVE_STDLIB_H 1
| #define HAVE_STRING_H 1
| #define HAVE_STRINGS_H 1
| #define HAVE_SYS_PARAM_H 1
| #define HAVE_SYS_SOCKET_H 1
| #define HAVE_SYS_TIME_H 1
| #define HAVE_SYS_TIMEB_H 1
| #define HAVE_UNISTD_H 1
| #define HAVE_SYS_UN_H 1
| #define TIME_WITH_SYS_TIME 1
| #define HAVE_FORK 1
| #define HAVE_VFORK 1
| #define HAVE_WORKING_VFORK 1
| #define HAVE_WORKING_FORK 1
| #define HAVE_SYS_SELECT_H 1
| #define HAVE_SYS_SOCKET_H 1
| #define SELECT_TYPE_ARG1 int
| #define SELECT_TYPE_ARG234 (fd_set *)
| #define SELECT_TYPE_ARG5 (struct timeval *)
| #define RETSIGTYPE void
| #define HAVE_VPRINTF 1
| #define HAVE_DUP2 1
| #define HAVE_GETTIMEOFDAY 1
| #define HAVE_INET_NTOA 1
| #define HAVE_MEMSET 1
| #define HAVE_SELECT 1
| #define HAVE_SOCKET 1
| #define HAVE_STRCASECMP 1
| #define HAVE_STRCHR 1
| #define HAVE_STRDUP 1
| #define HAVE_STRERROR 1
| #define HAVE_STRNCASECMP 1
| #define HAVE_STRTOL 1
| #define HAVE_LIBCRYPTO 1
| #define HAVE_LIBSSL 1
| #define HAVE_OPENSSL 1
| #define HAVE_HTTP_DIGEST 1
| #define HAVE_SYS_IOCCOM_H 1
| #define HAVE_SYS_TIME_H 1
| #define HAVE_NET_BPF_H 1
| #define HAVE_LIBPCAP 1
| /* end confdefs.h.  */
| 
| /* Override any GCC internal prototype to avoid an error.
|    Use char because int might match the return type of a GCC
|    builtin and then its argument prototype would still apply.  */
| #ifdef __cplusplus
| extern "C"
| #endif
| char odm_initialize ();
| int
| main ()
| {
| return odm_initialize ();
|   ;
|   return 0;
| }
configure:5052: result: no
configure:5065: checking for odm_initialize in -lodm
configure:5099: result: no
configure:5110: checking for _system_configuration in -lcfg
configure:5135: gcc -o conftest -g -O2 -Wall   conftest.c -lcfg  -lssl -lcrypto  >&5
ld: library not found for -lcfg
clang: error: linker command failed with exit code 1 (use -v to see invocation)
configure:5135: $? = 1
configure: failed program was:
| /* confdefs.h */
| #define PACKAGE_NAME ""
| #define PACKAGE_TARNAME ""
| #define PACKAGE_VERSION ""
| #define PACKAGE_STRING ""
| #define PACKAGE_BUGREPORT ""
| #define PACKAGE_URL ""
| #define STDC_HEADERS 1
| #define HAVE_SYS_WAIT_H 1
| #define HAVE_SYS_TYPES_H 1
| #define HAVE_SYS_STAT_H 1
| #define HAVE_STDLIB_H 1
| #define HAVE_STRING_H 1
| #define HAVE_MEMORY_H 1
| #define HAVE_STRINGS_H 1
| #define HAVE_INTTYPES_H 1
| #define HAVE_STDINT_H 1
| #define HAVE_UNISTD_H 1
| #define HAVE_FCNTL_H 1
| #define HAVE_LIMITS_H 1
| #define HAVE_NETDB_H 1
| #define HAVE_NETINET_IN_H 1
| #define HAVE_STDLIB_H 1
| #define HAVE_STRING_H 1
| #define HAVE_STRINGS_H 1
| #define HAVE_SYS_PARAM_H 1
| #define HAVE_SYS_SOCKET_H 1
| #define HAVE_SYS_TIME_H 1
| #define HAVE_SYS_TIMEB_H 1
| #define HAVE_UNISTD_H 1
| #define HAVE_SYS_UN_H 1
| #define TIME_WITH_SYS_TIME 1
| #define HAVE_FORK 1
| #define HAVE_VFORK 1
| #define HAVE_WORKING_VFORK 1
| #define HAVE_WORKING_FORK 1
| #define HAVE_SYS_SELECT_H 1
| #define HAVE_SYS_SOCKET_H 1
| #define SELECT_TYPE_ARG1 int
| #define SELECT_TYPE_ARG234 (fd_set *)
| #define SELECT_TYPE_ARG5 (struct timeval *)
| #define RETSIGTYPE void
| #define HAVE_VPRINTF 1
| #define HAVE_DUP2 1
| #define HAVE_GETTIMEOFDAY 1
| #define HAVE_INET_NTOA 1
| #define HAVE_MEMSET 1
| #define HAVE_SELECT 1
| #define HAVE_SOCKET 1
| #define HAVE_STRCASECMP 1
| #define HAVE_STRCHR 1
| #define HAVE_STRDUP 1
| #define HAVE_STRERROR 1
| #define HAVE_STRNCASECMP 1
| #define HAVE_STRTOL 1
| #define HAVE_LIBCRYPTO 1
| #define HAVE_LIBSSL 1
| #define HAVE_OPENSSL 1
| #define HAVE_HTTP_DIGEST 1
| #define HAVE_SYS_IOCCOM_H 1
| #define HAVE_SYS_TIME_H 1
| #define HAVE_NET_BPF_H 1
| #define HAVE_LIBPCAP 1
| /* end confdefs.h.  */
| 
| /* Override any GCC internal prototype to avoid an error.
|    Use char because int might match the return type of a GCC
|    builtin and then its argument prototype would still apply.  */
| #ifdef __cplusplus
| extern "C"
| #endif
| char _system_configuration ();
| int
| main ()
| {
| return _system_configuration ();
|   ;
|   return 0;
| }
configure:5144: result: no
configure:5213: checking lua.h usability
configure:5213: gcc -c -g -O2 -Wall  conftest.c >&5
conftest.c:98:10: fatal error: 'lua.h' file not found
#include <lua.h>
         ^
1 error generated.
configure:5213: $? = 1
configure: failed program was:
| /* confdefs.h */
| #define PACKAGE_NAME ""
| #define PACKAGE_TARNAME ""
| #define PACKAGE_VERSION ""
| #define PACKAGE_STRING ""
| #define PACKAGE_BUGREPORT ""
| #define PACKAGE_URL ""
| #define STDC_HEADERS 1
| #define HAVE_SYS_WAIT_H 1
| #define HAVE_SYS_TYPES_H 1
| #define HAVE_SYS_STAT_H 1
| #define HAVE_STDLIB_H 1
| #define HAVE_STRING_H 1
| #define HAVE_MEMORY_H 1
| #define HAVE_STRINGS_H 1
| #define HAVE_INTTYPES_H 1
| #define HAVE_STDINT_H 1
| #define HAVE_UNISTD_H 1
| #define HAVE_FCNTL_H 1
| #define HAVE_LIMITS_H 1
| #define HAVE_NETDB_H 1
| #define HAVE_NETINET_IN_H 1
| #define HAVE_STDLIB_H 1
| #define HAVE_STRING_H 1
| #define HAVE_STRINGS_H 1
| #define HAVE_SYS_PARAM_H 1
| #define HAVE_SYS_SOCKET_H 1
| #define HAVE_SYS_TIME_H 1
| #define HAVE_SYS_TIMEB_H 1
| #define HAVE_UNISTD_H 1
| #define HAVE_SYS_UN_H 1
| #define TIME_WITH_SYS_TIME 1
| #define HAVE_FORK 1
| #define HAVE_VFORK 1
| #define HAVE_WORKING_VFORK 1
| #define HAVE_WORKING_FORK 1
| #define HAVE_SYS_SELECT_H 1
| #define HAVE_SYS_SOCKET_H 1
| #define SELECT_TYPE_ARG1 int
| #define SELECT_TYPE_ARG234 (fd_set *)
| #define SELECT_TYPE_ARG5 (struct timeval *)
| #define RETSIGTYPE void
| #define HAVE_VPRINTF 1
| #define HAVE_DUP2 1
| #define HAVE_GETTIMEOFDAY 1
| #define HAVE_INET_NTOA 1
| #define HAVE_MEMSET 1
| #define HAVE_SELECT 1
| #define HAVE_SOCKET 1
| #define HAVE_STRCASECMP 1
| #define HAVE_STRCHR 1
| #define HAVE_STRDUP 1
| #define HAVE_STRERROR 1
| #define HAVE_STRNCASECMP 1
| #define HAVE_STRTOL 1
| #define HAVE_LIBCRYPTO 1
| #define HAVE_LIBSSL 1
| #define HAVE_OPENSSL 1
| #define HAVE_HTTP_DIGEST 1
| #define HAVE_SYS_IOCCOM_H 1
| #define HAVE_SYS_TIME_H 1
| #define HAVE_NET_BPF_H 1
| #define HAVE_LIBPCAP 1
| /* end confdefs.h.  */
| #include <stdio.h>
| #ifdef HAVE_SYS_TYPES_H
| # include <sys/types.h>
| #endif
| #ifdef HAVE_SYS_STAT_H
| # include <sys/stat.h>
| #endif
| #ifdef STDC_HEADERS
| # include <stdlib.h>
| # include <stddef.h>
| #else
| # ifdef HAVE_STDLIB_H
| #  include <stdlib.h>
| # endif
| #endif
| #ifdef HAVE_STRING_H
| # if !defined STDC_HEADERS && defined HAVE_MEMORY_H
| #  include <memory.h>
| # endif
| # include <string.h>
| #endif
| #ifdef HAVE_STRINGS_H
| # include <strings.h>
| #endif
| #ifdef HAVE_INTTYPES_H
| # include <inttypes.h>
| #endif
| #ifdef HAVE_STDINT_H
| # include <stdint.h>
| #endif
| #ifdef HAVE_UNISTD_H
| # include <unistd.h>
| #endif
| #include <lua.h>
configure:5213: result: no
configure:5213: checking lua.h presence
configure:5213: gcc -E  conftest.c
conftest.c:65:10: fatal error: 'lua.h' file not found
#include <lua.h>
         ^
1 error generated.
configure:5213: $? = 1
configure: failed program was:
| /* confdefs.h */
| #define PACKAGE_NAME ""
| #define PACKAGE_TARNAME ""
| #define PACKAGE_VERSION ""
| #define PACKAGE_STRING ""
| #define PACKAGE_BUGREPORT ""
| #define PACKAGE_URL ""
| #define STDC_HEADERS 1
| #define HAVE_SYS_WAIT_H 1
| #define HAVE_SYS_TYPES_H 1
| #define HAVE_SYS_STAT_H 1
| #define HAVE_STDLIB_H 1
| #define HAVE_STRING_H 1
| #define HAVE_MEMORY_H 1
| #define HAVE_STRINGS_H 1
| #define HAVE_INTTYPES_H 1
| #define HAVE_STDINT_H 1
| #define HAVE_UNISTD_H 1
| #define HAVE_FCNTL_H 1
| #define HAVE_LIMITS_H 1
| #define HAVE_NETDB_H 1
| #define HAVE_NETINET_IN_H 1
| #define HAVE_STDLIB_H 1
| #define HAVE_STRING_H 1
| #define HAVE_STRINGS_H 1
| #define HAVE_SYS_PARAM_H 1
| #define HAVE_SYS_SOCKET_H 1
| #define HAVE_SYS_TIME_H 1
| #define HAVE_SYS_TIMEB_H 1
| #define HAVE_UNISTD_H 1
| #define HAVE_SYS_UN_H 1
| #define TIME_WITH_SYS_TIME 1
| #define HAVE_FORK 1
| #define HAVE_VFORK 1
| #define HAVE_WORKING_VFORK 1
| #define HAVE_WORKING_FORK 1
| #define HAVE_SYS_SELECT_H 1
| #define HAVE_SYS_SOCKET_H 1
| #define SELECT_TYPE_ARG1 int
| #define SELECT_TYPE_ARG234 (fd_set *)
| #define SELECT_TYPE_ARG5 (struct timeval *)
| #define RETSIGTYPE void
| #define HAVE_VPRINTF 1
| #define HAVE_DUP2 1
| #define HAVE_GETTIMEOFDAY 1
| #define HAVE_INET_NTOA 1
| #define HAVE_MEMSET 1
| #define HAVE_SELECT 1
| #define HAVE_SOCKET 1
| #define HAVE_STRCASECMP 1
| #define HAVE_STRCHR 1
| #define HAVE_STRDUP 1
| #define HAVE_STRERROR 1
| #define HAVE_STRNCASECMP 1
| #define HAVE_STRTOL 1
| #define HAVE_LIBCRYPTO 1
| #define HAVE_LIBSSL 1
| #define HAVE_OPENSSL 1
| #define HAVE_HTTP_DIGEST 1
| #define HAVE_SYS_IOCCOM_H 1
| #define HAVE_SYS_TIME_H 1
| #define HAVE_NET_BPF_H 1
| #define HAVE_LIBPCAP 1
| /* end confdefs.h.  */
| #include <lua.h>
configure:5213: result: no
configure:5213: checking for lua.h
configure:5213: result: no
configure:5213: checking lua/lua.h usability
configure:5213: gcc -c -g -O2 -Wall  conftest.c >&5
conftest.c:98:10: fatal error: 'lua/lua.h' file not found
#include <lua/lua.h>
         ^
1 error generated.
configure:5213: $? = 1
configure: failed program was:
| /* confdefs.h */
| #define PACKAGE_NAME ""
| #define PACKAGE_TARNAME ""
| #define PACKAGE_VERSION ""
| #define PACKAGE_STRING ""
| #define PACKAGE_BUGREPORT ""
| #define PACKAGE_URL ""
| #define STDC_HEADERS 1
| #define HAVE_SYS_WAIT_H 1
| #define HAVE_SYS_TYPES_H 1
| #define HAVE_SYS_STAT_H 1
| #define HAVE_STDLIB_H 1
| #define HAVE_STRING_H 1
| #define HAVE_MEMORY_H 1
| #define HAVE_STRINGS_H 1
| #define HAVE_INTTYPES_H 1
| #define HAVE_STDINT_H 1
| #define HAVE_UNISTD_H 1
| #define HAVE_FCNTL_H 1
| #define HAVE_LIMITS_H 1
| #define HAVE_NETDB_H 1
| #define HAVE_NETINET_IN_H 1
| #define HAVE_STDLIB_H 1
| #define HAVE_STRING_H 1
| #define HAVE_STRINGS_H 1
| #define HAVE_SYS_PARAM_H 1
| #define HAVE_SYS_SOCKET_H 1
| #define HAVE_SYS_TIME_H 1
| #define HAVE_SYS_TIMEB_H 1
| #define HAVE_UNISTD_H 1
| #define HAVE_SYS_UN_H 1
| #define TIME_WITH_SYS_TIME 1
| #define HAVE_FORK 1
| #define HAVE_VFORK 1
| #define HAVE_WORKING_VFORK 1
| #define HAVE_WORKING_FORK 1
| #define HAVE_SYS_SELECT_H 1
| #define HAVE_SYS_SOCKET_H 1
| #define SELECT_TYPE_ARG1 int
| #define SELECT_TYPE_ARG234 (fd_set *)
| #define SELECT_TYPE_ARG5 (struct timeval *)
| #define RETSIGTYPE void
| #define HAVE_VPRINTF 1
| #define HAVE_DUP2 1
| #define HAVE_GETTIMEOFDAY 1
| #define HAVE_INET_NTOA 1
| #define HAVE_MEMSET 1
| #define HAVE_SELECT 1
| #define HAVE_SOCKET 1
| #define HAVE_STRCASECMP 1
| #define HAVE_STRCHR 1
| #define HAVE_STRDUP 1
| #define HAVE_STRERROR 1
| #define HAVE_STRNCASECMP 1
| #define HAVE_STRTOL 1
| #define HAVE_LIBCRYPTO 1
| #define HAVE_LIBSSL 1
| #define HAVE_OPENSSL 1
| #define HAVE_HTTP_DIGEST 1
| #define HAVE_SYS_IOCCOM_H 1
| #define HAVE_SYS_TIME_H 1
| #define HAVE_NET_BPF_H 1
| #define HAVE_LIBPCAP 1
| /* end confdefs.h.  */
| #include <stdio.h>
| #ifdef HAVE_SYS_TYPES_H
| # include <sys/types.h>
| #endif
| #ifdef HAVE_SYS_STAT_H
| # include <sys/stat.h>
| #endif
| #ifdef STDC_HEADERS
| # include <stdlib.h>
| # include <stddef.h>
| #else
| # ifdef HAVE_STDLIB_H
| #  include <stdlib.h>
| # endif
| #endif
| #ifdef HAVE_STRING_H
| # if !defined STDC_HEADERS && defined HAVE_MEMORY_H
| #  include <memory.h>
| # endif
| # include <string.h>
| #endif
| #ifdef HAVE_STRINGS_H
| # include <strings.h>
| #endif
| #ifdef HAVE_INTTYPES_H
| # include <inttypes.h>
| #endif
| #ifdef HAVE_STDINT_H
| # include <stdint.h>
| #endif
| #ifdef HAVE_UNISTD_H
| # include <unistd.h>
| #endif
| #include <lua/lua.h>
configure:5213: result: no
configure:5213: checking lua/lua.h presence
configure:5213: gcc -E  conftest.c
conftest.c:65:10: fatal error: 'lua/lua.h' file not found
#include <lua/lua.h>
         ^
1 error generated.
configure:5213: $? = 1
configure: failed program was:
| /* confdefs.h */
| #define PACKAGE_NAME ""
| #define PACKAGE_TARNAME ""
| #define PACKAGE_VERSION ""
| #define PACKAGE_STRING ""
| #define PACKAGE_BUGREPORT ""
| #define PACKAGE_URL ""
| #define STDC_HEADERS 1
| #define HAVE_SYS_WAIT_H 1
| #define HAVE_SYS_TYPES_H 1
| #define HAVE_SYS_STAT_H 1
| #define HAVE_STDLIB_H 1
| #define HAVE_STRING_H 1
| #define HAVE_MEMORY_H 1
| #define HAVE_STRINGS_H 1
| #define HAVE_INTTYPES_H 1
| #define HAVE_STDINT_H 1
| #define HAVE_UNISTD_H 1
| #define HAVE_FCNTL_H 1
| #define HAVE_LIMITS_H 1
| #define HAVE_NETDB_H 1
| #define HAVE_NETINET_IN_H 1
| #define HAVE_STDLIB_H 1
| #define HAVE_STRING_H 1
| #define HAVE_STRINGS_H 1
| #define HAVE_SYS_PARAM_H 1
| #define HAVE_SYS_SOCKET_H 1
| #define HAVE_SYS_TIME_H 1
| #define HAVE_SYS_TIMEB_H 1
| #define HAVE_UNISTD_H 1
| #define HAVE_SYS_UN_H 1
| #define TIME_WITH_SYS_TIME 1
| #define HAVE_FORK 1
| #define HAVE_VFORK 1
| #define HAVE_WORKING_VFORK 1
| #define HAVE_WORKING_FORK 1
| #define HAVE_SYS_SELECT_H 1
| #define HAVE_SYS_SOCKET_H 1
| #define SELECT_TYPE_ARG1 int
| #define SELECT_TYPE_ARG234 (fd_set *)
| #define SELECT_TYPE_ARG5 (struct timeval *)
| #define RETSIGTYPE void
| #define HAVE_VPRINTF 1
| #define HAVE_DUP2 1
| #define HAVE_GETTIMEOFDAY 1
| #define HAVE_INET_NTOA 1
| #define HAVE_MEMSET 1
| #define HAVE_SELECT 1
| #define HAVE_SOCKET 1
| #define HAVE_STRCASECMP 1
| #define HAVE_STRCHR 1
| #define HAVE_STRDUP 1
| #define HAVE_STRERROR 1
| #define HAVE_STRNCASECMP 1
| #define HAVE_STRTOL 1
| #define HAVE_LIBCRYPTO 1
| #define HAVE_LIBSSL 1
| #define HAVE_OPENSSL 1
| #define HAVE_HTTP_DIGEST 1
| #define HAVE_SYS_IOCCOM_H 1
| #define HAVE_SYS_TIME_H 1
| #define HAVE_NET_BPF_H 1
| #define HAVE_LIBPCAP 1
| /* end confdefs.h.  */
| #include <lua/lua.h>
configure:5213: result: no
configure:5213: checking for lua/lua.h
configure:5213: result: no
configure:5213: checking lua5.2/lua.h usability
configure:5213: gcc -c -g -O2 -Wall  conftest.c >&5
conftest.c:98:10: fatal error: 'lua5.2/lua.h' file not found
#include <lua5.2/lua.h>
         ^
1 error generated.
configure:5213: $? = 1
configure: failed program was:
| /* confdefs.h */
| #define PACKAGE_NAME ""
| #define PACKAGE_TARNAME ""
| #define PACKAGE_VERSION ""
| #define PACKAGE_STRING ""
| #define PACKAGE_BUGREPORT ""
| #define PACKAGE_URL ""
| #define STDC_HEADERS 1
| #define HAVE_SYS_WAIT_H 1
| #define HAVE_SYS_TYPES_H 1
| #define HAVE_SYS_STAT_H 1
| #define HAVE_STDLIB_H 1
| #define HAVE_STRING_H 1
| #define HAVE_MEMORY_H 1
| #define HAVE_STRINGS_H 1
| #define HAVE_INTTYPES_H 1
| #define HAVE_STDINT_H 1
| #define HAVE_UNISTD_H 1
| #define HAVE_FCNTL_H 1
| #define HAVE_LIMITS_H 1
| #define HAVE_NETDB_H 1
| #define HAVE_NETINET_IN_H 1
| #define HAVE_STDLIB_H 1
| #define HAVE_STRING_H 1
| #define HAVE_STRINGS_H 1
| #define HAVE_SYS_PARAM_H 1
| #define HAVE_SYS_SOCKET_H 1
| #define HAVE_SYS_TIME_H 1
| #define HAVE_SYS_TIMEB_H 1
| #define HAVE_UNISTD_H 1
| #define HAVE_SYS_UN_H 1
| #define TIME_WITH_SYS_TIME 1
| #define HAVE_FORK 1
| #define HAVE_VFORK 1
| #define HAVE_WORKING_VFORK 1
| #define HAVE_WORKING_FORK 1
| #define HAVE_SYS_SELECT_H 1
| #define HAVE_SYS_SOCKET_H 1
| #define SELECT_TYPE_ARG1 int
| #define SELECT_TYPE_ARG234 (fd_set *)
| #define SELECT_TYPE_ARG5 (struct timeval *)
| #define RETSIGTYPE void
| #define HAVE_VPRINTF 1
| #define HAVE_DUP2 1
| #define HAVE_GETTIMEOFDAY 1
| #define HAVE_INET_NTOA 1
| #define HAVE_MEMSET 1
| #define HAVE_SELECT 1
| #define HAVE_SOCKET 1
| #define HAVE_STRCASECMP 1
| #define HAVE_STRCHR 1
| #define HAVE_STRDUP 1
| #define HAVE_STRERROR 1
| #define HAVE_STRNCASECMP 1
| #define HAVE_STRTOL 1
| #define HAVE_LIBCRYPTO 1
| #define HAVE_LIBSSL 1
| #define HAVE_OPENSSL 1
| #define HAVE_HTTP_DIGEST 1
| #define HAVE_SYS_IOCCOM_H 1
| #define HAVE_SYS_TIME_H 1
| #define HAVE_NET_BPF_H 1
| #define HAVE_LIBPCAP 1
| /* end confdefs.h.  */
| #include <stdio.h>
| #ifdef HAVE_SYS_TYPES_H
| # include <sys/types.h>
| #endif
| #ifdef HAVE_SYS_STAT_H
| # include <sys/stat.h>
| #endif
| #ifdef STDC_HEADERS
| # include <stdlib.h>
| # include <stddef.h>
| #else
| # ifdef HAVE_STDLIB_H
| #  include <stdlib.h>
| # endif
| #endif
| #ifdef HAVE_STRING_H
| # if !defined STDC_HEADERS && defined HAVE_MEMORY_H
| #  include <memory.h>
| # endif
| # include <string.h>
| #endif
| #ifdef HAVE_STRINGS_H
| # include <strings.h>
| #endif
| #ifdef HAVE_INTTYPES_H
| # include <inttypes.h>
| #endif
| #ifdef HAVE_STDINT_H
| # include <stdint.h>
| #endif
| #ifdef HAVE_UNISTD_H
| # include <unistd.h>
| #endif
| #include <lua5.2/lua.h>
configure:5213: result: no
configure:5213: checking lua5.2/lua.h presence
configure:5213: gcc -E  conftest.c
conftest.c:65:10: fatal error: 'lua5.2/lua.h' file not found
#include <lua5.2/lua.h>
         ^
1 error generated.
configure:5213: $? = 1
configure: failed program was:
| /* confdefs.h */
| #define PACKAGE_NAME ""
| #define PACKAGE_TARNAME ""
| #define PACKAGE_VERSION ""
| #define PACKAGE_STRING ""
| #define PACKAGE_BUGREPORT ""
| #define PACKAGE_URL ""
| #define STDC_HEADERS 1
| #define HAVE_SYS_WAIT_H 1
| #define HAVE_SYS_TYPES_H 1
| #define HAVE_SYS_STAT_H 1
| #define HAVE_STDLIB_H 1
| #define HAVE_STRING_H 1
| #define HAVE_MEMORY_H 1
| #define HAVE_STRINGS_H 1
| #define HAVE_INTTYPES_H 1
| #define HAVE_STDINT_H 1
| #define HAVE_UNISTD_H 1
| #define HAVE_FCNTL_H 1
| #define HAVE_LIMITS_H 1
| #define HAVE_NETDB_H 1
| #define HAVE_NETINET_IN_H 1
| #define HAVE_STDLIB_H 1
| #define HAVE_STRING_H 1
| #define HAVE_STRINGS_H 1
| #define HAVE_SYS_PARAM_H 1
| #define HAVE_SYS_SOCKET_H 1
| #define HAVE_SYS_TIME_H 1
| #define HAVE_SYS_TIMEB_H 1
| #define HAVE_UNISTD_H 1
| #define HAVE_SYS_UN_H 1
| #define TIME_WITH_SYS_TIME 1
| #define HAVE_FORK 1
| #define HAVE_VFORK 1
| #define HAVE_WORKING_VFORK 1
| #define HAVE_WORKING_FORK 1
| #define HAVE_SYS_SELECT_H 1
| #define HAVE_SYS_SOCKET_H 1
| #define SELECT_TYPE_ARG1 int
| #define SELECT_TYPE_ARG234 (fd_set *)
| #define SELECT_TYPE_ARG5 (struct timeval *)
| #define RETSIGTYPE void
| #define HAVE_VPRINTF 1
| #define HAVE_DUP2 1
| #define HAVE_GETTIMEOFDAY 1
| #define HAVE_INET_NTOA 1
| #define HAVE_MEMSET 1
| #define HAVE_SELECT 1
| #define HAVE_SOCKET 1
| #define HAVE_STRCASECMP 1
| #define HAVE_STRCHR 1
| #define HAVE_STRDUP 1
| #define HAVE_STRERROR 1
| #define HAVE_STRNCASECMP 1
| #define HAVE_STRTOL 1
| #define HAVE_LIBCRYPTO 1
| #define HAVE_LIBSSL 1
| #define HAVE_OPENSSL 1
| #define HAVE_HTTP_DIGEST 1
| #define HAVE_SYS_IOCCOM_H 1
| #define HAVE_SYS_TIME_H 1
| #define HAVE_NET_BPF_H 1
| #define HAVE_LIBPCAP 1
| /* end confdefs.h.  */
| #include <lua5.2/lua.h>
configure:5213: result: no
configure:5213: checking for lua5.2/lua.h
configure:5213: result: no
configure:5350: checking for lua version >= 502
configure:5410: checking for g++
configure:5426: found /usr/bin/g++
configure:5437: result: g++
configure:5464: checking for C++ compiler version
configure:5473: g++ --version >&5
Apple LLVM version 5.0 (clang-500.2.79) (based on LLVM 3.3svn)
Target: x86_64-apple-darwin13.0.0
Thread model: posix
Configured with: --prefix=/Applications/Xcode.app/Contents/Developer/usr --with-gxx-include-dir=/usr/include/c++/4.2.1
configure:5484: $? = 0
configure:5473: g++ -v >&5
Configured with: --prefix=/Applications/Xcode.app/Contents/Developer/usr --with-gxx-include-dir=/usr/include/c++/4.2.1
Apple LLVM version 5.0 (clang-500.2.79) (based on LLVM 3.3svn)
Target: x86_64-apple-darwin13.0.0
Thread model: posix
configure:5484: $? = 0
configure:5473: g++ -V >&5
clang: error: argument to '-V' is missing (expected 1 value)
clang: error: no input files
configure:5484: $? = 1
configure:5473: g++ -qversion >&5
clang: error: no input files
configure:5484: $? = 1
configure:5488: checking whether we are using the GNU C++ compiler
configure:5507: g++ -c   conftest.cpp >&5
configure:5507: $? = 0
configure:5516: result: yes
configure:5525: checking whether g++ accepts -g
configure:5545: g++ -c -g  conftest.cpp >&5
configure:5545: $? = 0
configure:5586: result: yes
configure:5625: g++ -o conftest -g -O2   conftest.cpp -lssl -lcrypto  >&5
conftest.cpp:65:11: fatal error: 'lua.h' file not found
 #include <lua.h>
          ^
1 error generated.
configure:5625: $? = 1
configure: program exited with status 1
configure: failed program was:
| /* confdefs.h */
| #define PACKAGE_NAME ""
| #define PACKAGE_TARNAME ""
| #define PACKAGE_VERSION ""
| #define PACKAGE_STRING ""
| #define PACKAGE_BUGREPORT ""
| #define PACKAGE_URL ""
| #define STDC_HEADERS 1
| #define HAVE_SYS_WAIT_H 1
| #define HAVE_SYS_TYPES_H 1
| #define HAVE_SYS_STAT_H 1
| #define HAVE_STDLIB_H 1
| #define HAVE_STRING_H 1
| #define HAVE_MEMORY_H 1
| #define HAVE_STRINGS_H 1
| #define HAVE_INTTYPES_H 1
| #define HAVE_STDINT_H 1
| #define HAVE_UNISTD_H 1
| #define HAVE_FCNTL_H 1
| #define HAVE_LIMITS_H 1
| #define HAVE_NETDB_H 1
| #define HAVE_NETINET_IN_H 1
| #define HAVE_STDLIB_H 1
| #define HAVE_STRING_H 1
| #define HAVE_STRINGS_H 1
| #define HAVE_SYS_PARAM_H 1
| #define HAVE_SYS_SOCKET_H 1
| #define HAVE_SYS_TIME_H 1
| #define HAVE_SYS_TIMEB_H 1
| #define HAVE_UNISTD_H 1
| #define HAVE_SYS_UN_H 1
| #define TIME_WITH_SYS_TIME 1
| #define HAVE_FORK 1
| #define HAVE_VFORK 1
| #define HAVE_WORKING_VFORK 1
| #define HAVE_WORKING_FORK 1
| #define HAVE_SYS_SELECT_H 1
| #define HAVE_SYS_SOCKET_H 1
| #define SELECT_TYPE_ARG1 int
| #define SELECT_TYPE_ARG234 (fd_set *)
| #define SELECT_TYPE_ARG5 (struct timeval *)
| #define RETSIGTYPE void
| #define HAVE_VPRINTF 1
| #define HAVE_DUP2 1
| #define HAVE_GETTIMEOFDAY 1
| #define HAVE_INET_NTOA 1
| #define HAVE_MEMSET 1
| #define HAVE_SELECT 1
| #define HAVE_SOCKET 1
| #define HAVE_STRCASECMP 1
| #define HAVE_STRCHR 1
| #define HAVE_STRDUP 1
| #define HAVE_STRERROR 1
| #define HAVE_STRNCASECMP 1
| #define HAVE_STRTOL 1
| #define HAVE_LIBCRYPTO 1
| #define HAVE_LIBSSL 1
| #define HAVE_OPENSSL 1
| #define HAVE_HTTP_DIGEST 1
| #define HAVE_SYS_IOCCOM_H 1
| #define HAVE_SYS_TIME_H 1
| #define HAVE_NET_BPF_H 1
| #define HAVE_LIBPCAP 1
| /* end confdefs.h.  */
|  #include <lua.h>
| int
| main ()
| {
| if(LUA_VERSION_NUM < 502) return 1;
|   ;
|   return 0;
| }
configure:5649: result: no
configure:5792: creating ./config.status

## ---------------------- ##
## Running config.status. ##
## ---------------------- ##

This file was extended by config.status, which was
generated by GNU Autoconf 2.68.  Invocation command line was

  CONFIG_FILES    = 
  CONFIG_HEADERS  = 
  CONFIG_LINKS    = 
  CONFIG_COMMANDS = 
  $ ./config.status 

on npawelczyk

config.status:887: creating Makefile
config.status:990: WARNING:  'Makefile.in' seems to ignore the --datarootdir setting
config.status:887: creating config.h

## ---------------- ##
## Cache variables. ##
## ---------------- ##

ac_cv_build=x86_64-apple-darwin13.0.0
ac_cv_c_compiler_gnu=yes
ac_cv_c_const=yes
ac_cv_cxx_compiler_gnu=yes
ac_cv_env_CCC_set=
ac_cv_env_CCC_value=
ac_cv_env_CC_set=
ac_cv_env_CC_value=
ac_cv_env_CFLAGS_set=
ac_cv_env_CFLAGS_value=
ac_cv_env_CPPFLAGS_set=
ac_cv_env_CPPFLAGS_value=
ac_cv_env_CPP_set=
ac_cv_env_CPP_value=
ac_cv_env_CXXFLAGS_set=
ac_cv_env_CXXFLAGS_value=
ac_cv_env_CXX_set=
ac_cv_env_CXX_value=
ac_cv_env_LDFLAGS_set=
ac_cv_env_LDFLAGS_value=
ac_cv_env_LIBS_set=
ac_cv_env_LIBS_value=
ac_cv_env_build_alias_set=
ac_cv_env_build_alias_value=
ac_cv_env_host_alias_set=
ac_cv_env_host_alias_value=
ac_cv_env_target_alias_set=
ac_cv_env_target_alias_value=
ac_cv_func__doprnt=no
ac_cv_func_dup2=yes
ac_cv_func_fork=yes
ac_cv_func_fork_works=yes
ac_cv_func_gettimeofday=yes
ac_cv_func_inet_ntoa=yes
ac_cv_func_memset=yes
ac_cv_func_select=yes
ac_cv_func_select_args='int,fd_set *,struct timeval *'
ac_cv_func_socket=yes
ac_cv_func_strcasecmp=yes
ac_cv_func_strchr=yes
ac_cv_func_strdup=yes
ac_cv_func_strerror=yes
ac_cv_func_strncasecmp=yes
ac_cv_func_strtol=yes
ac_cv_func_vfork=yes
ac_cv_func_vfork_works=yes
ac_cv_func_vprintf=yes
ac_cv_have_decl_pcap_get_selectable_fd=yes
ac_cv_header_fcntl_h=yes
ac_cv_header_inttypes_h=yes
ac_cv_header_limits_h=yes
ac_cv_header_lua5_2_lua_h=no
ac_cv_header_lua_h=no
ac_cv_header_lua_lua_h=no
ac_cv_header_memory_h=yes
ac_cv_header_net_bpf_h=yes
ac_cv_header_netdb_h=yes
ac_cv_header_netinet_in_h=yes
ac_cv_header_openssl_err_h=yes
ac_cv_header_openssl_rand_h=yes
ac_cv_header_openssl_ssl_h=yes
ac_cv_header_pcap_h=yes
ac_cv_header_stat_broken=no
ac_cv_header_stdc=yes
ac_cv_header_stdint_h=yes
ac_cv_header_stdlib_h=yes
ac_cv_header_string_h=yes
ac_cv_header_strings_h=yes
ac_cv_header_sys_ioccom_h=yes
ac_cv_header_sys_param_h=yes
ac_cv_header_sys_select_h=yes
ac_cv_header_sys_socket_h=yes
ac_cv_header_sys_stat_h=yes
ac_cv_header_sys_time_h=yes
ac_cv_header_sys_timeb_h=yes
ac_cv_header_sys_types_h=yes
ac_cv_header_sys_un_h=yes
ac_cv_header_sys_wait_h=yes
ac_cv_header_time=yes
ac_cv_header_unistd_h=yes
ac_cv_header_vfork_h=no
ac_cv_host=x86_64-apple-darwin13.0.0
ac_cv_lib_cfg__system_configuration=no
ac_cv_lib_crypto_BIO_int_ctrl=yes
ac_cv_lib_odm_odm_initialize=no
ac_cv_lib_pcap_pcap_datalink=yes
ac_cv_lib_ssl_SSL_new=yes
ac_cv_objext=o
ac_cv_path_EGREP='/usr/bin/grep -E'
ac_cv_path_GREP=/usr/bin/grep
ac_cv_path_ac_pt_STRIP=/usr/bin/strip
ac_cv_path_install='/usr/bin/install -c'
ac_cv_prog_CPP='gcc -E'
ac_cv_prog_ac_ct_CC=gcc
ac_cv_prog_ac_ct_CXX=g++
ac_cv_prog_cc_c89=
ac_cv_prog_cc_g=yes
ac_cv_prog_cxx_g=yes
ac_cv_search_dlopen='none required'
ac_cv_search_gethostbyname='none required'
ac_cv_search_setsockopt='none required'
ac_cv_type_pid_t=yes
ac_cv_type_signal=void

## ----------------- ##
## Output variables. ##
## ----------------- ##

CC='gcc'
CFLAGS='-g -O2 -Wall'
CPP='gcc -E'
CPPFLAGS='-I$(top_srcdir)/../liblua '
CXX='g++'
CXXFLAGS='-g -O2'
DEFS='-DHAVE_CONFIG_H'
ECHO_C='\c'
ECHO_N=''
ECHO_T=''
EGREP='/usr/bin/grep -E'
EXEEXT=''
GREP='/usr/bin/grep'
HAVE_OPENSSL='yes'
INSTALL_DATA='${INSTALL} -m 644'
INSTALL_PROGRAM='${INSTALL}'
INSTALL_SCRIPT='${INSTALL}'
LDFLAGS=''
LIBLUADIR='../liblua'
LIBLUA_LIBS='$(top_srcdir)/../liblua/liblua.a'
LIBOBJS=''
LIBS='-lssl -lcrypto '
LTLIBOBJS=''
LUA_BUILD='lua_build'
LUA_CFLAGS='-DLUA_USE_POSIX -DLUA_USE_DLOPEN'
LUA_CLEAN='lua_clean'
LUA_DEPENDS='$(top_srcdir)/../liblua/liblua.a'
LUA_DIST_CLEAN='lua_dist_clean'
OBJEXT='o'
OPENSSL_LIBS='-lssl -lcrypto'
PACKAGE_BUGREPORT=''
PACKAGE_NAME=''
PACKAGE_STRING=''
PACKAGE_TARNAME=''
PACKAGE_URL=''
PACKAGE_VERSION=''
PATH_SEPARATOR=':'
PCAP_BUILD=''
PCAP_CLEAN=''
PCAP_DEPENDS=''
PCAP_DIST_CLEAN=''
PCAP_LIBS='-lpcap'
SHELL='/bin/sh'
STRIP='/usr/bin/strip'
ac_ct_CC='gcc'
ac_ct_CXX='g++'
bindir='${exec_prefix}/bin'
build='x86_64-apple-darwin13.0.0'
build_alias=''
build_cpu='x86_64'
build_os='darwin13.0.0'
build_vendor='apple'
datadir='${datarootdir}'
datarootdir='${prefix}/share'
docdir='${datarootdir}/doc/${PACKAGE}'
dvidir='${docdir}'
exec_prefix='${prefix}'
host='x86_64-apple-darwin13.0.0'
host_alias=''
host_cpu='x86_64'
host_os='darwin13.0.0'
host_vendor='apple'
htmldir='${docdir}'
includedir='${prefix}/include'
infodir='${datarootdir}/info'
libdir='${exec_prefix}/lib'
libexecdir='${exec_prefix}/libexec'
libpcapdir='../libpcap'
localedir='${datarootdir}/locale'
localstatedir='${prefix}/var'
mandir='${datarootdir}/man'
oldincludedir='/usr/include'
pdfdir='${docdir}'
prefix='/usr/local'
program_transform_name='s,x,x,'
psdir='${docdir}'
sbindir='${exec_prefix}/sbin'
sharedstatedir='${prefix}/com'
sysconfdir='${prefix}/etc'
target_alias=''

## ----------- ##
## confdefs.h. ##
## ----------- ##

/* confdefs.h */
#define PACKAGE_NAME ""
#define PACKAGE_TARNAME ""
#define PACKAGE_VERSION ""
#define PACKAGE_STRING ""
#define PACKAGE_BUGREPORT ""
#define PACKAGE_URL ""
#define STDC_HEADERS 1
#define HAVE_SYS_WAIT_H 1
#define HAVE_SYS_TYPES_H 1
#define HAVE_SYS_STAT_H 1
#define HAVE_STDLIB_H 1
#define HAVE_STRING_H 1
#define HAVE_MEMORY_H 1
#define HAVE_STRINGS_H 1
#define HAVE_INTTYPES_H 1
#define HAVE_STDINT_H 1
#define HAVE_UNISTD_H 1
#define HAVE_FCNTL_H 1
#define HAVE_LIMITS_H 1
#define HAVE_NETDB_H 1
#define HAVE_NETINET_IN_H 1
#define HAVE_STDLIB_H 1
#define HAVE_STRING_H 1
#define HAVE_STRINGS_H 1
#define HAVE_SYS_PARAM_H 1
#define HAVE_SYS_SOCKET_H 1
#define HAVE_SYS_TIME_H 1
#define HAVE_SYS_TIMEB_H 1
#define HAVE_UNISTD_H 1
#define HAVE_SYS_UN_H 1
#define TIME_WITH_SYS_TIME 1
#define HAVE_FORK 1
#define HAVE_VFORK 1
#define HAVE_WORKING_VFORK 1
#define HAVE_WORKING_FORK 1
#define HAVE_SYS_SELECT_H 1
#define HAVE_SYS_SOCKET_H 1
#define SELECT_TYPE_ARG1 int
#define SELECT_TYPE_ARG234 (fd_set *)
#define SELECT_TYPE_ARG5 (struct timeval *)
#define RETSIGTYPE void
#define HAVE_VPRINTF 1
#define HAVE_DUP2 1
#define HAVE_GETTIMEOFDAY 1
#define HAVE_INET_NTOA 1
#define HAVE_MEMSET 1
#define HAVE_SELECT 1
#define HAVE_SOCKET 1
#define HAVE_STRCASECMP 1
#define HAVE_STRCHR 1
#define HAVE_STRDUP 1
#define HAVE_STRERROR 1
#define HAVE_STRNCASECMP 1
#define HAVE_STRTOL 1
#define HAVE_LIBCRYPTO 1
#define HAVE_LIBSSL 1
#define HAVE_OPENSSL 1
#define HAVE_HTTP_DIGEST 1
#define HAVE_SYS_IOCCOM_H 1
#define HAVE_SYS_TIME_H 1
#define HAVE_NET_BPF_H 1
#define HAVE_LIBPCAP 1
#define LUA_INCLUDED 1

configure: exit 0
