This file contains any messages produced by compilers while
running configure, to aid debugging if configure makes a mistake.

It was created by configure, which was
generated by GNU Autoconf 2.69.  Invocation command line was

  $ ./configure --disable-option-checking --prefix=/usr/local --cache-file=/dev/null --srcdir=.

## --------- ##
## Platform. ##
## --------- ##

hostname = npawelczyk
uname -m = x86_64
uname -r = 13.0.0
uname -s = Darwin
uname -v = Darwin Kernel Version 13.0.0: Thu Sep 19 22:22:27 PDT 2013; root:xnu-2422.1.72~6/RELEASE_X86_64

/usr/bin/uname -p = i386
/bin/uname -X     = unknown

/bin/arch              = unknown
/usr/bin/arch -k       = unknown
/usr/convex/getsysinfo = unknown
/usr/bin/hostinfo      = Mach kernel version:
	 Darwin Kernel Version 13.0.0: Thu Sep 19 22:22:27 PDT 2013; root:xnu-2422.1.72~6/RELEASE_X86_64
Kernel configured for up to 4 processors.
2 processors are physically available.
4 processors are logically available.
Processor type: i486 (Intel 80486)
Processors active: 0 1 2 3
Primary memory available: 4.00 gigabytes
Default processor set: 189 tasks, 869 threads, 4 processors
Load average: 3.19, Mach factor: 0.94
/bin/machine           = unknown
/usr/bin/oslevel       = unknown
/bin/universe          = unknown

PATH: /usr/local/lib
PATH: /usr/local/include
PATH: /usr/local/bin
PATH: /usr/bin
PATH: /bin
PATH: /usr/sbin
PATH: /sbin
PATH: /usr/local/bin
PATH: /opt/X11/bin
PATH: /usr/local/git/bin


## ----------- ##
## Core tests. ##
## ----------- ##

configure:2144: checking build system type
configure:2158: result: x86_64-apple-darwin13.0.0
configure:2178: checking host system type
configure:2191: result: x86_64-apple-darwin13.0.0
configure:2386: checking for gcc
configure:2402: found /usr/bin/gcc
configure:2413: result: gcc
configure:2642: checking for C compiler version
configure:2651: gcc --version >&5
Apple LLVM version 5.0 (clang-500.2.79) (based on LLVM 3.3svn)
Target: x86_64-apple-darwin13.0.0
Thread model: posix
Configured with: --prefix=/Applications/Xcode.app/Contents/Developer/usr --with-gxx-include-dir=/usr/include/c++/4.2.1
configure:2662: $? = 0
configure:2651: gcc -v >&5
Configured with: --prefix=/Applications/Xcode.app/Contents/Developer/usr --with-gxx-include-dir=/usr/include/c++/4.2.1
Apple LLVM version 5.0 (clang-500.2.79) (based on LLVM 3.3svn)
Target: x86_64-apple-darwin13.0.0
Thread model: posix
configure:2662: $? = 0
configure:2651: gcc -V >&5
clang: error: argument to '-V' is missing (expected 1 value)
clang: error: no input files
configure:2662: $? = 1
configure:2651: gcc -qversion >&5
clang: error: no input files
configure:2662: $? = 1
configure:2682: checking whether the C compiler works
configure:2704: gcc    conftest.c  >&5
configure:2708: $? = 0
configure:2756: result: yes
configure:2759: checking for C compiler default output file name
configure:2761: result: a.out
configure:2767: checking for suffix of executables
configure:2774: gcc -o conftest    conftest.c  >&5
configure:2778: $? = 0
configure:2800: result: 
configure:2822: checking whether we are cross compiling
configure:2830: gcc -o conftest    conftest.c  >&5
configure:2834: $? = 0
configure:2841: ./conftest
configure:2845: $? = 0
configure:2860: result: no
configure:2865: checking for suffix of object files
configure:2887: gcc -c   conftest.c >&5
configure:2891: $? = 0
configure:2912: result: o
configure:2916: checking whether we are using the GNU C compiler
configure:2935: gcc -c   conftest.c >&5
configure:2935: $? = 0
configure:2944: result: yes
configure:2953: checking whether gcc accepts -g
configure:2973: gcc -c -g  conftest.c >&5
configure:2973: $? = 0
configure:3014: result: yes
configure:3031: checking for gcc option to accept ISO C89
configure:3094: gcc  -c -g -O2  conftest.c >&5
configure:3094: $? = 0
configure:3107: result: none needed
configure:3133: checking how to run the C preprocessor
configure:3164: gcc -E  conftest.c
configure:3164: $? = 0
configure:3178: gcc -E  conftest.c
conftest.c:11:10: fatal error: 'ac_nonexistent.h' file not found
#include <ac_nonexistent.h>
         ^
1 error generated.
configure:3178: $? = 1
configure: failed program was:
| /* confdefs.h */
| #define PACKAGE_NAME ""
| #define PACKAGE_TARNAME ""
| #define PACKAGE_VERSION ""
| #define PACKAGE_STRING ""
| #define PACKAGE_BUGREPORT ""
| #define PACKAGE_URL ""
| #define MACOSX 1
| #define HAVE_PCAP 1
| /* end confdefs.h.  */
| #include <ac_nonexistent.h>
configure:3203: result: gcc -E
configure:3223: gcc -E  conftest.c
configure:3223: $? = 0
configure:3237: gcc -E  conftest.c
conftest.c:11:10: fatal error: 'ac_nonexistent.h' file not found
#include <ac_nonexistent.h>
         ^
1 error generated.
configure:3237: $? = 1
configure: failed program was:
| /* confdefs.h */
| #define PACKAGE_NAME ""
| #define PACKAGE_TARNAME ""
| #define PACKAGE_VERSION ""
| #define PACKAGE_STRING ""
| #define PACKAGE_BUGREPORT ""
| #define PACKAGE_URL ""
| #define MACOSX 1
| #define HAVE_PCAP 1
| /* end confdefs.h.  */
| #include <ac_nonexistent.h>
configure:3266: checking for grep that handles long lines and -e
configure:3324: result: /usr/bin/grep
configure:3329: checking for egrep
configure:3391: result: /usr/bin/grep -E
configure:3396: checking for ANSI C header files
configure:3416: gcc -c -g -O2  conftest.c >&5
configure:3416: $? = 0
configure:3489: gcc -o conftest -g -O2   conftest.c  >&5
configure:3489: $? = 0
configure:3489: ./conftest
configure:3489: $? = 0
configure:3500: result: yes
configure:3513: checking for sys/types.h
configure:3513: gcc -c -g -O2  conftest.c >&5
configure:3513: $? = 0
configure:3513: result: yes
configure:3513: checking for sys/stat.h
configure:3513: gcc -c -g -O2  conftest.c >&5
configure:3513: $? = 0
configure:3513: result: yes
configure:3513: checking for stdlib.h
configure:3513: gcc -c -g -O2  conftest.c >&5
configure:3513: $? = 0
configure:3513: result: yes
configure:3513: checking for string.h
configure:3513: gcc -c -g -O2  conftest.c >&5
configure:3513: $? = 0
configure:3513: result: yes
configure:3513: checking for memory.h
configure:3513: gcc -c -g -O2  conftest.c >&5
configure:3513: $? = 0
configure:3513: result: yes
configure:3513: checking for strings.h
configure:3513: gcc -c -g -O2  conftest.c >&5
configure:3513: $? = 0
configure:3513: result: yes
configure:3513: checking for inttypes.h
configure:3513: gcc -c -g -O2  conftest.c >&5
configure:3513: $? = 0
configure:3513: result: yes
configure:3513: checking for stdint.h
configure:3513: gcc -c -g -O2  conftest.c >&5
configure:3513: $? = 0
configure:3513: result: yes
configure:3513: checking for unistd.h
configure:3513: gcc -c -g -O2  conftest.c >&5
configure:3513: $? = 0
configure:3513: result: yes
configure:3526: checking linux/version.h usability
configure:3526: gcc -c -g -O2  conftest.c >&5
conftest.c:54:10: fatal error: 'linux/version.h' file not found
#include <linux/version.h>
         ^
1 error generated.
configure:3526: $? = 1
configure: failed program was:
| /* confdefs.h */
| #define PACKAGE_NAME ""
| #define PACKAGE_TARNAME ""
| #define PACKAGE_VERSION ""
| #define PACKAGE_STRING ""
| #define PACKAGE_BUGREPORT ""
| #define PACKAGE_URL ""
| #define MACOSX 1
| #define HAVE_PCAP 1
| #define STDC_HEADERS 1
| #define HAVE_SYS_TYPES_H 1
| #define HAVE_SYS_STAT_H 1
| #define HAVE_STDLIB_H 1
| #define HAVE_STRING_H 1
| #define HAVE_MEMORY_H 1
| #define HAVE_STRINGS_H 1
| #define HAVE_INTTYPES_H 1
| #define HAVE_STDINT_H 1
| #define HAVE_UNISTD_H 1
| /* end confdefs.h.  */
| #include <stdio.h>
| #ifdef HAVE_SYS_TYPES_H
| # include <sys/types.h>
| #endif
| #ifdef HAVE_SYS_STAT_H
| # include <sys/stat.h>
| #endif
| #ifdef STDC_HEADERS
| # include <stdlib.h>
| # include <stddef.h>
| #else
| # ifdef HAVE_STDLIB_H
| #  include <stdlib.h>
| # endif
| #endif
| #ifdef HAVE_STRING_H
| # if !defined STDC_HEADERS && defined HAVE_MEMORY_H
| #  include <memory.h>
| # endif
| # include <string.h>
| #endif
| #ifdef HAVE_STRINGS_H
| # include <strings.h>
| #endif
| #ifdef HAVE_INTTYPES_H
| # include <inttypes.h>
| #endif
| #ifdef HAVE_STDINT_H
| # include <stdint.h>
| #endif
| #ifdef HAVE_UNISTD_H
| # include <unistd.h>
| #endif
| #include <linux/version.h>
configure:3526: result: no
configure:3526: checking linux/version.h presence
configure:3526: gcc -E  conftest.c
conftest.c:21:10: fatal error: 'linux/version.h' file not found
#include <linux/version.h>
         ^
1 error generated.
configure:3526: $? = 1
configure: failed program was:
| /* confdefs.h */
| #define PACKAGE_NAME ""
| #define PACKAGE_TARNAME ""
| #define PACKAGE_VERSION ""
| #define PACKAGE_STRING ""
| #define PACKAGE_BUGREPORT ""
| #define PACKAGE_URL ""
| #define MACOSX 1
| #define HAVE_PCAP 1
| #define STDC_HEADERS 1
| #define HAVE_SYS_TYPES_H 1
| #define HAVE_SYS_STAT_H 1
| #define HAVE_STDLIB_H 1
| #define HAVE_STRING_H 1
| #define HAVE_MEMORY_H 1
| #define HAVE_STRINGS_H 1
| #define HAVE_INTTYPES_H 1
| #define HAVE_STDINT_H 1
| #define HAVE_UNISTD_H 1
| /* end confdefs.h.  */
| #include <linux/version.h>
configure:3526: result: no
configure:3526: checking for linux/version.h
configure:3526: result: no
configure:3532: checking for Linux epoll(7) interface
configure:3558: gcc -o conftest -g -O2   conftest.c  >&5
conftest.c:21:16: fatal error: 'sys/epoll.h' file not found
      #include <sys/epoll.h>
               ^
1 error generated.
configure:3558: $? = 1
configure: failed program was:
| /* confdefs.h */
| #define PACKAGE_NAME ""
| #define PACKAGE_TARNAME ""
| #define PACKAGE_VERSION ""
| #define PACKAGE_STRING ""
| #define PACKAGE_BUGREPORT ""
| #define PACKAGE_URL ""
| #define MACOSX 1
| #define HAVE_PCAP 1
| #define STDC_HEADERS 1
| #define HAVE_SYS_TYPES_H 1
| #define HAVE_SYS_STAT_H 1
| #define HAVE_STDLIB_H 1
| #define HAVE_STRING_H 1
| #define HAVE_MEMORY_H 1
| #define HAVE_STRINGS_H 1
| #define HAVE_INTTYPES_H 1
| #define HAVE_STDINT_H 1
| #define HAVE_UNISTD_H 1
| /* end confdefs.h.  */
|       #include <sys/epoll.h>
| #ifdef HAVE_LINUX_VERSION_H
| #  include <linux/version.h>
| #  if LINUX_VERSION_CODE < KERNEL_VERSION(2,5,45)
| #    error linux kernel version is too old to have epoll
| #  endif
| #endif
| 
| int
| main ()
| {
| int fd, rc;
| struct epoll_event ev;
| fd = epoll_create(128);
| rc = epoll_wait(fd, &ev, 1, 0);
|   ;
|   return 0;
| }
configure:3574: result: no
configure:3579: checking for poll(2)
configure:3595: gcc -o conftest -g -O2   conftest.c  >&5
configure:3595: $? = 0
configure:3605: result: yes
configure:3618: checking for kqueue
configure:3618: gcc -o conftest -g -O2   conftest.c  >&5
configure:3618: $? = 0
configure:3618: result: yes
configure:3618: checking for kevent
configure:3618: gcc -o conftest -g -O2   conftest.c  >&5
configure:3618: $? = 0
configure:3618: result: yes
configure:3677: checking for gcc
configure:3704: result: gcc
configure:3933: checking for C compiler version
configure:3942: gcc --version >&5
Apple LLVM version 5.0 (clang-500.2.79) (based on LLVM 3.3svn)
Target: x86_64-apple-darwin13.0.0
Thread model: posix
Configured with: --prefix=/Applications/Xcode.app/Contents/Developer/usr --with-gxx-include-dir=/usr/include/c++/4.2.1
configure:3953: $? = 0
configure:3942: gcc -v >&5
Configured with: --prefix=/Applications/Xcode.app/Contents/Developer/usr --with-gxx-include-dir=/usr/include/c++/4.2.1
Apple LLVM version 5.0 (clang-500.2.79) (based on LLVM 3.3svn)
Target: x86_64-apple-darwin13.0.0
Thread model: posix
configure:3953: $? = 0
configure:3942: gcc -V >&5
clang: error: argument to '-V' is missing (expected 1 value)
clang: error: no input files
configure:3953: $? = 1
configure:3942: gcc -qversion >&5
clang: error: no input files
configure:3953: $? = 1
configure:3957: checking whether we are using the GNU C compiler
configure:3985: result: yes
configure:3994: checking whether gcc accepts -g
configure:4055: result: yes
configure:4072: checking for gcc option to accept ISO C89
configure:4148: result: none needed
configure:4214: checking for ranlib
configure:4230: found /usr/bin/ranlib
configure:4241: result: ranlib
configure:4265: checking for gethostent
configure:4265: gcc -o conftest -g -O2 -Wall    conftest.c  >&5
configure:4265: $? = 0
configure:4265: result: yes
configure:4316: checking for setsockopt
configure:4316: gcc -o conftest -g -O2 -Wall    conftest.c  >&5
configure:4316: $? = 0
configure:4316: result: yes
configure:4368: checking for nanosleep
configure:4368: gcc -o conftest -g -O2 -Wall    conftest.c  >&5
configure:4368: $? = 0
configure:4368: result: yes
configure:4420: checking for ANSI C header files
configure:4524: result: yes
configure:4535: checking net/bpf.h usability
configure:4535: gcc -c -g -O2 -Wall   conftest.c >&5
configure:4535: $? = 0
configure:4535: result: yes
configure:4535: checking net/bpf.h presence
configure:4535: gcc -E  conftest.c
configure:4535: $? = 0
configure:4535: result: yes
configure:4535: checking for net/bpf.h
configure:4535: result: yes
configure:4535: checking sys/ioctl.h usability
configure:4535: gcc -c -g -O2 -Wall   conftest.c >&5
configure:4535: $? = 0
configure:4535: result: yes
configure:4535: checking sys/ioctl.h presence
configure:4535: gcc -E  conftest.c
configure:4535: $? = 0
configure:4535: result: yes
configure:4535: checking for sys/ioctl.h
configure:4535: result: yes
configure:4535: checking sys/un.h usability
configure:4535: gcc -c -g -O2 -Wall   conftest.c >&5
configure:4535: $? = 0
configure:4535: result: yes
configure:4535: checking sys/un.h presence
configure:4535: gcc -E  conftest.c
configure:4535: $? = 0
configure:4535: result: yes
configure:4535: checking for sys/un.h
configure:4535: result: yes
configure:4535: checking netdb.h usability
configure:4535: gcc -c -g -O2 -Wall   conftest.c >&5
configure:4535: $? = 0
configure:4535: result: yes
configure:4535: checking netdb.h presence
configure:4535: gcc -E  conftest.c
configure:4535: $? = 0
configure:4535: result: yes
configure:4535: checking for netdb.h
configure:4535: result: yes
configure:4570: checking openssl/ssl.h usability
configure:4570: gcc -c -g -O2 -Wall   conftest.c >&5
configure:4570: $? = 0
configure:4570: result: yes
configure:4570: checking openssl/ssl.h presence
configure:4570: gcc -E  conftest.c
configure:4570: $? = 0
configure:4570: result: yes
configure:4570: checking for openssl/ssl.h
configure:4570: result: yes
configure:4587: checking for BIO_int_ctrl in -lcrypto
configure:4612: gcc -o conftest -g -O2 -Wall    conftest.c -lcrypto   >&5
configure:4612: $? = 0
configure:4621: result: yes
configure:4638: checking for SSL_new in -lssl
configure:4663: gcc -o conftest -g -O2 -Wall    conftest.c -lssl  -lcrypto   >&5
configure:4663: $? = 0
configure:4672: result: yes
configure:4689: checking for library containing dlopen
configure:4720: gcc -o conftest -g -O2 -Wall    conftest.c  >&5
configure:4720: $? = 0
configure:4737: result: none required
configure:4756: checking for SSL_set_tlsext_host_name
configure:4769: gcc -o conftest -g -O2 -Wall    conftest.c  -lssl -lcrypto >&5
conftest.c:36:1: warning: 'SSL_ctrl' is deprecated: first deprecated in OS X 10.7 [-Wdeprecated-declarations]
SSL_set_tlsext_host_name(NULL, NULL)
^
/usr/include/openssl/tls1.h:133:42: note: expanded from macro 'SSL_set_tlsext_host_name'
#define SSL_set_tlsext_host_name(s,name) \
                                         ^
/usr/include/openssl/ssl.h:1496:6: note: 'SSL_ctrl' declared here
long    SSL_ctrl(SSL *ssl,int cmd, long larg, void *parg) DEPRECATED_IN_MAC_OS_X_VERSION_10_7_AND_LATER;
        ^
1 warning generated.
configure:4769: $? = 0
configure:4770: result: yes
configure:4924: creating ./config.status

## ---------------------- ##
## Running config.status. ##
## ---------------------- ##

This file was extended by config.status, which was
generated by GNU Autoconf 2.69.  Invocation command line was

  CONFIG_FILES    = 
  CONFIG_HEADERS  = 
  CONFIG_LINKS    = 
  CONFIG_COMMANDS = 
  $ ./config.status 

on npawelczyk

config.status:824: creating Makefile
config.status:824: creating ../include/nsock_config.h

## ---------------- ##
## Cache variables. ##
## ---------------- ##

ac_cv_build=x86_64-apple-darwin13.0.0
ac_cv_c_compiler_gnu=yes
ac_cv_env_CC_set=
ac_cv_env_CC_value=
ac_cv_env_CFLAGS_set=
ac_cv_env_CFLAGS_value=
ac_cv_env_CPPFLAGS_set=
ac_cv_env_CPPFLAGS_value=
ac_cv_env_CPP_set=
ac_cv_env_CPP_value=
ac_cv_env_LDFLAGS_set=
ac_cv_env_LDFLAGS_value=
ac_cv_env_LIBS_set=
ac_cv_env_LIBS_value=
ac_cv_env_build_alias_set=
ac_cv_env_build_alias_value=
ac_cv_env_host_alias_set=
ac_cv_env_host_alias_value=
ac_cv_env_target_alias_set=
ac_cv_env_target_alias_value=
ac_cv_func_gethostent=yes
ac_cv_func_kevent=yes
ac_cv_func_kqueue=yes
ac_cv_func_nanosleep=yes
ac_cv_func_setsockopt=yes
ac_cv_header_inttypes_h=yes
ac_cv_header_linux_version_h=no
ac_cv_header_memory_h=yes
ac_cv_header_net_bpf_h=yes
ac_cv_header_netdb_h=yes
ac_cv_header_openssl_ssl_h=yes
ac_cv_header_stdc=yes
ac_cv_header_stdint_h=yes
ac_cv_header_stdlib_h=yes
ac_cv_header_string_h=yes
ac_cv_header_strings_h=yes
ac_cv_header_sys_ioctl_h=yes
ac_cv_header_sys_stat_h=yes
ac_cv_header_sys_types_h=yes
ac_cv_header_sys_un_h=yes
ac_cv_header_unistd_h=yes
ac_cv_host=x86_64-apple-darwin13.0.0
ac_cv_lib_crypto_BIO_int_ctrl=yes
ac_cv_lib_ssl_SSL_new=yes
ac_cv_objext=o
ac_cv_path_EGREP='/usr/bin/grep -E'
ac_cv_path_GREP=/usr/bin/grep
ac_cv_prog_CPP='gcc -E'
ac_cv_prog_ac_ct_CC=gcc
ac_cv_prog_ac_ct_RANLIB=ranlib
ac_cv_prog_cc_c89=
ac_cv_prog_cc_g=yes
ac_cv_search_dlopen='none required'
ax_cv_have_epoll=no
ax_cv_have_poll=yes

## ----------------- ##
## Output variables. ##
## ----------------- ##

CC='gcc'
CFLAGS='-g -O2 -Wall '
CPP='gcc -E'
CPPFLAGS=' -I../../nbase'
DEFS='-DHAVE_CONFIG_H'
ECHO_C='\c'
ECHO_N=''
ECHO_T=''
EGREP='/usr/bin/grep -E'
EXEEXT=''
GREP='/usr/bin/grep'
LDFLAGS=' -L../../nbase'
LIBNBASE_LIBS=' -lssl -lcrypto -lnbase'
LIBOBJS=''
LIBS=' -lssl -lcrypto'
LTLIBOBJS=''
NBASEDIR='../../nbase'
NSOCKTESTDIR='../tests'
OBJEXT='o'
OPENSSL_LIBS='-lssl -lcrypto'
PACKAGE_BUGREPORT=''
PACKAGE_NAME=''
PACKAGE_STRING=''
PACKAGE_TARNAME=''
PACKAGE_URL=''
PACKAGE_VERSION=''
PATH_SEPARATOR=':'
RANLIB='ranlib'
SHELL='/bin/sh'
ac_ct_CC='gcc'
bindir='${exec_prefix}/bin'
build='x86_64-apple-darwin13.0.0'
build_alias=''
build_cpu='x86_64'
build_os='darwin13.0.0'
build_vendor='apple'
datadir='${datarootdir}'
datarootdir='${prefix}/share'
docdir='${datarootdir}/doc/${PACKAGE}'
dvidir='${docdir}'
exec_prefix='${prefix}'
host='x86_64-apple-darwin13.0.0'
host_alias=''
host_cpu='x86_64'
host_os='darwin13.0.0'
host_vendor='apple'
htmldir='${docdir}'
includedir='${prefix}/include'
infodir='${datarootdir}/info'
libdir='${exec_prefix}/lib'
libexecdir='${exec_prefix}/libexec'
localedir='${datarootdir}/locale'
localstatedir='${prefix}/var'
mandir='${datarootdir}/man'
oldincludedir='/usr/include'
pdfdir='${docdir}'
prefix='/usr/local'
program_transform_name='s,x,x,'
psdir='${docdir}'
sbindir='${exec_prefix}/sbin'
sharedstatedir='${prefix}/com'
sysconfdir='${prefix}/etc'
target_alias=''

## ----------- ##
## confdefs.h. ##
## ----------- ##

/* confdefs.h */
#define PACKAGE_NAME ""
#define PACKAGE_TARNAME ""
#define PACKAGE_VERSION ""
#define PACKAGE_STRING ""
#define PACKAGE_BUGREPORT ""
#define PACKAGE_URL ""
#define MACOSX 1
#define HAVE_PCAP 1
#define STDC_HEADERS 1
#define HAVE_SYS_TYPES_H 1
#define HAVE_SYS_STAT_H 1
#define HAVE_STDLIB_H 1
#define HAVE_STRING_H 1
#define HAVE_MEMORY_H 1
#define HAVE_STRINGS_H 1
#define HAVE_INTTYPES_H 1
#define HAVE_STDINT_H 1
#define HAVE_UNISTD_H 1
#define HAVE_POLL 1
#define HAVE_KQUEUE 1
#define HAVE_KQUEUE 1
#define HAVE_KEVENT 1
#define HAVE_KQUEUE 1
#define STDC_HEADERS 1
#define HAVE_NET_BPF_H 1
#define HAVE_SYS_IOCTL_H 1
#define HAVE_SYS_UN_H 1
#define HAVE_NETDB_H 1
#define HAVE_OPENSSL 1
#define HAVE_SSL_SET_TLSEXT_HOST_NAME 1

configure: exit 0
