This file contains any messages produced by compilers while
running configure, to aid debugging if configure makes a mistake.

It was created by configure, which was
generated by GNU Autoconf 2.69.  Invocation command line was

  $ ./configure --disable-option-checking --prefix=/usr/local --cache-file=/dev/null --srcdir=.

## --------- ##
## Platform. ##
## --------- ##

hostname = npawelczyk
uname -m = x86_64
uname -r = 13.0.0
uname -s = Darwin
uname -v = Darwin Kernel Version 13.0.0: Thu Sep 19 22:22:27 PDT 2013; root:xnu-2422.1.72~6/RELEASE_X86_64

/usr/bin/uname -p = i386
/bin/uname -X     = unknown

/bin/arch              = unknown
/usr/bin/arch -k       = unknown
/usr/convex/getsysinfo = unknown
/usr/bin/hostinfo      = Mach kernel version:
	 Darwin Kernel Version 13.0.0: Thu Sep 19 22:22:27 PDT 2013; root:xnu-2422.1.72~6/RELEASE_X86_64
Kernel configured for up to 4 processors.
2 processors are physically available.
4 processors are logically available.
Processor type: i486 (Intel 80486)
Processors active: 0 1 2 3
Primary memory available: 4.00 gigabytes
Default processor set: 190 tasks, 919 threads, 4 processors
Load average: 3.94, Mach factor: 0.86
/bin/machine           = unknown
/usr/bin/oslevel       = unknown
/bin/universe          = unknown

PATH: /usr/local/lib
PATH: /usr/local/include
PATH: /usr/local/bin
PATH: /usr/bin
PATH: /bin
PATH: /usr/sbin
PATH: /sbin
PATH: /usr/local/bin
PATH: /opt/X11/bin
PATH: /usr/local/git/bin


## ----------- ##
## Core tests. ##
## ----------- ##

configure:2300: checking build system type
configure:2314: result: x86_64-apple-darwin13.0.0
configure:2334: checking host system type
configure:2347: result: x86_64-apple-darwin13.0.0
configure:2415: checking for gcc
configure:2431: found /usr/bin/gcc
configure:2442: result: gcc
configure:2671: checking for C compiler version
configure:2680: gcc --version >&5
Apple LLVM version 5.0 (clang-500.2.79) (based on LLVM 3.3svn)
Target: x86_64-apple-darwin13.0.0
Thread model: posix
Configured with: --prefix=/Applications/Xcode.app/Contents/Developer/usr --with-gxx-include-dir=/usr/include/c++/4.2.1
configure:2691: $? = 0
configure:2680: gcc -v >&5
Configured with: --prefix=/Applications/Xcode.app/Contents/Developer/usr --with-gxx-include-dir=/usr/include/c++/4.2.1
Apple LLVM version 5.0 (clang-500.2.79) (based on LLVM 3.3svn)
Target: x86_64-apple-darwin13.0.0
Thread model: posix
configure:2691: $? = 0
configure:2680: gcc -V >&5
clang: error: argument to '-V' is missing (expected 1 value)
clang: error: no input files
configure:2691: $? = 1
configure:2680: gcc -qversion >&5
clang: error: no input files
configure:2691: $? = 1
configure:2711: checking whether the C compiler works
configure:2733: gcc    conftest.c  >&5
configure:2737: $? = 0
configure:2785: result: yes
configure:2788: checking for C compiler default output file name
configure:2790: result: a.out
configure:2796: checking for suffix of executables
configure:2803: gcc -o conftest    conftest.c  >&5
configure:2807: $? = 0
configure:2829: result: 
configure:2851: checking whether we are cross compiling
configure:2859: gcc -o conftest    conftest.c  >&5
configure:2863: $? = 0
configure:2870: ./conftest
configure:2874: $? = 0
configure:2889: result: no
configure:2894: checking for suffix of object files
configure:2916: gcc -c   conftest.c >&5
configure:2920: $? = 0
configure:2941: result: o
configure:2945: checking whether we are using the GNU C compiler
configure:2964: gcc -c   conftest.c >&5
configure:2964: $? = 0
configure:2973: result: yes
configure:2982: checking whether gcc accepts -g
configure:3002: gcc -c -g  conftest.c >&5
configure:3002: $? = 0
configure:3043: result: yes
configure:3060: checking for gcc option to accept ISO C89
configure:3123: gcc  -c -g -O2  conftest.c >&5
configure:3123: $? = 0
configure:3136: result: none needed
configure:3157: checking for inline
configure:3173: gcc -c -g -O2  conftest.c >&5
configure:3173: $? = 0
configure:3181: result: inline
configure:3248: checking for gcc
configure:3275: result: gcc
configure:3504: checking for C compiler version
configure:3513: gcc --version >&5
Apple LLVM version 5.0 (clang-500.2.79) (based on LLVM 3.3svn)
Target: x86_64-apple-darwin13.0.0
Thread model: posix
Configured with: --prefix=/Applications/Xcode.app/Contents/Developer/usr --with-gxx-include-dir=/usr/include/c++/4.2.1
configure:3524: $? = 0
configure:3513: gcc -v >&5
Configured with: --prefix=/Applications/Xcode.app/Contents/Developer/usr --with-gxx-include-dir=/usr/include/c++/4.2.1
Apple LLVM version 5.0 (clang-500.2.79) (based on LLVM 3.3svn)
Target: x86_64-apple-darwin13.0.0
Thread model: posix
configure:3524: $? = 0
configure:3513: gcc -V >&5
clang: error: argument to '-V' is missing (expected 1 value)
clang: error: no input files
configure:3524: $? = 1
configure:3513: gcc -qversion >&5
clang: error: no input files
configure:3524: $? = 1
configure:3528: checking whether we are using the GNU C compiler
configure:3556: result: yes
configure:3565: checking whether gcc accepts -g
configure:3626: result: yes
configure:3643: checking for gcc option to accept ISO C89
configure:3719: result: none needed
configure:3797: checking for g++
configure:3813: found /usr/bin/g++
configure:3824: result: g++
configure:3851: checking for C++ compiler version
configure:3860: g++ --version >&5
Apple LLVM version 5.0 (clang-500.2.79) (based on LLVM 3.3svn)
Target: x86_64-apple-darwin13.0.0
Thread model: posix
Configured with: --prefix=/Applications/Xcode.app/Contents/Developer/usr --with-gxx-include-dir=/usr/include/c++/4.2.1
configure:3871: $? = 0
configure:3860: g++ -v >&5
Configured with: --prefix=/Applications/Xcode.app/Contents/Developer/usr --with-gxx-include-dir=/usr/include/c++/4.2.1
Apple LLVM version 5.0 (clang-500.2.79) (based on LLVM 3.3svn)
Target: x86_64-apple-darwin13.0.0
Thread model: posix
configure:3871: $? = 0
configure:3860: g++ -V >&5
clang: error: argument to '-V' is missing (expected 1 value)
clang: error: no input files
configure:3871: $? = 1
configure:3860: g++ -qversion >&5
clang: error: no input files
configure:3871: $? = 1
configure:3875: checking whether we are using the GNU C++ compiler
configure:3894: g++ -c   conftest.cpp >&5
configure:3894: $? = 0
configure:3903: result: yes
configure:3912: checking whether g++ accepts -g
configure:3932: g++ -c -g  conftest.cpp >&5
configure:3932: $? = 0
configure:3973: result: yes
configure:4010: checking for a BSD-compatible install
configure:4078: result: /usr/bin/install -c
configure:4094: checking whether the compiler is gcc 4 or greater
configure:4115: result: yes
configure:4125: checking for __func__
configure:4140: gcc -c -g -O2  conftest.c >&5
configure:4140: $? = 0
configure:4147: result: yes
configure:4232: checking for strip
configure:4250: found /usr/bin/strip
configure:4262: result: /usr/bin/strip
configure:4292: checking how to run the C preprocessor
configure:4323: gcc -E  conftest.c
configure:4323: $? = 0
configure:4337: gcc -E  conftest.c
conftest.c:9:10: fatal error: 'ac_nonexistent.h' file not found
#include <ac_nonexistent.h>
         ^
1 error generated.
configure:4337: $? = 1
configure: failed program was:
| /* confdefs.h */
| #define PACKAGE_NAME ""
| #define PACKAGE_TARNAME ""
| #define PACKAGE_VERSION ""
| #define PACKAGE_STRING ""
| #define PACKAGE_BUGREPORT ""
| #define PACKAGE_URL ""
| /* end confdefs.h.  */
| #include <ac_nonexistent.h>
configure:4362: result: gcc -E
configure:4382: gcc -E  conftest.c
configure:4382: $? = 0
configure:4396: gcc -E  conftest.c
conftest.c:9:10: fatal error: 'ac_nonexistent.h' file not found
#include <ac_nonexistent.h>
         ^
1 error generated.
configure:4396: $? = 1
configure: failed program was:
| /* confdefs.h */
| #define PACKAGE_NAME ""
| #define PACKAGE_TARNAME ""
| #define PACKAGE_VERSION ""
| #define PACKAGE_STRING ""
| #define PACKAGE_BUGREPORT ""
| #define PACKAGE_URL ""
| /* end confdefs.h.  */
| #include <ac_nonexistent.h>
configure:4425: checking for grep that handles long lines and -e
configure:4483: result: /usr/bin/grep
configure:4488: checking for egrep
configure:4550: result: /usr/bin/grep -E
configure:4555: checking for ANSI C header files
configure:4575: gcc -c -g -O2  conftest.c >&5
configure:4575: $? = 0
configure:4648: gcc -o conftest -g -O2   conftest.c  >&5
configure:4648: $? = 0
configure:4648: ./conftest
configure:4648: $? = 0
configure:4659: result: yes
configure:4672: checking for sys/types.h
configure:4672: gcc -c -g -O2  conftest.c >&5
configure:4672: $? = 0
configure:4672: result: yes
configure:4672: checking for sys/stat.h
configure:4672: gcc -c -g -O2  conftest.c >&5
configure:4672: $? = 0
configure:4672: result: yes
configure:4672: checking for stdlib.h
configure:4672: gcc -c -g -O2  conftest.c >&5
configure:4672: $? = 0
configure:4672: result: yes
configure:4672: checking for string.h
configure:4672: gcc -c -g -O2  conftest.c >&5
configure:4672: $? = 0
configure:4672: result: yes
configure:4672: checking for memory.h
configure:4672: gcc -c -g -O2  conftest.c >&5
configure:4672: $? = 0
configure:4672: result: yes
configure:4672: checking for strings.h
configure:4672: gcc -c -g -O2  conftest.c >&5
configure:4672: $? = 0
configure:4672: result: yes
configure:4672: checking for inttypes.h
configure:4672: gcc -c -g -O2  conftest.c >&5
configure:4672: $? = 0
configure:4672: result: yes
configure:4672: checking for stdint.h
configure:4672: gcc -c -g -O2  conftest.c >&5
configure:4672: $? = 0
configure:4672: result: yes
configure:4672: checking for unistd.h
configure:4672: gcc -c -g -O2  conftest.c >&5
configure:4672: $? = 0
configure:4672: result: yes
configure:4687: checking pwd.h usability
configure:4687: gcc -c -g -O2  conftest.c >&5
configure:4687: $? = 0
configure:4687: result: yes
configure:4687: checking pwd.h presence
configure:4687: gcc -E  conftest.c
configure:4687: $? = 0
configure:4687: result: yes
configure:4687: checking for pwd.h
configure:4687: result: yes
configure:4687: checking termios.h usability
configure:4687: gcc -c -g -O2  conftest.c >&5
configure:4687: $? = 0
configure:4687: result: yes
configure:4687: checking termios.h presence
configure:4687: gcc -E  conftest.c
configure:4687: $? = 0
configure:4687: result: yes
configure:4687: checking for termios.h
configure:4687: result: yes
configure:4687: checking sys/sockio.h usability
configure:4687: gcc -c -g -O2  conftest.c >&5
configure:4687: $? = 0
configure:4687: result: yes
configure:4687: checking sys/sockio.h presence
configure:4687: gcc -E  conftest.c
configure:4687: $? = 0
configure:4687: result: yes
configure:4687: checking for sys/sockio.h
configure:4687: result: yes
configure:4698: checking for library containing setsockopt
configure:4729: gcc -o conftest -g -O2   conftest.c  >&5
configure:4729: $? = 0
configure:4746: result: none required
configure:4754: checking for library containing gethostbyname
configure:4785: gcc -o conftest -g -O2   conftest.c  >&5
configure:4785: $? = 0
configure:4802: result: none required
configure:4812: checking for library containing dlopen
configure:4843: gcc -o conftest -g -O2   conftest.c  >&5
configure:4843: $? = 0
configure:4860: result: none required
configure:4870: checking for library containing nl_handle_alloc
configure:4901: gcc -o conftest -g -O2   conftest.c  >&5
Undefined symbols for architecture x86_64:
  "_nl_handle_alloc", referenced from:
      _main in conftest-6BBkLt.o
ld: symbol(s) not found for architecture x86_64
clang: error: linker command failed with exit code 1 (use -v to see invocation)
configure:4901: $? = 1
configure: failed program was:
| /* confdefs.h */
| #define PACKAGE_NAME ""
| #define PACKAGE_TARNAME ""
| #define PACKAGE_VERSION ""
| #define PACKAGE_STRING ""
| #define PACKAGE_BUGREPORT ""
| #define PACKAGE_URL ""
| #define STDC_HEADERS 1
| #define HAVE_SYS_TYPES_H 1
| #define HAVE_SYS_STAT_H 1
| #define HAVE_STDLIB_H 1
| #define HAVE_STRING_H 1
| #define HAVE_MEMORY_H 1
| #define HAVE_STRINGS_H 1
| #define HAVE_INTTYPES_H 1
| #define HAVE_STDINT_H 1
| #define HAVE_UNISTD_H 1
| #define HAVE_PWD_H 1
| #define HAVE_TERMIOS_H 1
| #define HAVE_SYS_SOCKIO_H 1
| /* end confdefs.h.  */
| 
| /* Override any GCC internal prototype to avoid an error.
|    Use char because int might match the return type of a GCC
|    builtin and then its argument prototype would still apply.  */
| #ifdef __cplusplus
| extern "C"
| #endif
| char nl_handle_alloc ();
| int
| main ()
| {
| return nl_handle_alloc ();
|   ;
|   return 0;
| }
configure:4901: gcc -o conftest -g -O2   conftest.c -lnl   >&5
ld: library not found for -lnl
clang: error: linker command failed with exit code 1 (use -v to see invocation)
configure:4901: $? = 1
configure: failed program was:
| /* confdefs.h */
| #define PACKAGE_NAME ""
| #define PACKAGE_TARNAME ""
| #define PACKAGE_VERSION ""
| #define PACKAGE_STRING ""
| #define PACKAGE_BUGREPORT ""
| #define PACKAGE_URL ""
| #define STDC_HEADERS 1
| #define HAVE_SYS_TYPES_H 1
| #define HAVE_SYS_STAT_H 1
| #define HAVE_STDLIB_H 1
| #define HAVE_STRING_H 1
| #define HAVE_MEMORY_H 1
| #define HAVE_STRINGS_H 1
| #define HAVE_INTTYPES_H 1
| #define HAVE_STDINT_H 1
| #define HAVE_UNISTD_H 1
| #define HAVE_PWD_H 1
| #define HAVE_TERMIOS_H 1
| #define HAVE_SYS_SOCKIO_H 1
| /* end confdefs.h.  */
| 
| /* Override any GCC internal prototype to avoid an error.
|    Use char because int might match the return type of a GCC
|    builtin and then its argument prototype would still apply.  */
| #ifdef __cplusplus
| extern "C"
| #endif
| char nl_handle_alloc ();
| int
| main ()
| {
| return nl_handle_alloc ();
|   ;
|   return 0;
| }
configure:4918: result: no
configure:4951: checking openssl/ssl.h usability
configure:4951: gcc -c -g -O2  conftest.c >&5
configure:4951: $? = 0
configure:4951: result: yes
configure:4951: checking openssl/ssl.h presence
configure:4951: gcc -E  conftest.c
configure:4951: $? = 0
configure:4951: result: yes
configure:4951: checking for openssl/ssl.h
configure:4951: result: yes
configure:4968: checking for BIO_int_ctrl in -lcrypto
configure:4993: gcc -o conftest -g -O2   conftest.c -lcrypto   >&5
configure:4993: $? = 0
configure:5002: result: yes
configure:5019: checking for SSL_new in -lssl
configure:5044: gcc -o conftest -g -O2   conftest.c -lssl  -lcrypto   >&5
configure:5044: $? = 0
configure:5053: result: yes
configure:5077: checking for EVP_sha256
configure:5077: gcc -o conftest -g -O2   conftest.c  -lssl -lcrypto >&5
configure:5077: $? = 0
configure:5077: result: yes
configure:5099: checking pcap.h usability
configure:5099: gcc -c -g -O2  conftest.c >&5
configure:5099: $? = 0
configure:5099: result: yes
configure:5099: checking pcap.h presence
configure:5099: gcc -E  conftest.c
configure:5099: $? = 0
configure:5099: result: yes
configure:5099: checking for pcap.h
configure:5099: result: yes
configure:5102: checking for pcap_datalink in -lpcap
configure:5127: gcc -o conftest -g -O2   conftest.c -lpcap   >&5
configure:5127: $? = 0
configure:5136: result: yes
configure:5233: checking sys/ioccom.h usability
configure:5233: gcc -c -g -O2  conftest.c >&5
configure:5233: $? = 0
configure:5233: result: yes
configure:5233: checking sys/ioccom.h presence
configure:5233: gcc -E  conftest.c
configure:5233: $? = 0
configure:5233: result: yes
configure:5233: checking for sys/ioccom.h
configure:5233: result: yes
configure:5233: checking sys/time.h usability
configure:5233: gcc -c -g -O2  conftest.c >&5
configure:5233: $? = 0
configure:5233: result: yes
configure:5233: checking sys/time.h presence
configure:5233: gcc -E  conftest.c
configure:5233: $? = 0
configure:5233: result: yes
configure:5233: checking for sys/time.h
configure:5233: result: yes
configure:5233: checking net/bpf.h usability
configure:5233: gcc -c -g -O2  conftest.c >&5
configure:5233: $? = 0
configure:5233: result: yes
configure:5233: checking net/bpf.h presence
configure:5233: gcc -E  conftest.c
configure:5233: $? = 0
configure:5233: result: yes
configure:5233: checking for net/bpf.h
configure:5233: result: yes
configure:5243: checking if libpcap is suitable
configure:5267: gcc -o conftest -g -O2   conftest.c  -lpcap >&5
configure:5267: $? = 0
configure:5267: ./conftest
configure:5267: $? = 0
configure:5305: gcc -o conftest -g -O2   conftest.c  -lpcap >&5
configure:5305: $? = 0
configure:5305: ./conftest
configure:5305: $? = 0
configure:5307: checking whether pcap_get_selectable_fd is declared
configure:5307: gcc -c -g -O2  conftest.c >&5
configure:5307: $? = 0
configure:5307: result: yes
configure:5310: result: yes
configure:5429: checking if sockaddr{} has sa_len member
configure:5447: gcc -c -g -O2 -I../libdnet-stripped/include  conftest.c >&5
configure:5447: $? = 0
configure:5454: result: yes
configure:5462: checking if sockaddr_in{} has sin_len member
configure:5481: gcc -c -g -O2 -I../libdnet-stripped/include  conftest.c >&5
configure:5481: $? = 0
configure:5488: result: yes
configure:5496: checking if sockaddr_in6{} has sin6_len member
configure:5515: gcc -c -g -O2 -I../libdnet-stripped/include  conftest.c >&5
configure:5515: $? = 0
configure:5522: result: yes
configure:5531: checking whether byte ordering is bigendian
configure:5546: gcc -c -g -O2 -I../libdnet-stripped/include  conftest.c >&5
configure:5546: $? = 0
configure:5591: gcc -c -g -O2 -I../libdnet-stripped/include  conftest.c >&5
configure:5591: $? = 0
configure:5609: gcc -c -g -O2 -I../libdnet-stripped/include  conftest.c >&5
conftest.c:37:4: error: use of undeclared identifier 'not'
                 not big endian
                 ^
1 error generated.
configure:5609: $? = 1
configure: failed program was:
| /* confdefs.h */
| #define PACKAGE_NAME ""
| #define PACKAGE_TARNAME ""
| #define PACKAGE_VERSION ""
| #define PACKAGE_STRING ""
| #define PACKAGE_BUGREPORT ""
| #define PACKAGE_URL ""
| #define STDC_HEADERS 1
| #define HAVE_SYS_TYPES_H 1
| #define HAVE_SYS_STAT_H 1
| #define HAVE_STDLIB_H 1
| #define HAVE_STRING_H 1
| #define HAVE_MEMORY_H 1
| #define HAVE_STRINGS_H 1
| #define HAVE_INTTYPES_H 1
| #define HAVE_STDINT_H 1
| #define HAVE_UNISTD_H 1
| #define HAVE_PWD_H 1
| #define HAVE_TERMIOS_H 1
| #define HAVE_SYS_SOCKIO_H 1
| #define HAVE_OPENSSL 1
| #define HAVE_SYS_IOCCOM_H 1
| #define HAVE_SYS_TIME_H 1
| #define HAVE_NET_BPF_H 1
| #define HAVE_LIBPCAP 1
| #define HAVE_SOCKADDR_SA_LEN 1
| #define HAVE_SOCKADDR_IN_SIN_LEN 1
| #define HAVE_SOCKADDR_IN6_SIN6_LEN 1
| /* end confdefs.h.  */
| #include <sys/types.h>
| 		#include <sys/param.h>
| 
| int
| main ()
| {
| #if BYTE_ORDER != BIG_ENDIAN
| 		 not big endian
| 		#endif
| 
|   ;
|   return 0;
| }
configure:5737: result: no
configure:5756: checking if struct in_addr is a wacky huge structure (some Sun boxes)
configure:5770: gcc -c -g -O2 -I../libdnet-stripped/include  conftest.c >&5
conftest.c:34:21: error: no member named '_S_un' in 'struct in_addr'
struct in_addr i; i._S_un._S_addr;
                  ~ ^
1 error generated.
configure:5770: $? = 1
configure: failed program was:
| /* confdefs.h */
| #define PACKAGE_NAME ""
| #define PACKAGE_TARNAME ""
| #define PACKAGE_VERSION ""
| #define PACKAGE_STRING ""
| #define PACKAGE_BUGREPORT ""
| #define PACKAGE_URL ""
| #define STDC_HEADERS 1
| #define HAVE_SYS_TYPES_H 1
| #define HAVE_SYS_STAT_H 1
| #define HAVE_STDLIB_H 1
| #define HAVE_STRING_H 1
| #define HAVE_MEMORY_H 1
| #define HAVE_STRINGS_H 1
| #define HAVE_INTTYPES_H 1
| #define HAVE_STDINT_H 1
| #define HAVE_UNISTD_H 1
| #define HAVE_PWD_H 1
| #define HAVE_TERMIOS_H 1
| #define HAVE_SYS_SOCKIO_H 1
| #define HAVE_OPENSSL 1
| #define HAVE_SYS_IOCCOM_H 1
| #define HAVE_SYS_TIME_H 1
| #define HAVE_NET_BPF_H 1
| #define HAVE_LIBPCAP 1
| #define HAVE_SOCKADDR_SA_LEN 1
| #define HAVE_SOCKADDR_IN_SIN_LEN 1
| #define HAVE_SOCKADDR_IN6_SIN6_LEN 1
| /* end confdefs.h.  */
| #include <netinet/in.h>
| int
| main ()
| {
| struct in_addr i; i._S_un._S_addr;
|   ;
|   return 0;
| }
configure:5790: gcc -c -g -O2 -I../libdnet-stripped/include  conftest.c >&5
conftest.c:35:21: error: no member named 'S_un' in 'struct in_addr'
struct in_addr i; i.S_un.S_addr;
                  ~ ^
1 error generated.
configure:5790: $? = 1
configure: failed program was:
| /* confdefs.h */
| #define PACKAGE_NAME ""
| #define PACKAGE_TARNAME ""
| #define PACKAGE_VERSION ""
| #define PACKAGE_STRING ""
| #define PACKAGE_BUGREPORT ""
| #define PACKAGE_URL ""
| #define STDC_HEADERS 1
| #define HAVE_SYS_TYPES_H 1
| #define HAVE_SYS_STAT_H 1
| #define HAVE_STDLIB_H 1
| #define HAVE_STRING_H 1
| #define HAVE_MEMORY_H 1
| #define HAVE_STRINGS_H 1
| #define HAVE_INTTYPES_H 1
| #define HAVE_STDINT_H 1
| #define HAVE_UNISTD_H 1
| #define HAVE_PWD_H 1
| #define HAVE_TERMIOS_H 1
| #define HAVE_SYS_SOCKIO_H 1
| #define HAVE_OPENSSL 1
| #define HAVE_SYS_IOCCOM_H 1
| #define HAVE_SYS_TIME_H 1
| #define HAVE_NET_BPF_H 1
| #define HAVE_LIBPCAP 1
| #define HAVE_SOCKADDR_SA_LEN 1
| #define HAVE_SOCKADDR_IN_SIN_LEN 1
| #define HAVE_SOCKADDR_IN6_SIN6_LEN 1
| /* end confdefs.h.  */
| #include <sys/types.h>
| #include <netinet/in.h>
| int
| main ()
| {
| struct in_addr i; i.S_un.S_addr;
|   ;
|   return 0;
| }
configure:5798: result: no
configure:5840: checking if struct ip has ip_sum member
configure:5865: gcc -c -g -O2 -I../libdnet-stripped/include  conftest.c >&5
configure:5865: $? = 0
configure:5872: result: yes
configure:5879: checking if function signal is accessible
configure:5906: gcc -c -g -O2 -I../libdnet-stripped/include  conftest.c >&5
conftest.c:38:44: error: expected ';' at end of declaration
                    void handler(int signo){
                                           ^
                                           ;
1 error generated.
configure:5906: $? = 1
configure: failed program was:
| /* confdefs.h */
| #define PACKAGE_NAME ""
| #define PACKAGE_TARNAME ""
| #define PACKAGE_VERSION ""
| #define PACKAGE_STRING ""
| #define PACKAGE_BUGREPORT ""
| #define PACKAGE_URL ""
| #define STDC_HEADERS 1
| #define HAVE_SYS_TYPES_H 1
| #define HAVE_SYS_STAT_H 1
| #define HAVE_STDLIB_H 1
| #define HAVE_STRING_H 1
| #define HAVE_MEMORY_H 1
| #define HAVE_STRINGS_H 1
| #define HAVE_INTTYPES_H 1
| #define HAVE_STDINT_H 1
| #define HAVE_UNISTD_H 1
| #define HAVE_PWD_H 1
| #define HAVE_TERMIOS_H 1
| #define HAVE_SYS_SOCKIO_H 1
| #define HAVE_OPENSSL 1
| #define HAVE_SYS_IOCCOM_H 1
| #define HAVE_SYS_TIME_H 1
| #define HAVE_NET_BPF_H 1
| #define HAVE_LIBPCAP 1
| #define HAVE_SOCKADDR_SA_LEN 1
| #define HAVE_SOCKADDR_IN_SIN_LEN 1
| #define HAVE_SOCKADDR_IN6_SIN6_LEN 1
| #define HAVE_IP_IP_SUM 1
| /* end confdefs.h.  */
| 
|                     #include <signal.h>
| 
| int
| main ()
| {
| 
|                     void handler(int signo){
|                      int a=0;
|                     }
| 
|                     int main () {
|                         ssignal(SIGINT, handler);
|                         return 0;
|                     }
| 
|   ;
|   return 0;
| }
configure:5913: result: no
configure:6194: checking for main in -lm
configure:6213: gcc -o conftest -g -O2 -I../libdnet-stripped/include   conftest.c -lm   >&5
configure:6213: $? = 0
configure:6222: result: yes
configure:6245: checking for strerror
configure:6245: gcc -o conftest -g -O2 -I../libdnet-stripped/include   conftest.c -lm  >&5
conftest.c:56:6: warning: incompatible redeclaration of library function 'strerror' [-Wincompatible-library-redeclaration]
char strerror ();
     ^
conftest.c:56:6: note: 'strerror' is a builtin with type 'char *(int)'
1 warning generated.
configure:6245: $? = 0
configure:6245: result: yes
configure:6373: creating ./config.status

## ---------------------- ##
## Running config.status. ##
## ---------------------- ##

This file was extended by config.status, which was
generated by GNU Autoconf 2.69.  Invocation command line was

  CONFIG_FILES    = 
  CONFIG_HEADERS  = 
  CONFIG_LINKS    = 
  CONFIG_COMMANDS = 
  $ ./config.status 

on npawelczyk

config.status:843: creating Makefile
config.status:946: WARNING:  'Makefile.in' seems to ignore the --datarootdir setting
config.status:843: creating nping_config.h

## ---------------- ##
## Cache variables. ##
## ---------------- ##

ac_cv_build=x86_64-apple-darwin13.0.0
ac_cv_c_bigendian=no
ac_cv_c_compiler_gnu=yes
ac_cv_c_inline=inline
ac_cv_cxx_compiler_gnu=yes
ac_cv_env_CCC_set=
ac_cv_env_CCC_value=
ac_cv_env_CC_set=
ac_cv_env_CC_value=
ac_cv_env_CFLAGS_set=
ac_cv_env_CFLAGS_value=
ac_cv_env_CPPFLAGS_set=
ac_cv_env_CPPFLAGS_value=
ac_cv_env_CPP_set=
ac_cv_env_CPP_value=
ac_cv_env_CXXFLAGS_set=
ac_cv_env_CXXFLAGS_value=
ac_cv_env_CXX_set=
ac_cv_env_CXX_value=
ac_cv_env_LDFLAGS_set=
ac_cv_env_LDFLAGS_value=
ac_cv_env_LIBS_set=
ac_cv_env_LIBS_value=
ac_cv_env_build_alias_set=
ac_cv_env_build_alias_value=
ac_cv_env_host_alias_set=
ac_cv_env_host_alias_value=
ac_cv_env_target_alias_set=
ac_cv_env_target_alias_value=
ac_cv_func_EVP_sha256=yes
ac_cv_func_strerror=yes
ac_cv_have_decl_pcap_get_selectable_fd=yes
ac_cv_have_signal=no
ac_cv_header_inttypes_h=yes
ac_cv_header_memory_h=yes
ac_cv_header_net_bpf_h=yes
ac_cv_header_openssl_ssl_h=yes
ac_cv_header_pcap_h=yes
ac_cv_header_pwd_h=yes
ac_cv_header_stdc=yes
ac_cv_header_stdint_h=yes
ac_cv_header_stdlib_h=yes
ac_cv_header_string_h=yes
ac_cv_header_strings_h=yes
ac_cv_header_sys_ioccom_h=yes
ac_cv_header_sys_sockio_h=yes
ac_cv_header_sys_stat_h=yes
ac_cv_header_sys_time_h=yes
ac_cv_header_sys_types_h=yes
ac_cv_header_termios_h=yes
ac_cv_header_unistd_h=yes
ac_cv_host=x86_64-apple-darwin13.0.0
ac_cv_ip_has_ip_sum=yes
ac_cv_lib_crypto_BIO_int_ctrl=yes
ac_cv_lib_m_main=yes
ac_cv_lib_pcap_pcap_datalink=yes
ac_cv_lib_ssl_SSL_new=yes
ac_cv_objext=o
ac_cv_path_EGREP='/usr/bin/grep -E'
ac_cv_path_GREP=/usr/bin/grep
ac_cv_path_ac_pt_STRIP=/usr/bin/strip
ac_cv_path_install='/usr/bin/install -c'
ac_cv_prog_CPP='gcc -E'
ac_cv_prog_ac_ct_CC=gcc
ac_cv_prog_ac_ct_CXX=g++
ac_cv_prog_cc_c89=
ac_cv_prog_cc_g=yes
ac_cv_prog_cxx_g=yes
ac_cv_search_dlopen='none required'
ac_cv_search_gethostbyname='none required'
ac_cv_search_nl_handle_alloc=no
ac_cv_search_setsockopt='none required'
ac_cv_sockaddr_has_sa_len=yes
ac_cv_sockaddr_in6_has_sin6_len=yes
ac_cv_sockaddr_in_has_sin_len=yes

## ----------------- ##
## Output variables. ##
## ----------------- ##

CC='gcc'
CFLAGS='-g -O2'
CPP='gcc -E'
CPPFLAGS='-I../libdnet-stripped/include '
CXX='g++'
CXXFLAGS='-g -O2 -Wall  -fno-strict-aliasing'
DEFS='-DHAVE_CONFIG_H'
DNET_BUILD='dnet_build'
DNET_CLEAN='dnet_clean'
DNET_DEPENDS='../libdnet-stripped/src/.libs/libdnet.a'
DNET_DIST_CLEAN='dnet_dist_clean'
ECHO_C='\c'
ECHO_N=''
ECHO_T=''
EGREP='/usr/bin/grep -E'
EXEEXT=''
GREP='/usr/bin/grep'
INSTALL_DATA='${INSTALL} -m 644'
INSTALL_PROGRAM='${INSTALL}'
INSTALL_SCRIPT='${INSTALL}'
LDFLAGS=''
LIBDNETDIR='../libdnet-stripped'
LIBDNET_LIBS='../libdnet-stripped/src/.libs/libdnet.a'
LIBOBJS=''
LIBPCAP_LIBS='-lpcap'
LIBS='-lm '
LTLIBOBJS=''
OBJEXT='o'
OPENSSL_LIBS='-lssl -lcrypto'
PACKAGE_BUGREPORT=''
PACKAGE_NAME=''
PACKAGE_STRING=''
PACKAGE_TARNAME=''
PACKAGE_URL=''
PACKAGE_VERSION=''
PATH_SEPARATOR=':'
PCAP_BUILD=''
PCAP_CLEAN=''
PCAP_DEPENDS=''
PCAP_DIST_CLEAN=''
SHELL='/bin/sh'
STRIP='/usr/bin/strip'
ac_ct_CC='gcc'
ac_ct_CXX='g++'
bindir='${exec_prefix}/bin'
build='x86_64-apple-darwin13.0.0'
build_alias=''
build_cpu='x86_64'
build_os='darwin13.0.0'
build_vendor='apple'
datadir='${datarootdir}'
datarootdir='${prefix}/share'
docdir='${datarootdir}/doc/${PACKAGE}'
dvidir='${docdir}'
exec_prefix='${prefix}'
host='x86_64-apple-darwin13.0.0'
host_alias=''
host_cpu='x86_64'
host_os='darwin13.0.0'
host_vendor='apple'
htmldir='${docdir}'
includedir='${prefix}/include'
infodir='${datarootdir}/info'
libdir='${exec_prefix}/lib'
libexecdir='${exec_prefix}/libexec'
libpcapdir='../libpcap'
localedir='${datarootdir}/locale'
localstatedir='${prefix}/var'
mandir='${datarootdir}/man'
oldincludedir='/usr/include'
pcredir='libpcre'
pdfdir='${docdir}'
prefix='/usr/local'
program_transform_name='s,x,x,'
psdir='${docdir}'
sbindir='${exec_prefix}/sbin'
sharedstatedir='${prefix}/com'
subdirs=' libdnet-stripped'
sysconfdir='${prefix}/etc'
target_alias=''

## ----------- ##
## confdefs.h. ##
## ----------- ##

/* confdefs.h */
#define PACKAGE_NAME ""
#define PACKAGE_TARNAME ""
#define PACKAGE_VERSION ""
#define PACKAGE_STRING ""
#define PACKAGE_BUGREPORT ""
#define PACKAGE_URL ""
#define STDC_HEADERS 1
#define HAVE_SYS_TYPES_H 1
#define HAVE_SYS_STAT_H 1
#define HAVE_STDLIB_H 1
#define HAVE_STRING_H 1
#define HAVE_MEMORY_H 1
#define HAVE_STRINGS_H 1
#define HAVE_INTTYPES_H 1
#define HAVE_STDINT_H 1
#define HAVE_UNISTD_H 1
#define HAVE_PWD_H 1
#define HAVE_TERMIOS_H 1
#define HAVE_SYS_SOCKIO_H 1
#define HAVE_OPENSSL 1
#define HAVE_SYS_IOCCOM_H 1
#define HAVE_SYS_TIME_H 1
#define HAVE_NET_BPF_H 1
#define HAVE_LIBPCAP 1
#define HAVE_SOCKADDR_SA_LEN 1
#define HAVE_SOCKADDR_IN_SIN_LEN 1
#define HAVE_SOCKADDR_IN6_SIN6_LEN 1
#define HAVE_IP_IP_SUM 1
#define MACOSX 1
#define HAVE_LIBM 1
#define HAVE_STRERROR 1

configure: exit 0
