This file contains any messages produced by compilers while
running configure, to aid debugging if configure makes a mistake.

It was created by configure, which was
generated by GNU Autoconf 2.69.  Invocation command line was

  $ ./configure 

## --------- ##
## Platform. ##
## --------- ##

hostname = npawelczyk
uname -m = x86_64
uname -r = 13.0.0
uname -s = Darwin
uname -v = Darwin Kernel Version 13.0.0: Thu Sep 19 22:22:27 PDT 2013; root:xnu-2422.1.72~6/RELEASE_X86_64

/usr/bin/uname -p = i386
/bin/uname -X     = unknown

/bin/arch              = unknown
/usr/bin/arch -k       = unknown
/usr/convex/getsysinfo = unknown
/usr/bin/hostinfo      = Mach kernel version:
	 Darwin Kernel Version 13.0.0: Thu Sep 19 22:22:27 PDT 2013; root:xnu-2422.1.72~6/RELEASE_X86_64
Kernel configured for up to 4 processors.
2 processors are physically available.
4 processors are logically available.
Processor type: i486 (Intel 80486)
Processors active: 0 1 2 3
Primary memory available: 4.00 gigabytes
Default processor set: 189 tasks, 865 threads, 4 processors
Load average: 2.69, Mach factor: 1.29
/bin/machine           = unknown
/usr/bin/oslevel       = unknown
/bin/universe          = unknown

PATH: /usr/local/lib
PATH: /usr/local/include
PATH: /usr/local/bin
PATH: /usr/bin
PATH: /bin
PATH: /usr/sbin
PATH: /sbin
PATH: /usr/local/bin
PATH: /opt/X11/bin
PATH: /usr/local/git/bin


## ----------- ##
## Core tests. ##
## ----------- ##

configure:2380: checking whether NLS is requested
configure:2389: result: yes
configure:2463: checking build system type
configure:2477: result: x86_64-apple-darwin13.0.0
configure:2497: checking host system type
configure:2510: result: x86_64-apple-darwin13.0.0
configure:2578: checking for gcc
configure:2594: found /usr/bin/gcc
configure:2605: result: gcc
configure:2834: checking for C compiler version
configure:2843: gcc --version >&5
Apple LLVM version 5.0 (clang-500.2.79) (based on LLVM 3.3svn)
Target: x86_64-apple-darwin13.0.0
Thread model: posix
Configured with: --prefix=/Applications/Xcode.app/Contents/Developer/usr --with-gxx-include-dir=/usr/include/c++/4.2.1
configure:2854: $? = 0
configure:2843: gcc -v >&5
Configured with: --prefix=/Applications/Xcode.app/Contents/Developer/usr --with-gxx-include-dir=/usr/include/c++/4.2.1
Apple LLVM version 5.0 (clang-500.2.79) (based on LLVM 3.3svn)
Target: x86_64-apple-darwin13.0.0
Thread model: posix
configure:2854: $? = 0
configure:2843: gcc -V >&5
clang: error: argument to '-V' is missing (expected 1 value)
clang: error: no input files
configure:2854: $? = 1
configure:2843: gcc -qversion >&5
clang: error: no input files
configure:2854: $? = 1
configure:2874: checking whether the C compiler works
configure:2896: gcc    conftest.c  >&5
configure:2900: $? = 0
configure:2948: result: yes
configure:2951: checking for C compiler default output file name
configure:2953: result: a.out
configure:2959: checking for suffix of executables
configure:2966: gcc -o conftest    conftest.c  >&5
configure:2970: $? = 0
configure:2992: result: 
configure:3014: checking whether we are cross compiling
configure:3022: gcc -o conftest    conftest.c  >&5
configure:3026: $? = 0
configure:3033: ./conftest
configure:3037: $? = 0
configure:3052: result: no
configure:3057: checking for suffix of object files
configure:3079: gcc -c   conftest.c >&5
configure:3083: $? = 0
configure:3104: result: o
configure:3108: checking whether we are using the GNU C compiler
configure:3127: gcc -c   conftest.c >&5
configure:3127: $? = 0
configure:3136: result: yes
configure:3145: checking whether gcc accepts -g
configure:3165: gcc -c -g  conftest.c >&5
configure:3165: $? = 0
configure:3206: result: yes
configure:3223: checking for gcc option to accept ISO C89
configure:3286: gcc  -c -g -O2  conftest.c >&5
configure:3286: $? = 0
configure:3299: result: none needed
configure:3320: checking for inline
configure:3336: gcc -c -g -O2  conftest.c >&5
configure:3336: $? = 0
configure:3344: result: inline
configure:3411: checking for gcc
configure:3438: result: gcc
configure:3667: checking for C compiler version
configure:3676: gcc --version >&5
Apple LLVM version 5.0 (clang-500.2.79) (based on LLVM 3.3svn)
Target: x86_64-apple-darwin13.0.0
Thread model: posix
Configured with: --prefix=/Applications/Xcode.app/Contents/Developer/usr --with-gxx-include-dir=/usr/include/c++/4.2.1
configure:3687: $? = 0
configure:3676: gcc -v >&5
Configured with: --prefix=/Applications/Xcode.app/Contents/Developer/usr --with-gxx-include-dir=/usr/include/c++/4.2.1
Apple LLVM version 5.0 (clang-500.2.79) (based on LLVM 3.3svn)
Target: x86_64-apple-darwin13.0.0
Thread model: posix
configure:3687: $? = 0
configure:3676: gcc -V >&5
clang: error: argument to '-V' is missing (expected 1 value)
clang: error: no input files
configure:3687: $? = 1
configure:3676: gcc -qversion >&5
clang: error: no input files
configure:3687: $? = 1
configure:3691: checking whether we are using the GNU C compiler
configure:3719: result: yes
configure:3728: checking whether gcc accepts -g
configure:3789: result: yes
configure:3806: checking for gcc option to accept ISO C89
configure:3882: result: none needed
configure:3960: checking for g++
configure:3976: found /usr/bin/g++
configure:3987: result: g++
configure:4014: checking for C++ compiler version
configure:4023: g++ --version >&5
Apple LLVM version 5.0 (clang-500.2.79) (based on LLVM 3.3svn)
Target: x86_64-apple-darwin13.0.0
Thread model: posix
Configured with: --prefix=/Applications/Xcode.app/Contents/Developer/usr --with-gxx-include-dir=/usr/include/c++/4.2.1
configure:4034: $? = 0
configure:4023: g++ -v >&5
Configured with: --prefix=/Applications/Xcode.app/Contents/Developer/usr --with-gxx-include-dir=/usr/include/c++/4.2.1
Apple LLVM version 5.0 (clang-500.2.79) (based on LLVM 3.3svn)
Target: x86_64-apple-darwin13.0.0
Thread model: posix
configure:4034: $? = 0
configure:4023: g++ -V >&5
clang: error: argument to '-V' is missing (expected 1 value)
clang: error: no input files
configure:4034: $? = 1
configure:4023: g++ -qversion >&5
clang: error: no input files
configure:4034: $? = 1
configure:4038: checking whether we are using the GNU C++ compiler
configure:4057: g++ -c   conftest.cpp >&5
configure:4057: $? = 0
configure:4066: result: yes
configure:4075: checking whether g++ accepts -g
configure:4095: g++ -c -g  conftest.cpp >&5
configure:4095: $? = 0
configure:4136: result: yes
configure:4202: checking for ranlib
configure:4218: found /usr/bin/ranlib
configure:4229: result: ranlib
configure:4265: checking for a BSD-compatible install
configure:4333: result: /usr/bin/install -c
configure:4352: checking for __func__
configure:4367: gcc -c -g -O2  conftest.c >&5
configure:4367: $? = 0
configure:4374: result: yes
configure:4459: checking for strip
configure:4477: found /usr/bin/strip
configure:4489: result: /usr/bin/strip
configure:4798: checking for main in -lm
configure:4817: gcc -o conftest -g -O2   conftest.c -lm   >&5
configure:4817: $? = 0
configure:4826: result: yes
configure:4849: checking how to run the C preprocessor
configure:4880: gcc -E  conftest.c
configure:4880: $? = 0
configure:4894: gcc -E  conftest.c
conftest.c:11:10: fatal error: 'ac_nonexistent.h' file not found
#include <ac_nonexistent.h>
         ^
1 error generated.
configure:4894: $? = 1
configure: failed program was:
| /* confdefs.h */
| #define PACKAGE_NAME ""
| #define PACKAGE_TARNAME ""
| #define PACKAGE_VERSION ""
| #define PACKAGE_STRING ""
| #define PACKAGE_BUGREPORT ""
| #define PACKAGE_URL ""
| #define MACOSX 1
| #define HAVE_LIBM 1
| /* end confdefs.h.  */
| #include <ac_nonexistent.h>
configure:4919: result: gcc -E
configure:4939: gcc -E  conftest.c
configure:4939: $? = 0
configure:4953: gcc -E  conftest.c
conftest.c:11:10: fatal error: 'ac_nonexistent.h' file not found
#include <ac_nonexistent.h>
         ^
1 error generated.
configure:4953: $? = 1
configure: failed program was:
| /* confdefs.h */
| #define PACKAGE_NAME ""
| #define PACKAGE_TARNAME ""
| #define PACKAGE_VERSION ""
| #define PACKAGE_STRING ""
| #define PACKAGE_BUGREPORT ""
| #define PACKAGE_URL ""
| #define MACOSX 1
| #define HAVE_LIBM 1
| /* end confdefs.h.  */
| #include <ac_nonexistent.h>
configure:4982: checking for grep that handles long lines and -e
configure:5040: result: /usr/bin/grep
configure:5045: checking for egrep
configure:5107: result: /usr/bin/grep -E
configure:5112: checking for ANSI C header files
configure:5132: gcc -c -g -O2  conftest.c >&5
configure:5132: $? = 0
configure:5205: gcc -o conftest -g -O2   conftest.c -lm  >&5
configure:5205: $? = 0
configure:5205: ./conftest
configure:5205: $? = 0
configure:5216: result: yes
configure:5229: checking for sys/types.h
configure:5229: gcc -c -g -O2  conftest.c >&5
configure:5229: $? = 0
configure:5229: result: yes
configure:5229: checking for sys/stat.h
configure:5229: gcc -c -g -O2  conftest.c >&5
configure:5229: $? = 0
configure:5229: result: yes
configure:5229: checking for stdlib.h
configure:5229: gcc -c -g -O2  conftest.c >&5
configure:5229: $? = 0
configure:5229: result: yes
configure:5229: checking for string.h
configure:5229: gcc -c -g -O2  conftest.c >&5
configure:5229: $? = 0
configure:5229: result: yes
configure:5229: checking for memory.h
configure:5229: gcc -c -g -O2  conftest.c >&5
configure:5229: $? = 0
configure:5229: result: yes
configure:5229: checking for strings.h
configure:5229: gcc -c -g -O2  conftest.c >&5
configure:5229: $? = 0
configure:5229: result: yes
configure:5229: checking for inttypes.h
configure:5229: gcc -c -g -O2  conftest.c >&5
configure:5229: $? = 0
configure:5229: result: yes
configure:5229: checking for stdint.h
configure:5229: gcc -c -g -O2  conftest.c >&5
configure:5229: $? = 0
configure:5229: result: yes
configure:5229: checking for unistd.h
configure:5229: gcc -c -g -O2  conftest.c >&5
configure:5229: $? = 0
configure:5229: result: yes
configure:5244: checking pwd.h usability
configure:5244: gcc -c -g -O2  conftest.c >&5
configure:5244: $? = 0
configure:5244: result: yes
configure:5244: checking pwd.h presence
configure:5244: gcc -E  conftest.c
configure:5244: $? = 0
configure:5244: result: yes
configure:5244: checking for pwd.h
configure:5244: result: yes
configure:5244: checking termios.h usability
configure:5244: gcc -c -g -O2  conftest.c >&5
configure:5244: $? = 0
configure:5244: result: yes
configure:5244: checking termios.h presence
configure:5244: gcc -E  conftest.c
configure:5244: $? = 0
configure:5244: result: yes
configure:5244: checking for termios.h
configure:5244: result: yes
configure:5244: checking sys/sockio.h usability
configure:5244: gcc -c -g -O2  conftest.c >&5
configure:5244: $? = 0
configure:5244: result: yes
configure:5244: checking sys/sockio.h presence
configure:5244: gcc -E  conftest.c
configure:5244: $? = 0
configure:5244: result: yes
configure:5244: checking for sys/sockio.h
configure:5244: result: yes
configure:5256: checking for linux/rtnetlink.h
configure:5256: gcc -c -g -O2  conftest.c >&5
conftest.c:26:10: fatal error: 'linux/rtnetlink.h' file not found
#include <linux/rtnetlink.h>
         ^
1 error generated.
configure:5256: $? = 1
configure: failed program was:
| /* confdefs.h */
| #define PACKAGE_NAME ""
| #define PACKAGE_TARNAME ""
| #define PACKAGE_VERSION ""
| #define PACKAGE_STRING ""
| #define PACKAGE_BUGREPORT ""
| #define PACKAGE_URL ""
| #define MACOSX 1
| #define HAVE_LIBM 1
| #define STDC_HEADERS 1
| #define HAVE_SYS_TYPES_H 1
| #define HAVE_SYS_STAT_H 1
| #define HAVE_STDLIB_H 1
| #define HAVE_STRING_H 1
| #define HAVE_MEMORY_H 1
| #define HAVE_STRINGS_H 1
| #define HAVE_INTTYPES_H 1
| #define HAVE_STDINT_H 1
| #define HAVE_UNISTD_H 1
| #define HAVE_PWD_H 1
| #define HAVE_TERMIOS_H 1
| #define HAVE_SYS_SOCKIO_H 1
| /* end confdefs.h.  */
| #include <netinet/in.h>
| 
| #include <linux/rtnetlink.h>
configure:5256: result: no
configure:5269: checking sys/socket.h usability
configure:5269: gcc -c -g -O2  conftest.c >&5
configure:5269: $? = 0
configure:5269: result: yes
configure:5269: checking sys/socket.h presence
configure:5269: gcc -E  conftest.c
configure:5269: $? = 0
configure:5269: result: yes
configure:5269: checking for sys/socket.h
configure:5269: result: yes
configure:5281: checking for net/if.h
configure:5281: gcc -c -g -O2  conftest.c >&5
configure:5281: $? = 0
configure:5281: result: yes
configure:5305: checking for library containing setsockopt
configure:5336: gcc -o conftest -g -O2   conftest.c -lm  >&5
configure:5336: $? = 0
configure:5353: result: none required
configure:5361: checking for library containing gethostbyname
configure:5392: gcc -o conftest -g -O2   conftest.c -lm  >&5
configure:5392: $? = 0
configure:5409: result: none required
configure:5419: checking if AF_INET6 IPPROTO_RAW sockets include the packet header
configure:5430: result: no
configure:5482: checking for a Python interpreter with version >= 2.4
configure:5499: python -c import sys # split strings by '.' and convert to numeric. Append some zeros # because we need at least 4 digits for the hex conversion. # map returns an iterator in Python 3.0 and a list in 2.x minver = list(map(int, '2.4'.split('.'))) + [0, 0, 0] minverhex = 0 # xrange is not present in Python 3.0 and range returns an iterator for i in list(range(0, 4)): minverhex = (minverhex << 8) + minver[i] sys.exit(sys.hexversion < minverhex)
configure:5502: $? = 0
configure:5508: result: python
configure:5516: checking for python
configure:5534: found /usr/bin/python
configure:5546: result: /usr/bin/python
configure:5573: checking for python version
configure:5580: result: 2.7
configure:5592: checking for python platform
configure:5599: result: darwin
configure:5606: checking for python script directory
configure:5634: result: ${prefix}/lib/python2.7/site-packages
configure:5643: checking for python extension module directory
configure:5671: result: ${exec_prefix}/lib/python2.7/site-packages
configure:5723: checking whether /usr/bin/python version >= 2.4
configure:5734: /usr/bin/python -c import sys # split strings by '.' and convert to numeric. Append some zeros # because we need at least 4 digits for the hex conversion. # map returns an iterator in Python 3.0 and a list in 2.x minver = list(map(int, '2.4'.split('.'))) + [0, 0, 0] minverhex = 0 # xrange is not present in Python 3.0 and range returns an iterator for i in list(range(0, 4)): minverhex = (minverhex << 8) + minver[i] sys.exit(sys.hexversion < minverhex)
configure:5737: $? = 0
configure:5739: result: yes
configure:5839: checking for /usr/bin/python version
configure:5846: result: 2.7
configure:5858: checking for /usr/bin/python platform
configure:5865: result: darwin
configure:5872: checking for /usr/bin/python script directory
configure:5900: result: ${prefix}/lib/python2.7/site-packages
configure:5909: checking for /usr/bin/python extension module directory
configure:5937: result: ${exec_prefix}/lib/python2.7/site-packages
configure:6031: checking openssl/ssl.h usability
configure:6031: gcc -c -g -O2  conftest.c >&5
configure:6031: $? = 0
configure:6031: result: yes
configure:6031: checking openssl/ssl.h presence
configure:6031: gcc -E  conftest.c
configure:6031: $? = 0
configure:6031: result: yes
configure:6031: checking for openssl/ssl.h
configure:6031: result: yes
configure:6048: checking for BIO_int_ctrl in -lcrypto
configure:6073: gcc -o conftest -g -O2   conftest.c -lcrypto  -lm  >&5
configure:6073: $? = 0
configure:6082: result: yes
configure:6099: checking for SSL_new in -lssl
configure:6124: gcc -o conftest -g -O2   conftest.c -lssl  -lcrypto  -lm  >&5
configure:6124: $? = 0
configure:6133: result: yes
configure:6168: checking pcap.h usability
configure:6168: gcc -c -g -O2  conftest.c >&5
configure:6168: $? = 0
configure:6168: result: yes
configure:6168: checking pcap.h presence
configure:6168: gcc -E  conftest.c
configure:6168: $? = 0
configure:6168: result: yes
configure:6168: checking for pcap.h
configure:6168: result: yes
configure:6171: checking for pcap_datalink in -lpcap
configure:6196: gcc -o conftest -g -O2   conftest.c -lpcap  -lm  >&5
configure:6196: $? = 0
configure:6205: result: yes
configure:6302: checking sys/ioccom.h usability
configure:6302: gcc -c -g -O2  conftest.c >&5
configure:6302: $? = 0
configure:6302: result: yes
configure:6302: checking sys/ioccom.h presence
configure:6302: gcc -E  conftest.c
configure:6302: $? = 0
configure:6302: result: yes
configure:6302: checking for sys/ioccom.h
configure:6302: result: yes
configure:6302: checking sys/time.h usability
configure:6302: gcc -c -g -O2  conftest.c >&5
configure:6302: $? = 0
configure:6302: result: yes
configure:6302: checking sys/time.h presence
configure:6302: gcc -E  conftest.c
configure:6302: $? = 0
configure:6302: result: yes
configure:6302: checking for sys/time.h
configure:6302: result: yes
configure:6302: checking net/bpf.h usability
configure:6302: gcc -c -g -O2  conftest.c >&5
configure:6302: $? = 0
configure:6302: result: yes
configure:6302: checking net/bpf.h presence
configure:6302: gcc -E  conftest.c
configure:6302: $? = 0
configure:6302: result: yes
configure:6302: checking for net/bpf.h
configure:6302: result: yes
configure:6312: checking if libpcap is suitable
configure:6336: gcc -o conftest -g -O2   conftest.c -lm  -lpcap >&5
configure:6336: $? = 0
configure:6336: ./conftest
configure:6336: $? = 0
configure:6374: gcc -o conftest -g -O2   conftest.c -lm  -lpcap >&5
configure:6374: $? = 0
configure:6374: ./conftest
configure:6374: $? = 0
configure:6376: checking whether pcap_get_selectable_fd is declared
configure:6376: gcc -c -g -O2  conftest.c >&5
configure:6376: $? = 0
configure:6376: result: yes
configure:6379: result: yes
configure:6523: checking pcre.h usability
configure:6523: gcc -c -g -O2  conftest.c >&5
conftest.c:64:10: fatal error: 'pcre.h' file not found
#include <pcre.h>
         ^
1 error generated.
configure:6523: $? = 1
configure: failed program was:
| /* confdefs.h */
| #define PACKAGE_NAME ""
| #define PACKAGE_TARNAME ""
| #define PACKAGE_VERSION ""
| #define PACKAGE_STRING ""
| #define PACKAGE_BUGREPORT ""
| #define PACKAGE_URL ""
| #define MACOSX 1
| #define HAVE_LIBM 1
| #define STDC_HEADERS 1
| #define HAVE_SYS_TYPES_H 1
| #define HAVE_SYS_STAT_H 1
| #define HAVE_STDLIB_H 1
| #define HAVE_STRING_H 1
| #define HAVE_MEMORY_H 1
| #define HAVE_STRINGS_H 1
| #define HAVE_INTTYPES_H 1
| #define HAVE_STDINT_H 1
| #define HAVE_UNISTD_H 1
| #define HAVE_PWD_H 1
| #define HAVE_TERMIOS_H 1
| #define HAVE_SYS_SOCKIO_H 1
| #define HAVE_SYS_SOCKET_H 1
| #define HAVE_NET_IF_H 1
| #define HAVE_OPENSSL 1
| #define HAVE_SYS_IOCCOM_H 1
| #define HAVE_SYS_TIME_H 1
| #define HAVE_NET_BPF_H 1
| #define HAVE_LIBPCAP 1
| /* end confdefs.h.  */
| #include <stdio.h>
| #ifdef HAVE_SYS_TYPES_H
| # include <sys/types.h>
| #endif
| #ifdef HAVE_SYS_STAT_H
| # include <sys/stat.h>
| #endif
| #ifdef STDC_HEADERS
| # include <stdlib.h>
| # include <stddef.h>
| #else
| # ifdef HAVE_STDLIB_H
| #  include <stdlib.h>
| # endif
| #endif
| #ifdef HAVE_STRING_H
| # if !defined STDC_HEADERS && defined HAVE_MEMORY_H
| #  include <memory.h>
| # endif
| # include <string.h>
| #endif
| #ifdef HAVE_STRINGS_H
| # include <strings.h>
| #endif
| #ifdef HAVE_INTTYPES_H
| # include <inttypes.h>
| #endif
| #ifdef HAVE_STDINT_H
| # include <stdint.h>
| #endif
| #ifdef HAVE_UNISTD_H
| # include <unistd.h>
| #endif
| #include <pcre.h>
configure:6523: result: no
configure:6523: checking pcre.h presence
configure:6523: gcc -E  conftest.c
conftest.c:31:10: fatal error: 'pcre.h' file not found
#include <pcre.h>
         ^
1 error generated.
configure:6523: $? = 1
configure: failed program was:
| /* confdefs.h */
| #define PACKAGE_NAME ""
| #define PACKAGE_TARNAME ""
| #define PACKAGE_VERSION ""
| #define PACKAGE_STRING ""
| #define PACKAGE_BUGREPORT ""
| #define PACKAGE_URL ""
| #define MACOSX 1
| #define HAVE_LIBM 1
| #define STDC_HEADERS 1
| #define HAVE_SYS_TYPES_H 1
| #define HAVE_SYS_STAT_H 1
| #define HAVE_STDLIB_H 1
| #define HAVE_STRING_H 1
| #define HAVE_MEMORY_H 1
| #define HAVE_STRINGS_H 1
| #define HAVE_INTTYPES_H 1
| #define HAVE_STDINT_H 1
| #define HAVE_UNISTD_H 1
| #define HAVE_PWD_H 1
| #define HAVE_TERMIOS_H 1
| #define HAVE_SYS_SOCKIO_H 1
| #define HAVE_SYS_SOCKET_H 1
| #define HAVE_NET_IF_H 1
| #define HAVE_OPENSSL 1
| #define HAVE_SYS_IOCCOM_H 1
| #define HAVE_SYS_TIME_H 1
| #define HAVE_NET_BPF_H 1
| #define HAVE_LIBPCAP 1
| /* end confdefs.h.  */
| #include <pcre.h>
configure:6523: result: no
configure:6523: checking for pcre.h
configure:6523: result: no
configure:6566: checking pcre/pcre.h usability
configure:6566: gcc -c -g -O2  conftest.c >&5
conftest.c:64:10: fatal error: 'pcre/pcre.h' file not found
#include <pcre/pcre.h>
         ^
1 error generated.
configure:6566: $? = 1
configure: failed program was:
| /* confdefs.h */
| #define PACKAGE_NAME ""
| #define PACKAGE_TARNAME ""
| #define PACKAGE_VERSION ""
| #define PACKAGE_STRING ""
| #define PACKAGE_BUGREPORT ""
| #define PACKAGE_URL ""
| #define MACOSX 1
| #define HAVE_LIBM 1
| #define STDC_HEADERS 1
| #define HAVE_SYS_TYPES_H 1
| #define HAVE_SYS_STAT_H 1
| #define HAVE_STDLIB_H 1
| #define HAVE_STRING_H 1
| #define HAVE_MEMORY_H 1
| #define HAVE_STRINGS_H 1
| #define HAVE_INTTYPES_H 1
| #define HAVE_STDINT_H 1
| #define HAVE_UNISTD_H 1
| #define HAVE_PWD_H 1
| #define HAVE_TERMIOS_H 1
| #define HAVE_SYS_SOCKIO_H 1
| #define HAVE_SYS_SOCKET_H 1
| #define HAVE_NET_IF_H 1
| #define HAVE_OPENSSL 1
| #define HAVE_SYS_IOCCOM_H 1
| #define HAVE_SYS_TIME_H 1
| #define HAVE_NET_BPF_H 1
| #define HAVE_LIBPCAP 1
| /* end confdefs.h.  */
| #include <stdio.h>
| #ifdef HAVE_SYS_TYPES_H
| # include <sys/types.h>
| #endif
| #ifdef HAVE_SYS_STAT_H
| # include <sys/stat.h>
| #endif
| #ifdef STDC_HEADERS
| # include <stdlib.h>
| # include <stddef.h>
| #else
| # ifdef HAVE_STDLIB_H
| #  include <stdlib.h>
| # endif
| #endif
| #ifdef HAVE_STRING_H
| # if !defined STDC_HEADERS && defined HAVE_MEMORY_H
| #  include <memory.h>
| # endif
| # include <string.h>
| #endif
| #ifdef HAVE_STRINGS_H
| # include <strings.h>
| #endif
| #ifdef HAVE_INTTYPES_H
| # include <inttypes.h>
| #endif
| #ifdef HAVE_STDINT_H
| # include <stdint.h>
| #endif
| #ifdef HAVE_UNISTD_H
| # include <unistd.h>
| #endif
| #include <pcre/pcre.h>
configure:6566: result: no
configure:6566: checking pcre/pcre.h presence
configure:6566: gcc -E  conftest.c
conftest.c:31:10: fatal error: 'pcre/pcre.h' file not found
#include <pcre/pcre.h>
         ^
1 error generated.
configure:6566: $? = 1
configure: failed program was:
| /* confdefs.h */
| #define PACKAGE_NAME ""
| #define PACKAGE_TARNAME ""
| #define PACKAGE_VERSION ""
| #define PACKAGE_STRING ""
| #define PACKAGE_BUGREPORT ""
| #define PACKAGE_URL ""
| #define MACOSX 1
| #define HAVE_LIBM 1
| #define STDC_HEADERS 1
| #define HAVE_SYS_TYPES_H 1
| #define HAVE_SYS_STAT_H 1
| #define HAVE_STDLIB_H 1
| #define HAVE_STRING_H 1
| #define HAVE_MEMORY_H 1
| #define HAVE_STRINGS_H 1
| #define HAVE_INTTYPES_H 1
| #define HAVE_STDINT_H 1
| #define HAVE_UNISTD_H 1
| #define HAVE_PWD_H 1
| #define HAVE_TERMIOS_H 1
| #define HAVE_SYS_SOCKIO_H 1
| #define HAVE_SYS_SOCKET_H 1
| #define HAVE_NET_IF_H 1
| #define HAVE_OPENSSL 1
| #define HAVE_SYS_IOCCOM_H 1
| #define HAVE_SYS_TIME_H 1
| #define HAVE_NET_BPF_H 1
| #define HAVE_LIBPCAP 1
| /* end confdefs.h.  */
| #include <pcre/pcre.h>
configure:6566: result: no
configure:6566: checking for pcre/pcre.h
configure:6566: result: no
configure:6749: checking for library containing dlopen
configure:6780: gcc -o conftest -g -O2 -I$(top_srcdir)/libdnet-stripped/include -I$(top_srcdir)/libpcre   conftest.c -lm  >&5
configure:6780: $? = 0
configure:6797: result: none required
configure:6823: checking lua.h usability
configure:6823: gcc -c -g -O2 -I$(top_srcdir)/libdnet-stripped/include -I$(top_srcdir)/libpcre  conftest.c >&5
conftest.c:66:10: fatal error: 'lua.h' file not found
#include <lua.h>
         ^
1 error generated.
configure:6823: $? = 1
configure: failed program was:
| /* confdefs.h */
| #define PACKAGE_NAME ""
| #define PACKAGE_TARNAME ""
| #define PACKAGE_VERSION ""
| #define PACKAGE_STRING ""
| #define PACKAGE_BUGREPORT ""
| #define PACKAGE_URL ""
| #define MACOSX 1
| #define HAVE_LIBM 1
| #define STDC_HEADERS 1
| #define HAVE_SYS_TYPES_H 1
| #define HAVE_SYS_STAT_H 1
| #define HAVE_STDLIB_H 1
| #define HAVE_STRING_H 1
| #define HAVE_MEMORY_H 1
| #define HAVE_STRINGS_H 1
| #define HAVE_INTTYPES_H 1
| #define HAVE_STDINT_H 1
| #define HAVE_UNISTD_H 1
| #define HAVE_PWD_H 1
| #define HAVE_TERMIOS_H 1
| #define HAVE_SYS_SOCKIO_H 1
| #define HAVE_SYS_SOCKET_H 1
| #define HAVE_NET_IF_H 1
| #define HAVE_OPENSSL 1
| #define HAVE_SYS_IOCCOM_H 1
| #define HAVE_SYS_TIME_H 1
| #define HAVE_NET_BPF_H 1
| #define HAVE_LIBPCAP 1
| #define PCRE_INCLUDED 1
| #define DNET_INCLUDED 1
| /* end confdefs.h.  */
| #include <stdio.h>
| #ifdef HAVE_SYS_TYPES_H
| # include <sys/types.h>
| #endif
| #ifdef HAVE_SYS_STAT_H
| # include <sys/stat.h>
| #endif
| #ifdef STDC_HEADERS
| # include <stdlib.h>
| # include <stddef.h>
| #else
| # ifdef HAVE_STDLIB_H
| #  include <stdlib.h>
| # endif
| #endif
| #ifdef HAVE_STRING_H
| # if !defined STDC_HEADERS && defined HAVE_MEMORY_H
| #  include <memory.h>
| # endif
| # include <string.h>
| #endif
| #ifdef HAVE_STRINGS_H
| # include <strings.h>
| #endif
| #ifdef HAVE_INTTYPES_H
| # include <inttypes.h>
| #endif
| #ifdef HAVE_STDINT_H
| # include <stdint.h>
| #endif
| #ifdef HAVE_UNISTD_H
| # include <unistd.h>
| #endif
| #include <lua.h>
configure:6823: result: no
configure:6823: checking lua.h presence
configure:6823: gcc -E -I$(top_srcdir)/libdnet-stripped/include -I$(top_srcdir)/libpcre  conftest.c
conftest.c:33:10: fatal error: 'lua.h' file not found
#include <lua.h>
         ^
1 error generated.
configure:6823: $? = 1
configure: failed program was:
| /* confdefs.h */
| #define PACKAGE_NAME ""
| #define PACKAGE_TARNAME ""
| #define PACKAGE_VERSION ""
| #define PACKAGE_STRING ""
| #define PACKAGE_BUGREPORT ""
| #define PACKAGE_URL ""
| #define MACOSX 1
| #define HAVE_LIBM 1
| #define STDC_HEADERS 1
| #define HAVE_SYS_TYPES_H 1
| #define HAVE_SYS_STAT_H 1
| #define HAVE_STDLIB_H 1
| #define HAVE_STRING_H 1
| #define HAVE_MEMORY_H 1
| #define HAVE_STRINGS_H 1
| #define HAVE_INTTYPES_H 1
| #define HAVE_STDINT_H 1
| #define HAVE_UNISTD_H 1
| #define HAVE_PWD_H 1
| #define HAVE_TERMIOS_H 1
| #define HAVE_SYS_SOCKIO_H 1
| #define HAVE_SYS_SOCKET_H 1
| #define HAVE_NET_IF_H 1
| #define HAVE_OPENSSL 1
| #define HAVE_SYS_IOCCOM_H 1
| #define HAVE_SYS_TIME_H 1
| #define HAVE_NET_BPF_H 1
| #define HAVE_LIBPCAP 1
| #define PCRE_INCLUDED 1
| #define DNET_INCLUDED 1
| /* end confdefs.h.  */
| #include <lua.h>
configure:6823: result: no
configure:6823: checking for lua.h
configure:6823: result: no
configure:6823: checking lua/lua.h usability
configure:6823: gcc -c -g -O2 -I$(top_srcdir)/libdnet-stripped/include -I$(top_srcdir)/libpcre  conftest.c >&5
conftest.c:66:10: fatal error: 'lua/lua.h' file not found
#include <lua/lua.h>
         ^
1 error generated.
configure:6823: $? = 1
configure: failed program was:
| /* confdefs.h */
| #define PACKAGE_NAME ""
| #define PACKAGE_TARNAME ""
| #define PACKAGE_VERSION ""
| #define PACKAGE_STRING ""
| #define PACKAGE_BUGREPORT ""
| #define PACKAGE_URL ""
| #define MACOSX 1
| #define HAVE_LIBM 1
| #define STDC_HEADERS 1
| #define HAVE_SYS_TYPES_H 1
| #define HAVE_SYS_STAT_H 1
| #define HAVE_STDLIB_H 1
| #define HAVE_STRING_H 1
| #define HAVE_MEMORY_H 1
| #define HAVE_STRINGS_H 1
| #define HAVE_INTTYPES_H 1
| #define HAVE_STDINT_H 1
| #define HAVE_UNISTD_H 1
| #define HAVE_PWD_H 1
| #define HAVE_TERMIOS_H 1
| #define HAVE_SYS_SOCKIO_H 1
| #define HAVE_SYS_SOCKET_H 1
| #define HAVE_NET_IF_H 1
| #define HAVE_OPENSSL 1
| #define HAVE_SYS_IOCCOM_H 1
| #define HAVE_SYS_TIME_H 1
| #define HAVE_NET_BPF_H 1
| #define HAVE_LIBPCAP 1
| #define PCRE_INCLUDED 1
| #define DNET_INCLUDED 1
| /* end confdefs.h.  */
| #include <stdio.h>
| #ifdef HAVE_SYS_TYPES_H
| # include <sys/types.h>
| #endif
| #ifdef HAVE_SYS_STAT_H
| # include <sys/stat.h>
| #endif
| #ifdef STDC_HEADERS
| # include <stdlib.h>
| # include <stddef.h>
| #else
| # ifdef HAVE_STDLIB_H
| #  include <stdlib.h>
| # endif
| #endif
| #ifdef HAVE_STRING_H
| # if !defined STDC_HEADERS && defined HAVE_MEMORY_H
| #  include <memory.h>
| # endif
| # include <string.h>
| #endif
| #ifdef HAVE_STRINGS_H
| # include <strings.h>
| #endif
| #ifdef HAVE_INTTYPES_H
| # include <inttypes.h>
| #endif
| #ifdef HAVE_STDINT_H
| # include <stdint.h>
| #endif
| #ifdef HAVE_UNISTD_H
| # include <unistd.h>
| #endif
| #include <lua/lua.h>
configure:6823: result: no
configure:6823: checking lua/lua.h presence
configure:6823: gcc -E -I$(top_srcdir)/libdnet-stripped/include -I$(top_srcdir)/libpcre  conftest.c
conftest.c:33:10: fatal error: 'lua/lua.h' file not found
#include <lua/lua.h>
         ^
1 error generated.
configure:6823: $? = 1
configure: failed program was:
| /* confdefs.h */
| #define PACKAGE_NAME ""
| #define PACKAGE_TARNAME ""
| #define PACKAGE_VERSION ""
| #define PACKAGE_STRING ""
| #define PACKAGE_BUGREPORT ""
| #define PACKAGE_URL ""
| #define MACOSX 1
| #define HAVE_LIBM 1
| #define STDC_HEADERS 1
| #define HAVE_SYS_TYPES_H 1
| #define HAVE_SYS_STAT_H 1
| #define HAVE_STDLIB_H 1
| #define HAVE_STRING_H 1
| #define HAVE_MEMORY_H 1
| #define HAVE_STRINGS_H 1
| #define HAVE_INTTYPES_H 1
| #define HAVE_STDINT_H 1
| #define HAVE_UNISTD_H 1
| #define HAVE_PWD_H 1
| #define HAVE_TERMIOS_H 1
| #define HAVE_SYS_SOCKIO_H 1
| #define HAVE_SYS_SOCKET_H 1
| #define HAVE_NET_IF_H 1
| #define HAVE_OPENSSL 1
| #define HAVE_SYS_IOCCOM_H 1
| #define HAVE_SYS_TIME_H 1
| #define HAVE_NET_BPF_H 1
| #define HAVE_LIBPCAP 1
| #define PCRE_INCLUDED 1
| #define DNET_INCLUDED 1
| /* end confdefs.h.  */
| #include <lua/lua.h>
configure:6823: result: no
configure:6823: checking for lua/lua.h
configure:6823: result: no
configure:6823: checking lua5.2/lua.h usability
configure:6823: gcc -c -g -O2 -I$(top_srcdir)/libdnet-stripped/include -I$(top_srcdir)/libpcre  conftest.c >&5
conftest.c:66:10: fatal error: 'lua5.2/lua.h' file not found
#include <lua5.2/lua.h>
         ^
1 error generated.
configure:6823: $? = 1
configure: failed program was:
| /* confdefs.h */
| #define PACKAGE_NAME ""
| #define PACKAGE_TARNAME ""
| #define PACKAGE_VERSION ""
| #define PACKAGE_STRING ""
| #define PACKAGE_BUGREPORT ""
| #define PACKAGE_URL ""
| #define MACOSX 1
| #define HAVE_LIBM 1
| #define STDC_HEADERS 1
| #define HAVE_SYS_TYPES_H 1
| #define HAVE_SYS_STAT_H 1
| #define HAVE_STDLIB_H 1
| #define HAVE_STRING_H 1
| #define HAVE_MEMORY_H 1
| #define HAVE_STRINGS_H 1
| #define HAVE_INTTYPES_H 1
| #define HAVE_STDINT_H 1
| #define HAVE_UNISTD_H 1
| #define HAVE_PWD_H 1
| #define HAVE_TERMIOS_H 1
| #define HAVE_SYS_SOCKIO_H 1
| #define HAVE_SYS_SOCKET_H 1
| #define HAVE_NET_IF_H 1
| #define HAVE_OPENSSL 1
| #define HAVE_SYS_IOCCOM_H 1
| #define HAVE_SYS_TIME_H 1
| #define HAVE_NET_BPF_H 1
| #define HAVE_LIBPCAP 1
| #define PCRE_INCLUDED 1
| #define DNET_INCLUDED 1
| /* end confdefs.h.  */
| #include <stdio.h>
| #ifdef HAVE_SYS_TYPES_H
| # include <sys/types.h>
| #endif
| #ifdef HAVE_SYS_STAT_H
| # include <sys/stat.h>
| #endif
| #ifdef STDC_HEADERS
| # include <stdlib.h>
| # include <stddef.h>
| #else
| # ifdef HAVE_STDLIB_H
| #  include <stdlib.h>
| # endif
| #endif
| #ifdef HAVE_STRING_H
| # if !defined STDC_HEADERS && defined HAVE_MEMORY_H
| #  include <memory.h>
| # endif
| # include <string.h>
| #endif
| #ifdef HAVE_STRINGS_H
| # include <strings.h>
| #endif
| #ifdef HAVE_INTTYPES_H
| # include <inttypes.h>
| #endif
| #ifdef HAVE_STDINT_H
| # include <stdint.h>
| #endif
| #ifdef HAVE_UNISTD_H
| # include <unistd.h>
| #endif
| #include <lua5.2/lua.h>
configure:6823: result: no
configure:6823: checking lua5.2/lua.h presence
configure:6823: gcc -E -I$(top_srcdir)/libdnet-stripped/include -I$(top_srcdir)/libpcre  conftest.c
conftest.c:33:10: fatal error: 'lua5.2/lua.h' file not found
#include <lua5.2/lua.h>
         ^
1 error generated.
configure:6823: $? = 1
configure: failed program was:
| /* confdefs.h */
| #define PACKAGE_NAME ""
| #define PACKAGE_TARNAME ""
| #define PACKAGE_VERSION ""
| #define PACKAGE_STRING ""
| #define PACKAGE_BUGREPORT ""
| #define PACKAGE_URL ""
| #define MACOSX 1
| #define HAVE_LIBM 1
| #define STDC_HEADERS 1
| #define HAVE_SYS_TYPES_H 1
| #define HAVE_SYS_STAT_H 1
| #define HAVE_STDLIB_H 1
| #define HAVE_STRING_H 1
| #define HAVE_MEMORY_H 1
| #define HAVE_STRINGS_H 1
| #define HAVE_INTTYPES_H 1
| #define HAVE_STDINT_H 1
| #define HAVE_UNISTD_H 1
| #define HAVE_PWD_H 1
| #define HAVE_TERMIOS_H 1
| #define HAVE_SYS_SOCKIO_H 1
| #define HAVE_SYS_SOCKET_H 1
| #define HAVE_NET_IF_H 1
| #define HAVE_OPENSSL 1
| #define HAVE_SYS_IOCCOM_H 1
| #define HAVE_SYS_TIME_H 1
| #define HAVE_NET_BPF_H 1
| #define HAVE_LIBPCAP 1
| #define PCRE_INCLUDED 1
| #define DNET_INCLUDED 1
| /* end confdefs.h.  */
| #include <lua5.2/lua.h>
configure:6823: result: no
configure:6823: checking for lua5.2/lua.h
configure:6823: result: no
configure:6960: checking for lua version >= 502
configure:6978: g++ -o conftest -no-cpp-precomp -g -O2 -Wall -fno-strict-aliasing -I$(top_srcdir)/libdnet-stripped/include -I$(top_srcdir)/libpcre   conftest.cpp -lm  >&5
conftest.cpp:33:11: fatal error: 'lua.h' file not found
 #include <lua.h>
          ^
1 error generated.
configure:6978: $? = 1
configure: program exited with status 1
configure: failed program was:
| /* confdefs.h */
| #define PACKAGE_NAME ""
| #define PACKAGE_TARNAME ""
| #define PACKAGE_VERSION ""
| #define PACKAGE_STRING ""
| #define PACKAGE_BUGREPORT ""
| #define PACKAGE_URL ""
| #define MACOSX 1
| #define HAVE_LIBM 1
| #define STDC_HEADERS 1
| #define HAVE_SYS_TYPES_H 1
| #define HAVE_SYS_STAT_H 1
| #define HAVE_STDLIB_H 1
| #define HAVE_STRING_H 1
| #define HAVE_MEMORY_H 1
| #define HAVE_STRINGS_H 1
| #define HAVE_INTTYPES_H 1
| #define HAVE_STDINT_H 1
| #define HAVE_UNISTD_H 1
| #define HAVE_PWD_H 1
| #define HAVE_TERMIOS_H 1
| #define HAVE_SYS_SOCKIO_H 1
| #define HAVE_SYS_SOCKET_H 1
| #define HAVE_NET_IF_H 1
| #define HAVE_OPENSSL 1
| #define HAVE_SYS_IOCCOM_H 1
| #define HAVE_SYS_TIME_H 1
| #define HAVE_NET_BPF_H 1
| #define HAVE_LIBPCAP 1
| #define PCRE_INCLUDED 1
| #define DNET_INCLUDED 1
| /* end confdefs.h.  */
|  #include <lua.h>
| int
| main ()
| {
| if(LUA_VERSION_NUM < 502) return 1;
|   ;
|   return 0;
| }
configure:7002: result: no
configure:7063: checking linear.h usability
configure:7063: gcc -c -g -O2 -I$(top_srcdir)/liblua -I$(top_srcdir)/libdnet-stripped/include -I$(top_srcdir)/libpcre  conftest.c >&5
conftest.c:67:10: fatal error: 'linear.h' file not found
#include <linear.h>
         ^
1 error generated.
configure:7063: $? = 1
configure: failed program was:
| /* confdefs.h */
| #define PACKAGE_NAME ""
| #define PACKAGE_TARNAME ""
| #define PACKAGE_VERSION ""
| #define PACKAGE_STRING ""
| #define PACKAGE_BUGREPORT ""
| #define PACKAGE_URL ""
| #define MACOSX 1
| #define HAVE_LIBM 1
| #define STDC_HEADERS 1
| #define HAVE_SYS_TYPES_H 1
| #define HAVE_SYS_STAT_H 1
| #define HAVE_STDLIB_H 1
| #define HAVE_STRING_H 1
| #define HAVE_MEMORY_H 1
| #define HAVE_STRINGS_H 1
| #define HAVE_INTTYPES_H 1
| #define HAVE_STDINT_H 1
| #define HAVE_UNISTD_H 1
| #define HAVE_PWD_H 1
| #define HAVE_TERMIOS_H 1
| #define HAVE_SYS_SOCKIO_H 1
| #define HAVE_SYS_SOCKET_H 1
| #define HAVE_NET_IF_H 1
| #define HAVE_OPENSSL 1
| #define HAVE_SYS_IOCCOM_H 1
| #define HAVE_SYS_TIME_H 1
| #define HAVE_NET_BPF_H 1
| #define HAVE_LIBPCAP 1
| #define PCRE_INCLUDED 1
| #define DNET_INCLUDED 1
| #define LUA_INCLUDED 1
| /* end confdefs.h.  */
| #include <stdio.h>
| #ifdef HAVE_SYS_TYPES_H
| # include <sys/types.h>
| #endif
| #ifdef HAVE_SYS_STAT_H
| # include <sys/stat.h>
| #endif
| #ifdef STDC_HEADERS
| # include <stdlib.h>
| # include <stddef.h>
| #else
| # ifdef HAVE_STDLIB_H
| #  include <stdlib.h>
| # endif
| #endif
| #ifdef HAVE_STRING_H
| # if !defined STDC_HEADERS && defined HAVE_MEMORY_H
| #  include <memory.h>
| # endif
| # include <string.h>
| #endif
| #ifdef HAVE_STRINGS_H
| # include <strings.h>
| #endif
| #ifdef HAVE_INTTYPES_H
| # include <inttypes.h>
| #endif
| #ifdef HAVE_STDINT_H
| # include <stdint.h>
| #endif
| #ifdef HAVE_UNISTD_H
| # include <unistd.h>
| #endif
| #include <linear.h>
configure:7063: result: no
configure:7063: checking linear.h presence
configure:7063: gcc -E -I$(top_srcdir)/liblua -I$(top_srcdir)/libdnet-stripped/include -I$(top_srcdir)/libpcre  conftest.c
conftest.c:34:10: fatal error: 'linear.h' file not found
#include <linear.h>
         ^
1 error generated.
configure:7063: $? = 1
configure: failed program was:
| /* confdefs.h */
| #define PACKAGE_NAME ""
| #define PACKAGE_TARNAME ""
| #define PACKAGE_VERSION ""
| #define PACKAGE_STRING ""
| #define PACKAGE_BUGREPORT ""
| #define PACKAGE_URL ""
| #define MACOSX 1
| #define HAVE_LIBM 1
| #define STDC_HEADERS 1
| #define HAVE_SYS_TYPES_H 1
| #define HAVE_SYS_STAT_H 1
| #define HAVE_STDLIB_H 1
| #define HAVE_STRING_H 1
| #define HAVE_MEMORY_H 1
| #define HAVE_STRINGS_H 1
| #define HAVE_INTTYPES_H 1
| #define HAVE_STDINT_H 1
| #define HAVE_UNISTD_H 1
| #define HAVE_PWD_H 1
| #define HAVE_TERMIOS_H 1
| #define HAVE_SYS_SOCKIO_H 1
| #define HAVE_SYS_SOCKET_H 1
| #define HAVE_NET_IF_H 1
| #define HAVE_OPENSSL 1
| #define HAVE_SYS_IOCCOM_H 1
| #define HAVE_SYS_TIME_H 1
| #define HAVE_NET_BPF_H 1
| #define HAVE_LIBPCAP 1
| #define PCRE_INCLUDED 1
| #define DNET_INCLUDED 1
| #define LUA_INCLUDED 1
| /* end confdefs.h.  */
| #include <linear.h>
configure:7063: result: no
configure:7063: checking for linear.h
configure:7063: result: no
configure:7122: result: no
configure:7146: checking whether byte ordering is bigendian
configure:7161: gcc -c -g -O2 -I$(top_srcdir)/liblinear -I$(top_srcdir)/liblua -I$(top_srcdir)/libdnet-stripped/include -I$(top_srcdir)/libpcre  conftest.c >&5
configure:7161: $? = 0
configure:7206: gcc -c -g -O2 -I$(top_srcdir)/liblinear -I$(top_srcdir)/liblua -I$(top_srcdir)/libdnet-stripped/include -I$(top_srcdir)/libpcre  conftest.c >&5
configure:7206: $? = 0
configure:7224: gcc -c -g -O2 -I$(top_srcdir)/liblinear -I$(top_srcdir)/liblua -I$(top_srcdir)/libdnet-stripped/include -I$(top_srcdir)/libpcre  conftest.c >&5
conftest.c:42:4: error: use of undeclared identifier 'not'
                 not big endian
                 ^
1 error generated.
configure:7224: $? = 1
configure: failed program was:
| /* confdefs.h */
| #define PACKAGE_NAME ""
| #define PACKAGE_TARNAME ""
| #define PACKAGE_VERSION ""
| #define PACKAGE_STRING ""
| #define PACKAGE_BUGREPORT ""
| #define PACKAGE_URL ""
| #define MACOSX 1
| #define HAVE_LIBM 1
| #define STDC_HEADERS 1
| #define HAVE_SYS_TYPES_H 1
| #define HAVE_SYS_STAT_H 1
| #define HAVE_STDLIB_H 1
| #define HAVE_STRING_H 1
| #define HAVE_MEMORY_H 1
| #define HAVE_STRINGS_H 1
| #define HAVE_INTTYPES_H 1
| #define HAVE_STDINT_H 1
| #define HAVE_UNISTD_H 1
| #define HAVE_PWD_H 1
| #define HAVE_TERMIOS_H 1
| #define HAVE_SYS_SOCKIO_H 1
| #define HAVE_SYS_SOCKET_H 1
| #define HAVE_NET_IF_H 1
| #define HAVE_OPENSSL 1
| #define HAVE_SYS_IOCCOM_H 1
| #define HAVE_SYS_TIME_H 1
| #define HAVE_NET_BPF_H 1
| #define HAVE_LIBPCAP 1
| #define PCRE_INCLUDED 1
| #define DNET_INCLUDED 1
| #define LUA_INCLUDED 1
| #define LIBLINEAR_INCLUDED 1
| /* end confdefs.h.  */
| #include <sys/types.h>
| 		#include <sys/param.h>
| 
| int
| main ()
| {
| #if BYTE_ORDER != BIG_ENDIAN
| 		 not big endian
| 		#endif
| 
|   ;
|   return 0;
| }
configure:7352: result: no
configure:7371: checking if struct in_addr is a wacky huge structure (some Sun boxes)
configure:7385: gcc -c -g -O2 -I$(top_srcdir)/liblinear -I$(top_srcdir)/liblua -I$(top_srcdir)/libdnet-stripped/include -I$(top_srcdir)/libpcre  conftest.c >&5
conftest.c:39:21: error: no member named '_S_un' in 'struct in_addr'
struct in_addr i; i._S_un._S_addr;
                  ~ ^
1 error generated.
configure:7385: $? = 1
configure: failed program was:
| /* confdefs.h */
| #define PACKAGE_NAME ""
| #define PACKAGE_TARNAME ""
| #define PACKAGE_VERSION ""
| #define PACKAGE_STRING ""
| #define PACKAGE_BUGREPORT ""
| #define PACKAGE_URL ""
| #define MACOSX 1
| #define HAVE_LIBM 1
| #define STDC_HEADERS 1
| #define HAVE_SYS_TYPES_H 1
| #define HAVE_SYS_STAT_H 1
| #define HAVE_STDLIB_H 1
| #define HAVE_STRING_H 1
| #define HAVE_MEMORY_H 1
| #define HAVE_STRINGS_H 1
| #define HAVE_INTTYPES_H 1
| #define HAVE_STDINT_H 1
| #define HAVE_UNISTD_H 1
| #define HAVE_PWD_H 1
| #define HAVE_TERMIOS_H 1
| #define HAVE_SYS_SOCKIO_H 1
| #define HAVE_SYS_SOCKET_H 1
| #define HAVE_NET_IF_H 1
| #define HAVE_OPENSSL 1
| #define HAVE_SYS_IOCCOM_H 1
| #define HAVE_SYS_TIME_H 1
| #define HAVE_NET_BPF_H 1
| #define HAVE_LIBPCAP 1
| #define PCRE_INCLUDED 1
| #define DNET_INCLUDED 1
| #define LUA_INCLUDED 1
| #define LIBLINEAR_INCLUDED 1
| /* end confdefs.h.  */
| #include <netinet/in.h>
| int
| main ()
| {
| struct in_addr i; i._S_un._S_addr;
|   ;
|   return 0;
| }
configure:7405: gcc -c -g -O2 -I$(top_srcdir)/liblinear -I$(top_srcdir)/liblua -I$(top_srcdir)/libdnet-stripped/include -I$(top_srcdir)/libpcre  conftest.c >&5
conftest.c:40:21: error: no member named 'S_un' in 'struct in_addr'
struct in_addr i; i.S_un.S_addr;
                  ~ ^
1 error generated.
configure:7405: $? = 1
configure: failed program was:
| /* confdefs.h */
| #define PACKAGE_NAME ""
| #define PACKAGE_TARNAME ""
| #define PACKAGE_VERSION ""
| #define PACKAGE_STRING ""
| #define PACKAGE_BUGREPORT ""
| #define PACKAGE_URL ""
| #define MACOSX 1
| #define HAVE_LIBM 1
| #define STDC_HEADERS 1
| #define HAVE_SYS_TYPES_H 1
| #define HAVE_SYS_STAT_H 1
| #define HAVE_STDLIB_H 1
| #define HAVE_STRING_H 1
| #define HAVE_MEMORY_H 1
| #define HAVE_STRINGS_H 1
| #define HAVE_INTTYPES_H 1
| #define HAVE_STDINT_H 1
| #define HAVE_UNISTD_H 1
| #define HAVE_PWD_H 1
| #define HAVE_TERMIOS_H 1
| #define HAVE_SYS_SOCKIO_H 1
| #define HAVE_SYS_SOCKET_H 1
| #define HAVE_NET_IF_H 1
| #define HAVE_OPENSSL 1
| #define HAVE_SYS_IOCCOM_H 1
| #define HAVE_SYS_TIME_H 1
| #define HAVE_NET_BPF_H 1
| #define HAVE_LIBPCAP 1
| #define PCRE_INCLUDED 1
| #define DNET_INCLUDED 1
| #define LUA_INCLUDED 1
| #define LIBLINEAR_INCLUDED 1
| /* end confdefs.h.  */
| #include <sys/types.h>
| #include <netinet/in.h>
| int
| main ()
| {
| struct in_addr i; i.S_un.S_addr;
|   ;
|   return 0;
| }
configure:7413: result: no
configure:7420: checking if struct icmp exists
configure:7445: gcc -c -g -O2 -I$(top_srcdir)/liblinear -I$(top_srcdir)/liblua -I$(top_srcdir)/libdnet-stripped/include -I$(top_srcdir)/libpcre  conftest.c >&5
configure:7445: $? = 0
configure:7452: result: yes
configure:7459: checking if struct ip exists
configure:7483: gcc -c -g -O2 -I$(top_srcdir)/liblinear -I$(top_srcdir)/liblua -I$(top_srcdir)/libdnet-stripped/include -I$(top_srcdir)/libpcre  conftest.c >&5
configure:7483: $? = 0
configure:7490: result: yes
configure:7497: checking if struct ip has ip_sum member
configure:7522: gcc -c -g -O2 -I$(top_srcdir)/liblinear -I$(top_srcdir)/liblua -I$(top_srcdir)/libdnet-stripped/include -I$(top_srcdir)/libpcre  conftest.c >&5
configure:7522: $? = 0
configure:7529: result: yes
configure:7538: checking for strerror
configure:7538: gcc -o conftest -g -O2 -I$(top_srcdir)/liblinear -I$(top_srcdir)/liblua -I$(top_srcdir)/libdnet-stripped/include -I$(top_srcdir)/libpcre   conftest.c -lm  >&5
conftest.c:61:6: warning: incompatible redeclaration of library function 'strerror' [-Wincompatible-library-redeclaration]
char strerror ();
     ^
conftest.c:61:6: note: 'strerror' is a builtin with type 'char *(int)'
1 warning generated.
configure:7538: $? = 0
configure:7538: result: yes
configure:7554: checking for type of 6th argument to recvfrom()
configure:7575: g++ -c -no-cpp-precomp -g -O2 -Wall -fno-strict-aliasing -I$(top_srcdir)/liblinear -I$(top_srcdir)/liblua -I$(top_srcdir)/libdnet-stripped/include -I$(top_srcdir)/libpcre  conftest.cpp >&5
configure:7575: $? = 0
configure:7589: result: socklen_t
configure:7730: checking for APR
configure:7809: result: yes
configure:7840: checking svn_client.h usability
configure:7840: gcc -c -g -O2 -I$(top_srcdir)/liblinear -I$(top_srcdir)/liblua -I$(top_srcdir)/libdnet-stripped/include -I$(top_srcdir)/libpcre  -I$(top_srcdir)/nbase -I$(top_srcdir)/nsock/include  -DDARWIN -DSIGPROCMASK_SETS_THREAD_MASK -I/usr/include/apr-1  conftest.c >&5
conftest.c:73:10: fatal error: 'svn_client.h' file not found
#include <svn_client.h>
         ^
1 error generated.
configure:7840: $? = 1
configure: failed program was:
| /* confdefs.h */
| #define PACKAGE_NAME ""
| #define PACKAGE_TARNAME ""
| #define PACKAGE_VERSION ""
| #define PACKAGE_STRING ""
| #define PACKAGE_BUGREPORT ""
| #define PACKAGE_URL ""
| #define MACOSX 1
| #define HAVE_LIBM 1
| #define STDC_HEADERS 1
| #define HAVE_SYS_TYPES_H 1
| #define HAVE_SYS_STAT_H 1
| #define HAVE_STDLIB_H 1
| #define HAVE_STRING_H 1
| #define HAVE_MEMORY_H 1
| #define HAVE_STRINGS_H 1
| #define HAVE_INTTYPES_H 1
| #define HAVE_STDINT_H 1
| #define HAVE_UNISTD_H 1
| #define HAVE_PWD_H 1
| #define HAVE_TERMIOS_H 1
| #define HAVE_SYS_SOCKIO_H 1
| #define HAVE_SYS_SOCKET_H 1
| #define HAVE_NET_IF_H 1
| #define HAVE_OPENSSL 1
| #define HAVE_SYS_IOCCOM_H 1
| #define HAVE_SYS_TIME_H 1
| #define HAVE_NET_BPF_H 1
| #define HAVE_LIBPCAP 1
| #define PCRE_INCLUDED 1
| #define DNET_INCLUDED 1
| #define LUA_INCLUDED 1
| #define LIBLINEAR_INCLUDED 1
| #define HAVE_STRUCT_ICMP 1
| #define HAVE_STRUCT_IP 1
| #define HAVE_IP_IP_SUM 1
| #define HAVE_STRERROR 1
| #define recvfrom6_t socklen_t
| /* end confdefs.h.  */
| #include <stdio.h>
| #ifdef HAVE_SYS_TYPES_H
| # include <sys/types.h>
| #endif
| #ifdef HAVE_SYS_STAT_H
| # include <sys/stat.h>
| #endif
| #ifdef STDC_HEADERS
| # include <stdlib.h>
| # include <stddef.h>
| #else
| # ifdef HAVE_STDLIB_H
| #  include <stdlib.h>
| # endif
| #endif
| #ifdef HAVE_STRING_H
| # if !defined STDC_HEADERS && defined HAVE_MEMORY_H
| #  include <memory.h>
| # endif
| # include <string.h>
| #endif
| #ifdef HAVE_STRINGS_H
| # include <strings.h>
| #endif
| #ifdef HAVE_INTTYPES_H
| # include <inttypes.h>
| #endif
| #ifdef HAVE_STDINT_H
| # include <stdint.h>
| #endif
| #ifdef HAVE_UNISTD_H
| # include <unistd.h>
| #endif
| #include <svn_client.h>
configure:7840: result: no
configure:7840: checking svn_client.h presence
configure:7840: gcc -E -I$(top_srcdir)/liblinear -I$(top_srcdir)/liblua -I$(top_srcdir)/libdnet-stripped/include -I$(top_srcdir)/libpcre  -I$(top_srcdir)/nbase -I$(top_srcdir)/nsock/include  -DDARWIN -DSIGPROCMASK_SETS_THREAD_MASK -I/usr/include/apr-1  conftest.c
conftest.c:40:10: fatal error: 'svn_client.h' file not found
#include <svn_client.h>
         ^
1 error generated.
configure:7840: $? = 1
configure: failed program was:
| /* confdefs.h */
| #define PACKAGE_NAME ""
| #define PACKAGE_TARNAME ""
| #define PACKAGE_VERSION ""
| #define PACKAGE_STRING ""
| #define PACKAGE_BUGREPORT ""
| #define PACKAGE_URL ""
| #define MACOSX 1
| #define HAVE_LIBM 1
| #define STDC_HEADERS 1
| #define HAVE_SYS_TYPES_H 1
| #define HAVE_SYS_STAT_H 1
| #define HAVE_STDLIB_H 1
| #define HAVE_STRING_H 1
| #define HAVE_MEMORY_H 1
| #define HAVE_STRINGS_H 1
| #define HAVE_INTTYPES_H 1
| #define HAVE_STDINT_H 1
| #define HAVE_UNISTD_H 1
| #define HAVE_PWD_H 1
| #define HAVE_TERMIOS_H 1
| #define HAVE_SYS_SOCKIO_H 1
| #define HAVE_SYS_SOCKET_H 1
| #define HAVE_NET_IF_H 1
| #define HAVE_OPENSSL 1
| #define HAVE_SYS_IOCCOM_H 1
| #define HAVE_SYS_TIME_H 1
| #define HAVE_NET_BPF_H 1
| #define HAVE_LIBPCAP 1
| #define PCRE_INCLUDED 1
| #define DNET_INCLUDED 1
| #define LUA_INCLUDED 1
| #define LIBLINEAR_INCLUDED 1
| #define HAVE_STRUCT_ICMP 1
| #define HAVE_STRUCT_IP 1
| #define HAVE_IP_IP_SUM 1
| #define HAVE_STRERROR 1
| #define recvfrom6_t socklen_t
| /* end confdefs.h.  */
| #include <svn_client.h>
configure:7840: result: no
configure:7840: checking for svn_client.h
configure:7840: result: no
configure:7845: checking subversion-1/svn_client.h usability
configure:7845: gcc -c -g -O2 -I$(top_srcdir)/liblinear -I$(top_srcdir)/liblua -I$(top_srcdir)/libdnet-stripped/include -I$(top_srcdir)/libpcre  -I$(top_srcdir)/nbase -I$(top_srcdir)/nsock/include  -DDARWIN -DSIGPROCMASK_SETS_THREAD_MASK -I/usr/include/apr-1  conftest.c >&5
conftest.c:73:10: fatal error: 'subversion-1/svn_client.h' file not found
#include <subversion-1/svn_client.h>
         ^
1 error generated.
configure:7845: $? = 1
configure: failed program was:
| /* confdefs.h */
| #define PACKAGE_NAME ""
| #define PACKAGE_TARNAME ""
| #define PACKAGE_VERSION ""
| #define PACKAGE_STRING ""
| #define PACKAGE_BUGREPORT ""
| #define PACKAGE_URL ""
| #define MACOSX 1
| #define HAVE_LIBM 1
| #define STDC_HEADERS 1
| #define HAVE_SYS_TYPES_H 1
| #define HAVE_SYS_STAT_H 1
| #define HAVE_STDLIB_H 1
| #define HAVE_STRING_H 1
| #define HAVE_MEMORY_H 1
| #define HAVE_STRINGS_H 1
| #define HAVE_INTTYPES_H 1
| #define HAVE_STDINT_H 1
| #define HAVE_UNISTD_H 1
| #define HAVE_PWD_H 1
| #define HAVE_TERMIOS_H 1
| #define HAVE_SYS_SOCKIO_H 1
| #define HAVE_SYS_SOCKET_H 1
| #define HAVE_NET_IF_H 1
| #define HAVE_OPENSSL 1
| #define HAVE_SYS_IOCCOM_H 1
| #define HAVE_SYS_TIME_H 1
| #define HAVE_NET_BPF_H 1
| #define HAVE_LIBPCAP 1
| #define PCRE_INCLUDED 1
| #define DNET_INCLUDED 1
| #define LUA_INCLUDED 1
| #define LIBLINEAR_INCLUDED 1
| #define HAVE_STRUCT_ICMP 1
| #define HAVE_STRUCT_IP 1
| #define HAVE_IP_IP_SUM 1
| #define HAVE_STRERROR 1
| #define recvfrom6_t socklen_t
| /* end confdefs.h.  */
| #include <stdio.h>
| #ifdef HAVE_SYS_TYPES_H
| # include <sys/types.h>
| #endif
| #ifdef HAVE_SYS_STAT_H
| # include <sys/stat.h>
| #endif
| #ifdef STDC_HEADERS
| # include <stdlib.h>
| # include <stddef.h>
| #else
| # ifdef HAVE_STDLIB_H
| #  include <stdlib.h>
| # endif
| #endif
| #ifdef HAVE_STRING_H
| # if !defined STDC_HEADERS && defined HAVE_MEMORY_H
| #  include <memory.h>
| # endif
| # include <string.h>
| #endif
| #ifdef HAVE_STRINGS_H
| # include <strings.h>
| #endif
| #ifdef HAVE_INTTYPES_H
| # include <inttypes.h>
| #endif
| #ifdef HAVE_STDINT_H
| # include <stdint.h>
| #endif
| #ifdef HAVE_UNISTD_H
| # include <unistd.h>
| #endif
| #include <subversion-1/svn_client.h>
configure:7845: result: no
configure:7845: checking subversion-1/svn_client.h presence
configure:7845: gcc -E -I$(top_srcdir)/liblinear -I$(top_srcdir)/liblua -I$(top_srcdir)/libdnet-stripped/include -I$(top_srcdir)/libpcre  -I$(top_srcdir)/nbase -I$(top_srcdir)/nsock/include  -DDARWIN -DSIGPROCMASK_SETS_THREAD_MASK -I/usr/include/apr-1  conftest.c
conftest.c:40:10: fatal error: 'subversion-1/svn_client.h' file not found
#include <subversion-1/svn_client.h>
         ^
1 error generated.
configure:7845: $? = 1
configure: failed program was:
| /* confdefs.h */
| #define PACKAGE_NAME ""
| #define PACKAGE_TARNAME ""
| #define PACKAGE_VERSION ""
| #define PACKAGE_STRING ""
| #define PACKAGE_BUGREPORT ""
| #define PACKAGE_URL ""
| #define MACOSX 1
| #define HAVE_LIBM 1
| #define STDC_HEADERS 1
| #define HAVE_SYS_TYPES_H 1
| #define HAVE_SYS_STAT_H 1
| #define HAVE_STDLIB_H 1
| #define HAVE_STRING_H 1
| #define HAVE_MEMORY_H 1
| #define HAVE_STRINGS_H 1
| #define HAVE_INTTYPES_H 1
| #define HAVE_STDINT_H 1
| #define HAVE_UNISTD_H 1
| #define HAVE_PWD_H 1
| #define HAVE_TERMIOS_H 1
| #define HAVE_SYS_SOCKIO_H 1
| #define HAVE_SYS_SOCKET_H 1
| #define HAVE_NET_IF_H 1
| #define HAVE_OPENSSL 1
| #define HAVE_SYS_IOCCOM_H 1
| #define HAVE_SYS_TIME_H 1
| #define HAVE_NET_BPF_H 1
| #define HAVE_LIBPCAP 1
| #define PCRE_INCLUDED 1
| #define DNET_INCLUDED 1
| #define LUA_INCLUDED 1
| #define LIBLINEAR_INCLUDED 1
| #define HAVE_STRUCT_ICMP 1
| #define HAVE_STRUCT_IP 1
| #define HAVE_IP_IP_SUM 1
| #define HAVE_STRERROR 1
| #define recvfrom6_t socklen_t
| /* end confdefs.h.  */
| #include <subversion-1/svn_client.h>
configure:7845: result: no
configure:7845: checking for subversion-1/svn_client.h
configure:7845: result: no
configure:7910: WARNING: Not building nmap-update because libsvn1 was not found
configure:8064: creating ./config.status

## ---------------------- ##
## Running config.status. ##
## ---------------------- ##

This file was extended by config.status, which was
generated by GNU Autoconf 2.69.  Invocation command line was

  CONFIG_FILES    = 
  CONFIG_HEADERS  = 
  CONFIG_LINKS    = 
  CONFIG_COMMANDS = 
  $ ./config.status 

on npawelczyk

config.status:916: creating Makefile
config.status:1019: WARNING:  'Makefile.in' seems to ignore the --datarootdir setting
config.status:916: creating libnetutil/Makefile
config.status:916: creating nmap_config.h
configure:9295: === configuring in nping (/Users/npawelczyk/Documents/nmapXCODE/nmap/nping)
configure:9358: running /bin/sh ./configure --disable-option-checking '--prefix=/usr/local'  --cache-file=/dev/null --srcdir=.
configure:9295: === configuring in libpcre (/Users/npawelczyk/Documents/nmapXCODE/nmap/libpcre)
configure:9358: running /bin/sh ./configure --disable-option-checking '--prefix=/usr/local'  --cache-file=/dev/null --srcdir=.
configure:9295: === configuring in libdnet-stripped (/Users/npawelczyk/Documents/nmapXCODE/nmap/libdnet-stripped)
configure:9358: running /bin/sh ./configure --disable-option-checking '--prefix=/usr/local'  --cache-file=/dev/null --srcdir=.
configure:9295: === configuring in nbase (/Users/npawelczyk/Documents/nmapXCODE/nmap/nbase)
configure:9358: running /bin/sh ./configure --disable-option-checking '--prefix=/usr/local'  --cache-file=/dev/null --srcdir=.
configure:9295: === configuring in nsock/src (/Users/npawelczyk/Documents/nmapXCODE/nmap/nsock/src)
configure:9358: running /bin/sh ./configure --disable-option-checking '--prefix=/usr/local'  --cache-file=/dev/null --srcdir=.
configure:9295: === configuring in ncat (/Users/npawelczyk/Documents/nmapXCODE/nmap/ncat)
configure:9358: running /bin/sh ./configure --disable-option-checking '--prefix=/usr/local'  --cache-file=/dev/null --srcdir=.

## ---------------- ##
## Cache variables. ##
## ---------------- ##

ac_cv_build=x86_64-apple-darwin13.0.0
ac_cv_c_bigendian=no
ac_cv_c_compiler_gnu=yes
ac_cv_c_inline=inline
ac_cv_cxx_compiler_gnu=yes
ac_cv_env_CCC_set=
ac_cv_env_CCC_value=
ac_cv_env_CC_set=
ac_cv_env_CC_value=
ac_cv_env_CFLAGS_set=
ac_cv_env_CFLAGS_value=
ac_cv_env_CPPFLAGS_set=
ac_cv_env_CPPFLAGS_value=
ac_cv_env_CPP_set=
ac_cv_env_CPP_value=
ac_cv_env_CXXFLAGS_set=
ac_cv_env_CXXFLAGS_value=
ac_cv_env_CXX_set=
ac_cv_env_CXX_value=
ac_cv_env_LDFLAGS_set=
ac_cv_env_LDFLAGS_value=
ac_cv_env_LIBS_set=
ac_cv_env_LIBS_value=
ac_cv_env_PYTHON_set=
ac_cv_env_PYTHON_value=
ac_cv_env_build_alias_set=
ac_cv_env_build_alias_value=
ac_cv_env_host_alias_set=
ac_cv_env_host_alias_value=
ac_cv_env_target_alias_set=
ac_cv_env_target_alias_value=
ac_cv_func_strerror=yes
ac_cv_have_decl_pcap_get_selectable_fd=yes
ac_cv_header_inttypes_h=yes
ac_cv_header_linear_h=no
ac_cv_header_linux_rtnetlink_h=no
ac_cv_header_lua5_2_lua_h=no
ac_cv_header_lua_h=no
ac_cv_header_lua_lua_h=no
ac_cv_header_memory_h=yes
ac_cv_header_net_bpf_h=yes
ac_cv_header_net_if_h=yes
ac_cv_header_openssl_ssl_h=yes
ac_cv_header_pcap_h=yes
ac_cv_header_pcre_h=no
ac_cv_header_pcre_pcre_h=no
ac_cv_header_pwd_h=yes
ac_cv_header_stdc=yes
ac_cv_header_stdint_h=yes
ac_cv_header_stdlib_h=yes
ac_cv_header_string_h=yes
ac_cv_header_strings_h=yes
ac_cv_header_subversion_1_svn_client_h=no
ac_cv_header_svn_client_h=no
ac_cv_header_sys_ioccom_h=yes
ac_cv_header_sys_socket_h=yes
ac_cv_header_sys_sockio_h=yes
ac_cv_header_sys_stat_h=yes
ac_cv_header_sys_time_h=yes
ac_cv_header_sys_types_h=yes
ac_cv_header_termios_h=yes
ac_cv_header_unistd_h=yes
ac_cv_host=x86_64-apple-darwin13.0.0
ac_cv_ip_has_ip_sum=yes
ac_cv_lib_crypto_BIO_int_ctrl=yes
ac_cv_lib_m_main=yes
ac_cv_lib_pcap_pcap_datalink=yes
ac_cv_lib_ssl_SSL_new=yes
ac_cv_objext=o
ac_cv_path_EGREP='/usr/bin/grep -E'
ac_cv_path_GREP=/usr/bin/grep
ac_cv_path_PYTHON=/usr/bin/python
ac_cv_path_ac_pt_STRIP=/usr/bin/strip
ac_cv_path_install='/usr/bin/install -c'
ac_cv_prog_CPP='gcc -E'
ac_cv_prog_ac_ct_CC=gcc
ac_cv_prog_ac_ct_CXX=g++
ac_cv_prog_ac_ct_RANLIB=ranlib
ac_cv_prog_cc_c89=
ac_cv_prog_cc_g=yes
ac_cv_prog_cxx_g=yes
ac_cv_search_dlopen='none required'
ac_cv_search_gethostbyname='none required'
ac_cv_search_setsockopt='none required'
ac_cv_struct_icmp_exists=yes
ac_cv_struct_ip_exists=yes
am_cv_pathless_PYTHON=python
am_cv_python_platform=darwin
am_cv_python_pyexecdir='${exec_prefix}/lib/python2.7/site-packages'
am_cv_python_pythondir='${prefix}/lib/python2.7/site-packages'
am_cv_python_version=2.7

## ----------------- ##
## Output variables. ##
## ----------------- ##

BUILDNDIFF='build-ndiff'
BUILDNPING='build-nping'
BUILDZENMAP='build-zenmap'
CC='gcc'
CFLAGS='-g -O2'
CPP='gcc -E'
CPPFLAGS='-I$(top_srcdir)/liblinear -I$(top_srcdir)/liblua -I$(top_srcdir)/libdnet-stripped/include -I$(top_srcdir)/libpcre  -I$(top_srcdir)/nbase -I$(top_srcdir)/nsock/include'
CXX='g++'
CXXFLAGS='-no-cpp-precomp -g -O2 -Wall -fno-strict-aliasing'
DEFS='-DHAVE_CONFIG_H'
DNET_BUILD='dnet_build'
DNET_CLEAN='dnet_clean'
DNET_DEPENDS='$(top_srcdir)/libdnet-stripped/src/.libs/libdnet.a'
DNET_DIST_CLEAN='dnet_dist_clean'
ECHO_C='\c'
ECHO_N=''
ECHO_T=''
EGREP='/usr/bin/grep -E'
EXEEXT=''
GREP='/usr/bin/grep'
INSTALLNDIFF='install-ndiff'
INSTALLNPING='install-nping'
INSTALLNSE='install-nse'
INSTALLZENMAP='install-zenmap'
INSTALL_DATA='${INSTALL} -m 644'
INSTALL_PROGRAM='${INSTALL}'
INSTALL_SCRIPT='${INSTALL}'
LDFLAGS=' -Lnbase -Lnsock/src/'
LIBDNETDIR='libdnet-stripped'
LIBDNET_LIBS='$(top_srcdir)/libdnet-stripped/src/.libs/libdnet.a'
LIBLINEARDIR='liblinear'
LIBLINEAR_BUILD='liblinear_build'
LIBLINEAR_CLEAN='liblinear_clean'
LIBLINEAR_DEPENDS='$(top_srcdir)/liblinear/liblinear.a'
LIBLINEAR_DIST_CLEAN='liblinear_dist_clean'
LIBLINEAR_LIBS='$(top_srcdir)/liblinear/liblinear.a'
LIBLUADIR='liblua'
LIBLUA_LIBS='$(top_srcdir)/liblua/liblua.a'
LIBNBASE_LIBS='-lnbase'
LIBNSOCK_LIBS='-lnsock'
LIBOBJS=''
LIBPCAP_LIBS='-lpcap'
LIBPCREDIR='libpcre'
LIBPCRE_LIBS='libpcre/libpcre.a'
LIBS='-lm '
LTLIBOBJS=''
LUA_BUILD='lua_build'
LUA_CFLAGS='-DLUA_USE_MACOSX'
LUA_CLEAN='lua_clean'
LUA_DEPENDS='$(top_srcdir)/liblua/liblua.a'
LUA_DIST_CLEAN='lua_dist_clean'
NBASEDIR='nbase'
NBASE_BUILD='nbase_build'
NCATDIR='ncat'
NCAT_BUILD='ncat_build'
NCAT_CLEAN='ncat_clean'
NCAT_DIST_CLEAN='ncat_dist_clean'
NCAT_INSTALL='install-ncat'
NCAT_UNINSTALL='uninstall-ncat'
NDIFFDIR='ndiff'
NDIFF_CLEAN='ndiff_clean'
NDIFF_DIST_CLEAN='ndiff_dist_clean'
NMAP_UPDATE_BUILD=''
NMAP_UPDATE_CLEAN=''
NMAP_UPDATE_DIST_CLEAN=''
NMAP_UPDATE_INSTALL=''
NMAP_UPDATE_UNINSTALL=''
NPINGDIR='nping'
NPING_CLEAN='nping_clean'
NPING_DIST_CLEAN='nping_dist_clean'
NSOCKDIR='nsock'
NSOCK_BUILD='nsock_build'
OBJEXT='o'
OPENSSL_LIBS='-lssl -lcrypto'
PACKAGE_BUGREPORT=''
PACKAGE_NAME=''
PACKAGE_STRING=''
PACKAGE_TARNAME=''
PACKAGE_URL=''
PACKAGE_VERSION=''
PATH_SEPARATOR=':'
PCAP_BUILD=''
PCAP_CLEAN=''
PCAP_DEPENDS=''
PCAP_DIST_CLEAN=''
PCRE_BUILD='pcre_build'
PCRE_CLEAN='pcre_clean'
PCRE_DEPENDS='libpcre/libpcre.a'
PCRE_DIST_CLEAN='pcre_dist_clean'
PYTHON='/usr/bin/python'
PYTHON_EXEC_PREFIX='${exec_prefix}'
PYTHON_PLATFORM='darwin'
PYTHON_PREFIX='${prefix}'
PYTHON_VERSION='2.7'
RANLIB='ranlib'
SHELL='/bin/sh'
STRIP='/usr/bin/strip'
UNINSTALLNPING='uninstall-nping'
UNINSTALLZENMAP='uninstall-zenmap'
USE_NLS='yes'
ZENMAPDIR='zenmap'
ZENMAP_CLEAN='zenmap_clean'
ZENMAP_DIST_CLEAN='zenmap_dist_clean'
ac_ct_CC='gcc'
ac_ct_CXX='g++'
bindir='${exec_prefix}/bin'
build='x86_64-apple-darwin13.0.0'
build_alias=''
build_cpu='x86_64'
build_os='darwin13.0.0'
build_vendor='apple'
datadir='${datarootdir}'
datarootdir='${prefix}/share'
docdir='${datarootdir}/doc/${PACKAGE}'
dvidir='${docdir}'
exec_prefix='${prefix}'
host='x86_64-apple-darwin13.0.0'
host_alias=''
host_cpu='x86_64'
host_os='darwin13.0.0'
host_vendor='apple'
htmldir='${docdir}'
includedir='${prefix}/include'
infodir='${datarootdir}/info'
libdir='${exec_prefix}/lib'
libexecdir='${exec_prefix}/libexec'
libpcapdir='libpcap'
localedir='${datarootdir}/locale'
localstatedir='${prefix}/var'
mandir='${datarootdir}/man'
oldincludedir='/usr/include'
pcredir='libpcre'
pdfdir='${docdir}'
pkgpyexecdir='${pyexecdir}/'
pkgpythondir='${pythondir}/'
prefix='/usr/local'
program_transform_name='s,x,x,'
psdir='${docdir}'
pyexecdir='${exec_prefix}/lib/python2.7/site-packages'
pythondir='${prefix}/lib/python2.7/site-packages'
sbindir='${exec_prefix}/sbin'
sharedstatedir='${prefix}/com'
subdirs=' nping libpcre libdnet-stripped nbase nsock/src ncat'
sysconfdir='${prefix}/etc'
target_alias=''

## ----------- ##
## confdefs.h. ##
## ----------- ##

/* confdefs.h */
#define PACKAGE_NAME ""
#define PACKAGE_TARNAME ""
#define PACKAGE_VERSION ""
#define PACKAGE_STRING ""
#define PACKAGE_BUGREPORT ""
#define PACKAGE_URL ""
#define MACOSX 1
#define HAVE_LIBM 1
#define STDC_HEADERS 1
#define HAVE_SYS_TYPES_H 1
#define HAVE_SYS_STAT_H 1
#define HAVE_STDLIB_H 1
#define HAVE_STRING_H 1
#define HAVE_MEMORY_H 1
#define HAVE_STRINGS_H 1
#define HAVE_INTTYPES_H 1
#define HAVE_STDINT_H 1
#define HAVE_UNISTD_H 1
#define HAVE_PWD_H 1
#define HAVE_TERMIOS_H 1
#define HAVE_SYS_SOCKIO_H 1
#define HAVE_SYS_SOCKET_H 1
#define HAVE_NET_IF_H 1
#define HAVE_OPENSSL 1
#define HAVE_SYS_IOCCOM_H 1
#define HAVE_SYS_TIME_H 1
#define HAVE_NET_BPF_H 1
#define HAVE_LIBPCAP 1
#define PCRE_INCLUDED 1
#define DNET_INCLUDED 1
#define LUA_INCLUDED 1
#define LIBLINEAR_INCLUDED 1
#define HAVE_STRUCT_ICMP 1
#define HAVE_STRUCT_IP 1
#define HAVE_IP_IP_SUM 1
#define HAVE_STRERROR 1
#define recvfrom6_t socklen_t

configure: exit 0
